c:\users\lucas\desktop\mundo aberto - game dev\thunderplayer\thunderplayer\thunderplayer\upbge-0.2.5b\build_player\source\blender\editors\space_sequencer\bf_editor_space_sequencer.dir\release\sequencer_modifier.obj
c:\users\lucas\desktop\mundo aberto - game dev\thunderplayer\thunderplayer\thunderplayer\upbge-0.2.5b\build_player\source\blender\editors\space_sequencer\bf_editor_space_sequencer.dir\release\sequencer_view.obj
c:\users\lucas\desktop\mundo aberto - game dev\thunderplayer\thunderplayer\thunderplayer\upbge-0.2.5b\build_player\source\blender\editors\space_sequencer\bf_editor_space_sequencer.dir\release\sequencer_scopes.obj
c:\users\lucas\desktop\mundo aberto - game dev\thunderplayer\thunderplayer\thunderplayer\upbge-0.2.5b\build_player\source\blender\editors\space_sequencer\bf_editor_space_sequencer.dir\release\sequencer_add.obj
c:\users\lucas\desktop\mundo aberto - game dev\thunderplayer\thunderplayer\thunderplayer\upbge-0.2.5b\build_player\source\blender\editors\space_sequencer\bf_editor_space_sequencer.dir\release\sequencer_edit.obj
c:\users\lucas\desktop\mundo aberto - game dev\thunderplayer\thunderplayer\thunderplayer\upbge-0.2.5b\build_player\source\blender\editors\space_sequencer\bf_editor_space_sequencer.dir\release\space_sequencer.obj
c:\users\lucas\desktop\mundo aberto - game dev\thunderplayer\thunderplayer\thunderplayer\upbge-0.2.5b\build_player\source\blender\editors\space_sequencer\bf_editor_space_sequencer.dir\release\sequencer_draw.obj
c:\users\lucas\desktop\mundo aberto - game dev\thunderplayer\thunderplayer\thunderplayer\upbge-0.2.5b\build_player\source\blender\editors\space_sequencer\bf_editor_space_sequencer.dir\release\sequencer_preview.obj
c:\users\lucas\desktop\mundo aberto - game dev\thunderplayer\thunderplayer\thunderplayer\upbge-0.2.5b\build_player\source\blender\editors\space_sequencer\bf_editor_space_sequencer.dir\release\sequencer_buttons.obj
c:\users\lucas\desktop\mundo aberto - game dev\thunderplayer\thunderplayer\thunderplayer\upbge-0.2.5b\build_player\source\blender\editors\space_sequencer\bf_editor_space_sequencer.dir\release\sequencer_select.obj
c:\users\lucas\desktop\mundo aberto - game dev\thunderplayer\thunderplayer\thunderplayer\upbge-0.2.5b\build_player\source\blender\editors\space_sequencer\bf_editor_space_sequencer.dir\release\sequencer_ops.obj
c:\users\lucas\desktop\mundo aberto - game dev\thunderplayer\thunderplayer\thunderplayer\upbge-0.2.5b\build_player\source\blender\editors\space_sequencer\cmakefiles\generate.stamp
c:\users\lucas\desktop\mundo aberto - game dev\thunderplayer\thunderplayer\thunderplayer\upbge-0.2.5b\build_player\lib\release\bf_editor_space_sequencer.lib
c:\users\lucas\desktop\mundo aberto - game dev\thunderplayer\thunderplayer\thunderplayer\upbge-0.2.5b\build_player\source\blender\editors\space_sequencer\bf_editor_space_sequencer.dir\release\bf_edito.5736fe4d.tlog\cl.12728.write.1.tlog
c:\users\lucas\desktop\mundo aberto - game dev\thunderplayer\thunderplayer\thunderplayer\upbge-0.2.5b\build_player\source\blender\editors\space_sequencer\bf_editor_space_sequencer.dir\release\bf_edito.5736fe4d.tlog\cl.command.1.tlog
c:\users\lucas\desktop\mundo aberto - game dev\thunderplayer\thunderplayer\thunderplayer\upbge-0.2.5b\build_player\source\blender\editors\space_sequencer\bf_editor_space_sequencer.dir\release\bf_edito.5736fe4d.tlog\cl.read.1.tlog
c:\users\lucas\desktop\mundo aberto - game dev\thunderplayer\thunderplayer\thunderplayer\upbge-0.2.5b\build_player\source\blender\editors\space_sequencer\bf_editor_space_sequencer.dir\release\bf_edito.5736fe4d.tlog\custombuild.command.1.tlog
c:\users\lucas\desktop\mundo aberto - game dev\thunderplayer\thunderplayer\thunderplayer\upbge-0.2.5b\build_player\source\blender\editors\space_sequencer\bf_editor_space_sequencer.dir\release\bf_edito.5736fe4d.tlog\custombuild.read.1.tlog
c:\users\lucas\desktop\mundo aberto - game dev\thunderplayer\thunderplayer\thunderplayer\upbge-0.2.5b\build_player\source\blender\editors\space_sequencer\bf_editor_space_sequencer.dir\release\bf_edito.5736fe4d.tlog\custombuild.write.1.tlog
c:\users\lucas\desktop\mundo aberto - game dev\thunderplayer\thunderplayer\thunderplayer\upbge-0.2.5b\build_player\source\blender\editors\space_sequencer\bf_editor_space_sequencer.dir\release\bf_edito.5736fe4d.tlog\lib-link.read.1.tlog
c:\users\lucas\desktop\mundo aberto - game dev\thunderplayer\thunderplayer\thunderplayer\upbge-0.2.5b\build_player\source\blender\editors\space_sequencer\bf_editor_space_sequencer.dir\release\bf_edito.5736fe4d.tlog\lib-link.write.1.tlog
c:\users\lucas\desktop\mundo aberto - game dev\thunderplayer\thunderplayer\thunderplayer\upbge-0.2.5b\build_player\source\blender\editors\space_sequencer\bf_editor_space_sequencer.dir\release\bf_edito.5736fe4d.tlog\lib.command.1.tlog
