  Building Custom Rule C:/Users/lucas/Desktop/Mundo Aberto - Game Dev/ThunderPLayer/ThunderPLayer/ThunderPLayer/upbge-0.2.5b/source/blender/nodes/CMakeLists.txt
  node_composite_alphaOver.c
  node_composite_bilateralblur.c
  node_composite_blur.c
  node_composite_bokehblur.c
  node_composite_bokehimage.c
  node_composite_boxmask.c
  node_composite_brightness.c
  node_composite_channelMatte.c
  node_composite_chromaMatte.c
  node_composite_colorMatte.c
  node_composite_colorSpill.c
  node_composite_colorbalance.c
  node_composite_colorcorrection.c
  node_composite_common.c
  node_composite_composite.c
  node_composite_cornerpin.c
  node_composite_crop.c
  node_composite_cryptomatte.c
  node_composite_curves.c
  node_composite_defocus.c
  node_composite_despeckle.c
  node_composite_diffMatte.c
  node_composite_dilate.c
  node_composite_directionalblur.c
  node_composite_displace.c
  node_composite_distanceMatte.c
  node_composite_doubleEdgeMask.c
  node_composite_ellipsemask.c
  node_composite_filter.c
  node_composite_flip.c
  node_composite_gamma.c
  node_composite_glare.c
  node_composite_hueSatVal.c
  node_composite_huecorrect.c
  node_composite_idMask.c
  node_composite_image.c
  node_composite_inpaint.c
  node_composite_invert.c
  node_composite_keying.c
  node_composite_keyingscreen.c
  node_composite_lensdist.c
  node_composite_levels.c
  node_composite_lummaMatte.c
  node_composite_mapRange.c
  node_composite_mapUV.c
  node_composite_mapValue.c
  node_composite_mask.c
  node_composite_math.c
  node_composite_mixrgb.c
  node_composite_movieclip.c
  node_composite_moviedistortion.c
  node_composite_normal.c
  node_composite_normalize.c
  node_composite_outputFile.c
  node_composite_pixelate.c
  node_composite_planetrackdeform.c
  node_composite_premulkey.c
  node_composite_rgb.c
  node_composite_rotate.c
  node_composite_scale.c
  node_composite_sepcombHSVA.c
  node_composite_sepcombRGBA.c
  node_composite_sepcombYCCA.c
  node_composite_sepcombYUVA.c
  node_composite_setalpha.c
  node_composite_splitViewer.c
  node_composite_stabilize2d.c
  node_composite_sunbeams.c
  node_composite_switch.c
  node_composite_switchview.c
  node_composite_texture.c
  node_composite_tonemap.c
  node_composite_trackpos.c
  node_composite_transform.c
  node_composite_translate.c
  node_composite_valToRgb.c
  node_composite_value.c
  node_composite_vecBlur.c
  node_composite_viewer.c
  node_composite_zcombine.c
  node_composite_tree.c
  node_composite_util.c
  node_shader_add_shader.c
  node_shader_ambient_occlusion.c
  node_shader_attribute.c
  node_shader_background.c
  node_shader_bevel.c
  node_shader_blackbody.c
  node_shader_brightness.c
  node_shader_bsdf_anisotropic.c
  node_shader_bsdf_diffuse.c
  node_shader_bsdf_glass.c
  node_shader_bsdf_glossy.c
  node_shader_bsdf_hair.c
  node_shader_bsdf_hair_principled.c
  node_shader_bsdf_principled.c
  node_shader_bsdf_refraction.c
  node_shader_bsdf_toon.c
  node_shader_bsdf_translucent.c
  node_shader_bsdf_transparent.c
  node_shader_bsdf_velvet.c
  node_shader_bump.c
  node_shader_camera.c
  node_shader_common.c
  node_shader_curves.c
  node_shader_displacement.c
  node_shader_emission.c
  node_shader_fresnel.c
  node_shader_gamma.c
  node_shader_geom.c
  node_shader_geometry.c
  node_shader_hair_info.c
  node_shader_holdout.c
  node_shader_hueSatVal.c
  node_shader_ies_light.c
  node_shader_invert.c
  node_shader_lamp.c
  node_shader_layer_weight.c
  node_shader_light_falloff.c
  node_shader_light_path.c
  node_shader_mapping.c
  node_shader_material.c
  node_shader_math.c
  node_shader_mixRgb.c
  node_shader_mix_shader.c
  node_shader_normal.c
  node_shader_normal_map.c
  node_shader_object.c
  node_shader_object_info.c
  node_shader_output.c
  node_shader_output_attachment.c
  node_shader_output_lamp.c
  node_shader_output_linestyle.c
  node_shader_output_material.c
  node_shader_output_world.c
  node_shader_parallax.c
  node_shader_particle_info.c
  node_shader_rgb.c
  node_shader_script.c
  node_shader_sepcombHSV.c
  node_shader_sepcombRGB.c
  node_shader_sepcombXYZ.c
  node_shader_squeeze.c
  node_shader_subsurface_scattering.c
  node_shader_tangent.c
  node_shader_tex_brick.c
  node_shader_tex_checker.c
  node_shader_tex_coord.c
  node_shader_tex_environment.c
  node_shader_tex_gradient.c
  node_shader_tex_image.c
  node_shader_tex_magic.c
  node_shader_tex_musgrave.c
  node_shader_tex_noise.c
  node_shader_tex_pointdensity.c
  node_shader_tex_sky.c
  node_shader_tex_voronoi.c
  node_shader_tex_wave.c
  node_shader_texture.c
  node_shader_time.c
  node_shader_uvAlongStroke.c
  node_shader_uvmap.c
  node_shader_valToRgb.c
  node_shader_value.c
  node_shader_vectMath.c
  node_shader_vectTransform.c
  node_shader_vector_displacement.c
  node_shader_volume_absorption.c
  node_shader_volume_principled.c
  node_shader_volume_scatter.c
  node_shader_wavelength.c
  node_shader_wireframe.c
  node_shader_tree.c
  node_shader_util.c
  node_texture_at.c
  node_texture_bricks.c
  node_texture_checker.c
  node_texture_common.c
  node_texture_compose.c
  node_texture_coord.c
  node_texture_curves.c
  node_texture_decompose.c
  node_texture_distance.c
  node_texture_hueSatVal.c
  node_texture_image.c
  node_texture_invert.c
  node_texture_math.c
  node_texture_mixRgb.c
  node_texture_output.c
  node_texture_proc.c
  node_texture_rotate.c
  node_texture_scale.c
  node_texture_texture.c
  node_texture_translate.c
  node_texture_valToNor.c
  node_texture_valToRgb.c
  node_texture_viewer.c
  node_texture_tree.c
  node_texture_util.c
  node_common.c
  node_exec.c
  node_socket.c
  node_util.c
  bf_nodes.vcxproj -> C:\Users\lucas\Desktop\Mundo Aberto - Game Dev\ThunderPLayer\ThunderPLayer\ThunderPLayer\upbge-0.2.5b\build_player\lib\Release\bf_nodes.lib
