  Building Custom Rule C:/Users/lucas/Desktop/Mundo Aberto - Game Dev/ThunderPLayer/ThunderPLayer/ThunderPLayer/upbge-0.2.5b/source/blender/render/CMakeLists.txt
  rayobject.cpp
  rayobject_empty.cpp
  rayobject_instance.cpp
  rayobject_octree.cpp
  rayobject_qbvh.cpp
  rayobject_raycounter.cpp
  rayobject_rtbuild.cpp
  rayobject_svbvh.cpp
  rayobject_vbvh.cpp
  bake.c
  bake_api.c
  convertblender.c
  envmap.c
  external_engine.c
  imagetexture.c
  initrender.c
  multires_bake.c
  occlusion.c
  pipeline.c
  pixelblending.c
  pixelshading.c
  pointdensity.c
  rayshade.c
  render_result.c
  render_texture.c
  rendercore.c
  renderdatabase.c
  shadbuf.c
  shadeinput.c
  shadeoutput.c
  sss.c
  strand.c
  sunsky.c
  texture_ocean.c
  volume_precache.c
  volumetric.c
  voxeldata.c
  zbuf.c
  bf_render.vcxproj -> C:\Users\lucas\Desktop\Mundo Aberto - Game Dev\ThunderPLayer\ThunderPLayer\ThunderPLayer\upbge-0.2.5b\build_player\lib\Release\bf_render.lib
