  Building Custom Rule C:/Users/lucas/Desktop/Mundo Aberto - Game Dev/ThunderPLayer/ThunderPLayer/ThunderPLayer/upbge-0.2.5b/source/blender/blenkernel/CMakeLists.txt
  CCGSubSurf.c
  CCGSubSurf_legacy.c
  CCGSubSurf_opensubdiv.c
  CCGSubSurf_opensubdiv_converter.c
  CCGSubSurf_util.c
  DerivedMesh.c
  action.c
  addon.c
  anim.c
  anim_sys.c
  appdir.c
  armature.c
  armature_update.c
  autoexec.c
  blender.c
  blender_copybuffer.c
  blender_undo.c
  blendfile.c
  bmfont.c
  boids.c
  bpath.c
  brush.c
  bullet.c
  bvhutils.c
  cachefile.c
  camera.c
  cdderivedmesh.c
  cloth.c
  collision.c
  colorband.c
  colortools.c
  constraint.c
  context.c
  crazyspace.c
  curve.c
  curve_decimate.c
  customdata.c
  customdata_file.c
  data_transfer.c
  deform.c
  depsgraph.c
  displist.c
  dynamicpaint.c
  editderivedmesh.c
  editlattice.c
  editmesh.c
  editmesh_bvh.c
  effect.c
  fcurve.c
  fluidsim.c
  fmodifier.c
  font.c
  freestyle.c
  gpencil.c
  group.c
  icons.c
  idcode.c
  idprop.c
  idprop_utils.c
  image.c
  image_gen.c
  ipo.c
  key.c
  lamp.c
  lattice.c
  library.c
  library_idmap.c
  library_query.c
  library_remap.c
  linestyle.c
  mask.c
  mask_evaluate.c
  mask_rasterize.c
  material.c
  mball.c
  mball_tessellate.c
  mesh.c
  mesh_convert.c
  mesh_evaluate.c
  mesh_mapping.c
  mesh_remap.c
  mesh_validate.c
  modifier.c
  modifiers_bmesh.c
  movieclip.c
  multires.c
  nla.c
  node.c
  object.c
  object_deform.c
  object_dupli.c
  object_update.c
  ocean.c
  outliner_treehash.c
  packedFile.c
  paint.c
  particle.c
  particle_child.c
  particle_distribute.c
  particle_system.c
  pbvh.c
  pbvh_bmesh.c
  pointcache.c
  property.c
  python_component.c
  report.c
  rigidbody.c
  sca.c
  scene.c
  screen.c
  seqcache.c
C:\Users\lucas\Desktop\Mundo Aberto - Game Dev\ThunderPLayer\ThunderPLayer\ThunderPLayer\lib\win64_vc14\python\include\Python3.7\pytime.h(123,67): warning C4115: 'timeval': definição de tipo nomeado entre parênteses (compilando arquivo de origem C:\Users\lucas\Desktop\Mundo Aberto - Game Dev\ThunderPLayer\ThunderPLayer\ThunderPLayer\upbge-0.2.5b\source\blender\blenkernel\intern\python_component.c)
  seqeffects.c
  seqmodifier.c
  sequencer.c
  shrinkwrap.c
  sketch.c
  smoke.c
  softbody.c
  sound.c
  speaker.c
  subsurf_ccg.c
  suggestions.c
  text.c
  texture.c
  tracking.c
  tracking_auto.c
  tracking_detect.c
  tracking_plane_tracker.c
  tracking_region_tracker.c
  tracking_solver.c
  tracking_stabilize.c
  tracking_util.c
  undo_system.c
  unit.c
  world.c
  writeavi.c
  writeframeserver.c
  writeffmpeg.c
  navmesh_conversion.c
  bf_blenkernel.vcxproj -> C:\Users\lucas\Desktop\Mundo Aberto - Game Dev\ThunderPLayer\ThunderPLayer\ThunderPLayer\upbge-0.2.5b\build_player\lib\Release\bf_blenkernel.lib
