c:\users\lucas\desktop\mundo aberto - game dev\thunderplayer\thunderplayer\thunderplayer\upbge-0.2.5b\build_player\source\blender\blenkernel\bf_blenkernel.dir\release\blendfile.obj
c:\users\lucas\desktop\mundo aberto - game dev\thunderplayer\thunderplayer\thunderplayer\upbge-0.2.5b\build_player\source\blender\blenkernel\bf_blenkernel.dir\release\depsgraph.obj
c:\users\lucas\desktop\mundo aberto - game dev\thunderplayer\thunderplayer\thunderplayer\upbge-0.2.5b\build_player\source\blender\blenkernel\bf_blenkernel.dir\release\pointcache.obj
c:\users\lucas\desktop\mundo aberto - game dev\thunderplayer\thunderplayer\thunderplayer\upbge-0.2.5b\build_player\source\blender\blenkernel\bf_blenkernel.dir\release\autoexec.obj
c:\users\lucas\desktop\mundo aberto - game dev\thunderplayer\thunderplayer\thunderplayer\upbge-0.2.5b\build_player\source\blender\blenkernel\bf_blenkernel.dir\release\cachefile.obj
c:\users\lucas\desktop\mundo aberto - game dev\thunderplayer\thunderplayer\thunderplayer\upbge-0.2.5b\build_player\source\blender\blenkernel\bf_blenkernel.dir\release\editderivedmesh.obj
c:\users\lucas\desktop\mundo aberto - game dev\thunderplayer\thunderplayer\thunderplayer\upbge-0.2.5b\build_player\source\blender\blenkernel\bf_blenkernel.dir\release\mesh_remap.obj
c:\users\lucas\desktop\mundo aberto - game dev\thunderplayer\thunderplayer\thunderplayer\upbge-0.2.5b\build_player\source\blender\blenkernel\bf_blenkernel.dir\release\suggestions.obj
c:\users\lucas\desktop\mundo aberto - game dev\thunderplayer\thunderplayer\thunderplayer\upbge-0.2.5b\build_player\source\blender\blenkernel\bf_blenkernel.dir\release\tracking_detect.obj
c:\users\lucas\desktop\mundo aberto - game dev\thunderplayer\thunderplayer\thunderplayer\upbge-0.2.5b\build_player\source\blender\blenkernel\bf_blenkernel.dir\release\writeavi.obj
c:\users\lucas\desktop\mundo aberto - game dev\thunderplayer\thunderplayer\thunderplayer\upbge-0.2.5b\build_player\source\blender\blenkernel\bf_blenkernel.dir\release\ccgsubsurf_util.obj
c:\users\lucas\desktop\mundo aberto - game dev\thunderplayer\thunderplayer\thunderplayer\upbge-0.2.5b\build_player\source\blender\blenkernel\bf_blenkernel.dir\release\anim_sys.obj
c:\users\lucas\desktop\mundo aberto - game dev\thunderplayer\thunderplayer\thunderplayer\upbge-0.2.5b\build_player\source\blender\blenkernel\bf_blenkernel.dir\release\deform.obj
c:\users\lucas\desktop\mundo aberto - game dev\thunderplayer\thunderplayer\thunderplayer\upbge-0.2.5b\build_player\source\blender\blenkernel\bf_blenkernel.dir\release\effect.obj
c:\users\lucas\desktop\mundo aberto - game dev\thunderplayer\thunderplayer\thunderplayer\upbge-0.2.5b\build_player\source\blender\blenkernel\bf_blenkernel.dir\release\group.obj
c:\users\lucas\desktop\mundo aberto - game dev\thunderplayer\thunderplayer\thunderplayer\upbge-0.2.5b\build_player\source\blender\blenkernel\bf_blenkernel.dir\release\library_idmap.obj
c:\users\lucas\desktop\mundo aberto - game dev\thunderplayer\thunderplayer\thunderplayer\upbge-0.2.5b\build_player\source\blender\blenkernel\bf_blenkernel.dir\release\material.obj
c:\users\lucas\desktop\mundo aberto - game dev\thunderplayer\thunderplayer\thunderplayer\upbge-0.2.5b\build_player\source\blender\blenkernel\bf_blenkernel.dir\release\multires.obj
c:\users\lucas\desktop\mundo aberto - game dev\thunderplayer\thunderplayer\thunderplayer\upbge-0.2.5b\build_player\source\blender\blenkernel\bf_blenkernel.dir\release\particle_child.obj
c:\users\lucas\desktop\mundo aberto - game dev\thunderplayer\thunderplayer\thunderplayer\upbge-0.2.5b\build_player\source\blender\blenkernel\bf_blenkernel.dir\release\property.obj
c:\users\lucas\desktop\mundo aberto - game dev\thunderplayer\thunderplayer\thunderplayer\upbge-0.2.5b\build_player\source\blender\blenkernel\bf_blenkernel.dir\release\scene.obj
c:\users\lucas\desktop\mundo aberto - game dev\thunderplayer\thunderplayer\thunderplayer\upbge-0.2.5b\build_player\source\blender\blenkernel\bf_blenkernel.dir\release\shrinkwrap.obj
c:\users\lucas\desktop\mundo aberto - game dev\thunderplayer\thunderplayer\thunderplayer\upbge-0.2.5b\build_player\source\blender\blenkernel\bf_blenkernel.dir\release\tracking_auto.obj
c:\users\lucas\desktop\mundo aberto - game dev\thunderplayer\thunderplayer\thunderplayer\upbge-0.2.5b\build_player\source\blender\blenkernel\bf_blenkernel.dir\release\ccgsubsurf_opensubdiv.obj
c:\users\lucas\desktop\mundo aberto - game dev\thunderplayer\thunderplayer\thunderplayer\upbge-0.2.5b\build_player\source\blender\blenkernel\bf_blenkernel.dir\release\bmfont.obj
c:\users\lucas\desktop\mundo aberto - game dev\thunderplayer\thunderplayer\thunderplayer\upbge-0.2.5b\build_player\source\blender\blenkernel\bf_blenkernel.dir\release\bpath.obj
c:\users\lucas\desktop\mundo aberto - game dev\thunderplayer\thunderplayer\thunderplayer\upbge-0.2.5b\build_player\source\blender\blenkernel\bf_blenkernel.dir\release\customdata_file.obj
c:\users\lucas\desktop\mundo aberto - game dev\thunderplayer\thunderplayer\thunderplayer\upbge-0.2.5b\build_player\source\blender\blenkernel\bf_blenkernel.dir\release\editmesh.obj
c:\users\lucas\desktop\mundo aberto - game dev\thunderplayer\thunderplayer\thunderplayer\upbge-0.2.5b\build_player\source\blender\blenkernel\bf_blenkernel.dir\release\fmodifier.obj
c:\users\lucas\desktop\mundo aberto - game dev\thunderplayer\thunderplayer\thunderplayer\upbge-0.2.5b\build_player\source\blender\blenkernel\bf_blenkernel.dir\release\idprop.obj
c:\users\lucas\desktop\mundo aberto - game dev\thunderplayer\thunderplayer\thunderplayer\upbge-0.2.5b\build_player\source\blender\blenkernel\bf_blenkernel.dir\release\key.obj
c:\users\lucas\desktop\mundo aberto - game dev\thunderplayer\thunderplayer\thunderplayer\upbge-0.2.5b\build_player\source\blender\blenkernel\bf_blenkernel.dir\release\mesh.obj
c:\users\lucas\desktop\mundo aberto - game dev\thunderplayer\thunderplayer\thunderplayer\upbge-0.2.5b\build_player\source\blender\blenkernel\bf_blenkernel.dir\release\nla.obj
c:\users\lucas\desktop\mundo aberto - game dev\thunderplayer\thunderplayer\thunderplayer\upbge-0.2.5b\build_player\source\blender\blenkernel\bf_blenkernel.dir\release\object_deform.obj
c:\users\lucas\desktop\mundo aberto - game dev\thunderplayer\thunderplayer\thunderplayer\upbge-0.2.5b\build_player\source\blender\blenkernel\bf_blenkernel.dir\release\packedfile.obj
c:\users\lucas\desktop\mundo aberto - game dev\thunderplayer\thunderplayer\thunderplayer\upbge-0.2.5b\build_player\source\blender\blenkernel\bf_blenkernel.dir\release\particle_distribute.obj
c:\users\lucas\desktop\mundo aberto - game dev\thunderplayer\thunderplayer\thunderplayer\upbge-0.2.5b\build_player\source\blender\blenkernel\bf_blenkernel.dir\release\subsurf_ccg.obj
c:\users\lucas\desktop\mundo aberto - game dev\thunderplayer\thunderplayer\thunderplayer\upbge-0.2.5b\build_player\source\blender\blenkernel\bf_blenkernel.dir\release\armature.obj
c:\users\lucas\desktop\mundo aberto - game dev\thunderplayer\thunderplayer\thunderplayer\upbge-0.2.5b\build_player\source\blender\blenkernel\bf_blenkernel.dir\release\data_transfer.obj
c:\users\lucas\desktop\mundo aberto - game dev\thunderplayer\thunderplayer\thunderplayer\upbge-0.2.5b\build_player\source\blender\blenkernel\bf_blenkernel.dir\release\linestyle.obj
c:\users\lucas\desktop\mundo aberto - game dev\thunderplayer\thunderplayer\thunderplayer\upbge-0.2.5b\build_player\source\blender\blenkernel\bf_blenkernel.dir\release\node.obj
c:\users\lucas\desktop\mundo aberto - game dev\thunderplayer\thunderplayer\thunderplayer\upbge-0.2.5b\build_player\source\blender\blenkernel\bf_blenkernel.dir\release\tracking_plane_tracker.obj
c:\users\lucas\desktop\mundo aberto - game dev\thunderplayer\thunderplayer\thunderplayer\upbge-0.2.5b\build_player\source\blender\blenkernel\bf_blenkernel.dir\release\ccgsubsurf_opensubdiv_converter.obj
c:\users\lucas\desktop\mundo aberto - game dev\thunderplayer\thunderplayer\thunderplayer\upbge-0.2.5b\build_player\source\blender\blenkernel\bf_blenkernel.dir\release\addon.obj
c:\users\lucas\desktop\mundo aberto - game dev\thunderplayer\thunderplayer\thunderplayer\upbge-0.2.5b\build_player\source\blender\blenkernel\bf_blenkernel.dir\release\boids.obj
c:\users\lucas\desktop\mundo aberto - game dev\thunderplayer\thunderplayer\thunderplayer\upbge-0.2.5b\build_player\source\blender\blenkernel\bf_blenkernel.dir\release\curve_decimate.obj
c:\users\lucas\desktop\mundo aberto - game dev\thunderplayer\thunderplayer\thunderplayer\upbge-0.2.5b\build_player\source\blender\blenkernel\bf_blenkernel.dir\release\idcode.obj
c:\users\lucas\desktop\mundo aberto - game dev\thunderplayer\thunderplayer\thunderplayer\upbge-0.2.5b\build_player\source\blender\blenkernel\bf_blenkernel.dir\release\image_gen.obj
c:\users\lucas\desktop\mundo aberto - game dev\thunderplayer\thunderplayer\thunderplayer\upbge-0.2.5b\build_player\source\blender\blenkernel\bf_blenkernel.dir\release\mask_rasterize.obj
c:\users\lucas\desktop\mundo aberto - game dev\thunderplayer\thunderplayer\thunderplayer\upbge-0.2.5b\build_player\source\blender\blenkernel\bf_blenkernel.dir\release\modifier.obj
c:\users\lucas\desktop\mundo aberto - game dev\thunderplayer\thunderplayer\thunderplayer\upbge-0.2.5b\build_player\source\blender\blenkernel\bf_blenkernel.dir\release\particle.obj
c:\users\lucas\desktop\mundo aberto - game dev\thunderplayer\thunderplayer\thunderplayer\upbge-0.2.5b\build_player\source\blender\blenkernel\bf_blenkernel.dir\release\tracking_solver.obj
c:\users\lucas\desktop\mundo aberto - game dev\thunderplayer\thunderplayer\thunderplayer\upbge-0.2.5b\build_player\source\blender\blenkernel\bf_blenkernel.dir\release\blender_undo.obj
c:\users\lucas\desktop\mundo aberto - game dev\thunderplayer\thunderplayer\thunderplayer\upbge-0.2.5b\build_player\source\blender\blenkernel\bf_blenkernel.dir\release\constraint.obj
c:\users\lucas\desktop\mundo aberto - game dev\thunderplayer\thunderplayer\thunderplayer\upbge-0.2.5b\build_player\source\blender\blenkernel\bf_blenkernel.dir\release\freestyle.obj
c:\users\lucas\desktop\mundo aberto - game dev\thunderplayer\thunderplayer\thunderplayer\upbge-0.2.5b\build_player\source\blender\blenkernel\bf_blenkernel.dir\release\lattice.obj
c:\users\lucas\desktop\mundo aberto - game dev\thunderplayer\thunderplayer\thunderplayer\upbge-0.2.5b\build_player\source\blender\blenkernel\bf_blenkernel.dir\release\modifiers_bmesh.obj
c:\users\lucas\desktop\mundo aberto - game dev\thunderplayer\thunderplayer\thunderplayer\upbge-0.2.5b\build_player\source\blender\blenkernel\bf_blenkernel.dir\release\python_component.obj
c:\users\lucas\desktop\mundo aberto - game dev\thunderplayer\thunderplayer\thunderplayer\upbge-0.2.5b\build_player\source\blender\blenkernel\bf_blenkernel.dir\release\sound.obj
c:\users\lucas\desktop\mundo aberto - game dev\thunderplayer\thunderplayer\thunderplayer\upbge-0.2.5b\build_player\source\blender\blenkernel\bf_blenkernel.dir\release\tracking_stabilize.obj
c:\users\lucas\desktop\mundo aberto - game dev\thunderplayer\thunderplayer\thunderplayer\upbge-0.2.5b\build_player\source\blender\blenkernel\bf_blenkernel.dir\release\ccgsubsurf.obj
c:\users\lucas\desktop\mundo aberto - game dev\thunderplayer\thunderplayer\thunderplayer\upbge-0.2.5b\build_player\source\blender\blenkernel\bf_blenkernel.dir\release\bullet.obj
c:\users\lucas\desktop\mundo aberto - game dev\thunderplayer\thunderplayer\thunderplayer\upbge-0.2.5b\build_player\source\blender\blenkernel\bf_blenkernel.dir\release\cloth.obj
c:\users\lucas\desktop\mundo aberto - game dev\thunderplayer\thunderplayer\thunderplayer\upbge-0.2.5b\build_player\source\blender\blenkernel\bf_blenkernel.dir\release\dynamicpaint.obj
c:\users\lucas\desktop\mundo aberto - game dev\thunderplayer\thunderplayer\thunderplayer\upbge-0.2.5b\build_player\source\blender\blenkernel\bf_blenkernel.dir\release\image.obj
c:\users\lucas\desktop\mundo aberto - game dev\thunderplayer\thunderplayer\thunderplayer\upbge-0.2.5b\build_player\source\blender\blenkernel\bf_blenkernel.dir\release\mask_evaluate.obj
c:\users\lucas\desktop\mundo aberto - game dev\thunderplayer\thunderplayer\thunderplayer\upbge-0.2.5b\build_player\source\blender\blenkernel\bf_blenkernel.dir\release\mesh_evaluate.obj
c:\users\lucas\desktop\mundo aberto - game dev\thunderplayer\thunderplayer\thunderplayer\upbge-0.2.5b\build_player\source\blender\blenkernel\bf_blenkernel.dir\release\sca.obj
c:\users\lucas\desktop\mundo aberto - game dev\thunderplayer\thunderplayer\thunderplayer\upbge-0.2.5b\build_player\source\blender\blenkernel\bf_blenkernel.dir\release\seqcache.obj
c:\users\lucas\desktop\mundo aberto - game dev\thunderplayer\thunderplayer\thunderplayer\upbge-0.2.5b\build_player\source\blender\blenkernel\bf_blenkernel.dir\release\smoke.obj
c:\users\lucas\desktop\mundo aberto - game dev\thunderplayer\thunderplayer\thunderplayer\upbge-0.2.5b\build_player\source\blender\blenkernel\bf_blenkernel.dir\release\unit.obj
c:\users\lucas\desktop\mundo aberto - game dev\thunderplayer\thunderplayer\thunderplayer\upbge-0.2.5b\build_player\source\blender\blenkernel\bf_blenkernel.dir\release\blender.obj
c:\users\lucas\desktop\mundo aberto - game dev\thunderplayer\thunderplayer\thunderplayer\upbge-0.2.5b\build_player\source\blender\blenkernel\bf_blenkernel.dir\release\cdderivedmesh.obj
c:\users\lucas\desktop\mundo aberto - game dev\thunderplayer\thunderplayer\thunderplayer\upbge-0.2.5b\build_player\source\blender\blenkernel\bf_blenkernel.dir\release\fluidsim.obj
c:\users\lucas\desktop\mundo aberto - game dev\thunderplayer\thunderplayer\thunderplayer\upbge-0.2.5b\build_player\source\blender\blenkernel\bf_blenkernel.dir\release\icons.obj
c:\users\lucas\desktop\mundo aberto - game dev\thunderplayer\thunderplayer\thunderplayer\upbge-0.2.5b\build_player\source\blender\blenkernel\bf_blenkernel.dir\release\library.obj
c:\users\lucas\desktop\mundo aberto - game dev\thunderplayer\thunderplayer\thunderplayer\upbge-0.2.5b\build_player\source\blender\blenkernel\bf_blenkernel.dir\release\movieclip.obj
c:\users\lucas\desktop\mundo aberto - game dev\thunderplayer\thunderplayer\thunderplayer\upbge-0.2.5b\build_player\source\blender\blenkernel\bf_blenkernel.dir\release\ocean.obj
c:\users\lucas\desktop\mundo aberto - game dev\thunderplayer\thunderplayer\thunderplayer\upbge-0.2.5b\build_player\source\blender\blenkernel\bf_blenkernel.dir\release\paint.obj
c:\users\lucas\desktop\mundo aberto - game dev\thunderplayer\thunderplayer\thunderplayer\upbge-0.2.5b\build_player\source\blender\blenkernel\bf_blenkernel.dir\release\pbvh.obj
c:\users\lucas\desktop\mundo aberto - game dev\thunderplayer\thunderplayer\thunderplayer\upbge-0.2.5b\build_player\source\blender\blenkernel\bf_blenkernel.dir\release\sketch.obj
c:\users\lucas\desktop\mundo aberto - game dev\thunderplayer\thunderplayer\thunderplayer\upbge-0.2.5b\build_player\source\blender\blenkernel\bf_blenkernel.dir\release\speaker.obj
c:\users\lucas\desktop\mundo aberto - game dev\thunderplayer\thunderplayer\thunderplayer\upbge-0.2.5b\build_player\source\blender\blenkernel\bf_blenkernel.dir\release\tracking.obj
c:\users\lucas\desktop\mundo aberto - game dev\thunderplayer\thunderplayer\thunderplayer\upbge-0.2.5b\build_player\source\blender\blenkernel\bf_blenkernel.dir\release\world.obj
c:\users\lucas\desktop\mundo aberto - game dev\thunderplayer\thunderplayer\thunderplayer\upbge-0.2.5b\build_player\source\blender\blenkernel\bf_blenkernel.dir\release\writeffmpeg.obj
c:\users\lucas\desktop\mundo aberto - game dev\thunderplayer\thunderplayer\thunderplayer\upbge-0.2.5b\build_player\source\blender\blenkernel\bf_blenkernel.dir\release\appdir.obj
c:\users\lucas\desktop\mundo aberto - game dev\thunderplayer\thunderplayer\thunderplayer\upbge-0.2.5b\build_player\source\blender\blenkernel\bf_blenkernel.dir\release\mesh_validate.obj
c:\users\lucas\desktop\mundo aberto - game dev\thunderplayer\thunderplayer\thunderplayer\upbge-0.2.5b\build_player\source\blender\blenkernel\bf_blenkernel.dir\release\screen.obj
c:\users\lucas\desktop\mundo aberto - game dev\thunderplayer\thunderplayer\thunderplayer\upbge-0.2.5b\build_player\source\blender\blenkernel\bf_blenkernel.dir\release\tracking_util.obj
c:\users\lucas\desktop\mundo aberto - game dev\thunderplayer\thunderplayer\thunderplayer\upbge-0.2.5b\build_player\source\blender\blenkernel\bf_blenkernel.dir\release\blender_copybuffer.obj
c:\users\lucas\desktop\mundo aberto - game dev\thunderplayer\thunderplayer\thunderplayer\upbge-0.2.5b\build_player\source\blender\blenkernel\bf_blenkernel.dir\release\colortools.obj
c:\users\lucas\desktop\mundo aberto - game dev\thunderplayer\thunderplayer\thunderplayer\upbge-0.2.5b\build_player\source\blender\blenkernel\bf_blenkernel.dir\release\editmesh_bvh.obj
c:\users\lucas\desktop\mundo aberto - game dev\thunderplayer\thunderplayer\thunderplayer\upbge-0.2.5b\build_player\source\blender\blenkernel\bf_blenkernel.dir\release\gpencil.obj
c:\users\lucas\desktop\mundo aberto - game dev\thunderplayer\thunderplayer\thunderplayer\upbge-0.2.5b\build_player\source\blender\blenkernel\bf_blenkernel.dir\release\mesh_mapping.obj
c:\users\lucas\desktop\mundo aberto - game dev\thunderplayer\thunderplayer\thunderplayer\upbge-0.2.5b\build_player\source\blender\blenkernel\bf_blenkernel.dir\release\report.obj
c:\users\lucas\desktop\mundo aberto - game dev\thunderplayer\thunderplayer\thunderplayer\upbge-0.2.5b\build_player\source\blender\blenkernel\bf_blenkernel.dir\release\sequencer.obj
c:\users\lucas\desktop\mundo aberto - game dev\thunderplayer\thunderplayer\thunderplayer\upbge-0.2.5b\build_player\source\blender\blenkernel\bf_blenkernel.dir\release\ccgsubsurf_legacy.obj
c:\users\lucas\desktop\mundo aberto - game dev\thunderplayer\thunderplayer\thunderplayer\upbge-0.2.5b\build_player\source\blender\blenkernel\bf_blenkernel.dir\release\collision.obj
c:\users\lucas\desktop\mundo aberto - game dev\thunderplayer\thunderplayer\thunderplayer\upbge-0.2.5b\build_player\source\blender\blenkernel\bf_blenkernel.dir\release\fcurve.obj
c:\users\lucas\desktop\mundo aberto - game dev\thunderplayer\thunderplayer\thunderplayer\upbge-0.2.5b\build_player\source\blender\blenkernel\bf_blenkernel.dir\release\mask.obj
c:\users\lucas\desktop\mundo aberto - game dev\thunderplayer\thunderplayer\thunderplayer\upbge-0.2.5b\build_player\source\blender\blenkernel\bf_blenkernel.dir\release\object_dupli.obj
c:\users\lucas\desktop\mundo aberto - game dev\thunderplayer\thunderplayer\thunderplayer\upbge-0.2.5b\build_player\source\blender\blenkernel\bf_blenkernel.dir\release\softbody.obj
c:\users\lucas\desktop\mundo aberto - game dev\thunderplayer\thunderplayer\thunderplayer\upbge-0.2.5b\build_player\source\blender\blenkernel\bf_blenkernel.dir\release\derivedmesh.obj
c:\users\lucas\desktop\mundo aberto - game dev\thunderplayer\thunderplayer\thunderplayer\upbge-0.2.5b\build_player\source\blender\blenkernel\bf_blenkernel.dir\release\bvhutils.obj
c:\users\lucas\desktop\mundo aberto - game dev\thunderplayer\thunderplayer\thunderplayer\upbge-0.2.5b\build_player\source\blender\blenkernel\bf_blenkernel.dir\release\colorband.obj
c:\users\lucas\desktop\mundo aberto - game dev\thunderplayer\thunderplayer\thunderplayer\upbge-0.2.5b\build_player\source\blender\blenkernel\bf_blenkernel.dir\release\crazyspace.obj
c:\users\lucas\desktop\mundo aberto - game dev\thunderplayer\thunderplayer\thunderplayer\upbge-0.2.5b\build_player\source\blender\blenkernel\bf_blenkernel.dir\release\editlattice.obj
c:\users\lucas\desktop\mundo aberto - game dev\thunderplayer\thunderplayer\thunderplayer\upbge-0.2.5b\build_player\source\blender\blenkernel\bf_blenkernel.dir\release\font.obj
c:\users\lucas\desktop\mundo aberto - game dev\thunderplayer\thunderplayer\thunderplayer\upbge-0.2.5b\build_player\source\blender\blenkernel\bf_blenkernel.dir\release\library_query.obj
c:\users\lucas\desktop\mundo aberto - game dev\thunderplayer\thunderplayer\thunderplayer\upbge-0.2.5b\build_player\source\blender\blenkernel\bf_blenkernel.dir\release\rigidbody.obj
c:\users\lucas\desktop\mundo aberto - game dev\thunderplayer\thunderplayer\thunderplayer\upbge-0.2.5b\build_player\source\blender\blenkernel\bf_blenkernel.dir\release\seqmodifier.obj
c:\users\lucas\desktop\mundo aberto - game dev\thunderplayer\thunderplayer\thunderplayer\upbge-0.2.5b\build_player\source\blender\blenkernel\bf_blenkernel.dir\release\texture.obj
c:\users\lucas\desktop\mundo aberto - game dev\thunderplayer\thunderplayer\thunderplayer\upbge-0.2.5b\build_player\source\blender\blenkernel\bf_blenkernel.dir\release\undo_system.obj
c:\users\lucas\desktop\mundo aberto - game dev\thunderplayer\thunderplayer\thunderplayer\upbge-0.2.5b\build_player\source\blender\blenkernel\bf_blenkernel.dir\release\navmesh_conversion.obj
c:\users\lucas\desktop\mundo aberto - game dev\thunderplayer\thunderplayer\thunderplayer\upbge-0.2.5b\build_player\source\blender\blenkernel\bf_blenkernel.dir\release\anim.obj
c:\users\lucas\desktop\mundo aberto - game dev\thunderplayer\thunderplayer\thunderplayer\upbge-0.2.5b\build_player\source\blender\blenkernel\bf_blenkernel.dir\release\camera.obj
c:\users\lucas\desktop\mundo aberto - game dev\thunderplayer\thunderplayer\thunderplayer\upbge-0.2.5b\build_player\source\blender\blenkernel\bf_blenkernel.dir\release\customdata.obj
c:\users\lucas\desktop\mundo aberto - game dev\thunderplayer\thunderplayer\thunderplayer\upbge-0.2.5b\build_player\source\blender\blenkernel\bf_blenkernel.dir\release\lamp.obj
c:\users\lucas\desktop\mundo aberto - game dev\thunderplayer\thunderplayer\thunderplayer\upbge-0.2.5b\build_player\source\blender\blenkernel\bf_blenkernel.dir\release\mball.obj
c:\users\lucas\desktop\mundo aberto - game dev\thunderplayer\thunderplayer\thunderplayer\upbge-0.2.5b\build_player\source\blender\blenkernel\bf_blenkernel.dir\release\object.obj
c:\users\lucas\desktop\mundo aberto - game dev\thunderplayer\thunderplayer\thunderplayer\upbge-0.2.5b\build_player\source\blender\blenkernel\bf_blenkernel.dir\release\tracking_region_tracker.obj
c:\users\lucas\desktop\mundo aberto - game dev\thunderplayer\thunderplayer\thunderplayer\upbge-0.2.5b\build_player\source\blender\blenkernel\bf_blenkernel.dir\release\writeframeserver.obj
c:\users\lucas\desktop\mundo aberto - game dev\thunderplayer\thunderplayer\thunderplayer\upbge-0.2.5b\build_player\source\blender\blenkernel\bf_blenkernel.dir\release\action.obj
c:\users\lucas\desktop\mundo aberto - game dev\thunderplayer\thunderplayer\thunderplayer\upbge-0.2.5b\build_player\source\blender\blenkernel\bf_blenkernel.dir\release\brush.obj
c:\users\lucas\desktop\mundo aberto - game dev\thunderplayer\thunderplayer\thunderplayer\upbge-0.2.5b\build_player\source\blender\blenkernel\bf_blenkernel.dir\release\context.obj
c:\users\lucas\desktop\mundo aberto - game dev\thunderplayer\thunderplayer\thunderplayer\upbge-0.2.5b\build_player\source\blender\blenkernel\bf_blenkernel.dir\release\displist.obj
c:\users\lucas\desktop\mundo aberto - game dev\thunderplayer\thunderplayer\thunderplayer\upbge-0.2.5b\build_player\source\blender\blenkernel\bf_blenkernel.dir\release\idprop_utils.obj
c:\users\lucas\desktop\mundo aberto - game dev\thunderplayer\thunderplayer\thunderplayer\upbge-0.2.5b\build_player\source\blender\blenkernel\bf_blenkernel.dir\release\ipo.obj
c:\users\lucas\desktop\mundo aberto - game dev\thunderplayer\thunderplayer\thunderplayer\upbge-0.2.5b\build_player\source\blender\blenkernel\bf_blenkernel.dir\release\mesh_convert.obj
c:\users\lucas\desktop\mundo aberto - game dev\thunderplayer\thunderplayer\thunderplayer\upbge-0.2.5b\build_player\source\blender\blenkernel\bf_blenkernel.dir\release\object_update.obj
c:\users\lucas\desktop\mundo aberto - game dev\thunderplayer\thunderplayer\thunderplayer\upbge-0.2.5b\build_player\source\blender\blenkernel\bf_blenkernel.dir\release\particle_system.obj
c:\users\lucas\desktop\mundo aberto - game dev\thunderplayer\thunderplayer\thunderplayer\upbge-0.2.5b\build_player\source\blender\blenkernel\bf_blenkernel.dir\release\seqeffects.obj
c:\users\lucas\desktop\mundo aberto - game dev\thunderplayer\thunderplayer\thunderplayer\upbge-0.2.5b\build_player\source\blender\blenkernel\bf_blenkernel.dir\release\armature_update.obj
c:\users\lucas\desktop\mundo aberto - game dev\thunderplayer\thunderplayer\thunderplayer\upbge-0.2.5b\build_player\source\blender\blenkernel\bf_blenkernel.dir\release\curve.obj
c:\users\lucas\desktop\mundo aberto - game dev\thunderplayer\thunderplayer\thunderplayer\upbge-0.2.5b\build_player\source\blender\blenkernel\bf_blenkernel.dir\release\library_remap.obj
c:\users\lucas\desktop\mundo aberto - game dev\thunderplayer\thunderplayer\thunderplayer\upbge-0.2.5b\build_player\source\blender\blenkernel\bf_blenkernel.dir\release\mball_tessellate.obj
c:\users\lucas\desktop\mundo aberto - game dev\thunderplayer\thunderplayer\thunderplayer\upbge-0.2.5b\build_player\source\blender\blenkernel\bf_blenkernel.dir\release\outliner_treehash.obj
c:\users\lucas\desktop\mundo aberto - game dev\thunderplayer\thunderplayer\thunderplayer\upbge-0.2.5b\build_player\source\blender\blenkernel\bf_blenkernel.dir\release\pbvh_bmesh.obj
c:\users\lucas\desktop\mundo aberto - game dev\thunderplayer\thunderplayer\thunderplayer\upbge-0.2.5b\build_player\source\blender\blenkernel\bf_blenkernel.dir\release\text.obj
c:\users\lucas\desktop\mundo aberto - game dev\thunderplayer\thunderplayer\thunderplayer\upbge-0.2.5b\build_player\source\blender\blenkernel\cmakefiles\generate.stamp
c:\users\lucas\desktop\mundo aberto - game dev\thunderplayer\thunderplayer\thunderplayer\upbge-0.2.5b\build_player\lib\release\bf_blenkernel.lib
c:\users\lucas\desktop\mundo aberto - game dev\thunderplayer\thunderplayer\thunderplayer\upbge-0.2.5b\build_player\source\blender\blenkernel\bf_blenkernel.dir\release\bf_blenkernel.tlog\cl.16280.write.1.tlog
c:\users\lucas\desktop\mundo aberto - game dev\thunderplayer\thunderplayer\thunderplayer\upbge-0.2.5b\build_player\source\blender\blenkernel\bf_blenkernel.dir\release\bf_blenkernel.tlog\cl.command.1.tlog
c:\users\lucas\desktop\mundo aberto - game dev\thunderplayer\thunderplayer\thunderplayer\upbge-0.2.5b\build_player\source\blender\blenkernel\bf_blenkernel.dir\release\bf_blenkernel.tlog\cl.read.1.tlog
c:\users\lucas\desktop\mundo aberto - game dev\thunderplayer\thunderplayer\thunderplayer\upbge-0.2.5b\build_player\source\blender\blenkernel\bf_blenkernel.dir\release\bf_blenkernel.tlog\custombuild.command.1.tlog
c:\users\lucas\desktop\mundo aberto - game dev\thunderplayer\thunderplayer\thunderplayer\upbge-0.2.5b\build_player\source\blender\blenkernel\bf_blenkernel.dir\release\bf_blenkernel.tlog\custombuild.read.1.tlog
c:\users\lucas\desktop\mundo aberto - game dev\thunderplayer\thunderplayer\thunderplayer\upbge-0.2.5b\build_player\source\blender\blenkernel\bf_blenkernel.dir\release\bf_blenkernel.tlog\custombuild.write.1.tlog
c:\users\lucas\desktop\mundo aberto - game dev\thunderplayer\thunderplayer\thunderplayer\upbge-0.2.5b\build_player\source\blender\blenkernel\bf_blenkernel.dir\release\bf_blenkernel.tlog\lib-link.read.1.tlog
c:\users\lucas\desktop\mundo aberto - game dev\thunderplayer\thunderplayer\thunderplayer\upbge-0.2.5b\build_player\source\blender\blenkernel\bf_blenkernel.dir\release\bf_blenkernel.tlog\lib-link.write.1.tlog
c:\users\lucas\desktop\mundo aberto - game dev\thunderplayer\thunderplayer\thunderplayer\upbge-0.2.5b\build_player\source\blender\blenkernel\bf_blenkernel.dir\release\bf_blenkernel.tlog\lib.command.1.tlog
