  Building Custom Rule C:/Users/lucas/Desktop/Mundo Aberto - Game Dev/ThunderPLayer/ThunderPLayer/ThunderPLayer/upbge-0.2.5b/intern/libmv/CMakeLists.txt
  autotrack.cc
  camera_intrinsics.cc
  detector.cc
  frame_accessor.cc
  image.cc
  logging.cc
  tracksN.cc
  predict_tracks.cc
  aligned_malloc.cc
  array_nd.cc
  convolve.cc
  conditioning.cc
  euclidean_resection.cc
  fundamental.cc
  panography.cc
  panography_kernel.cc
  projection.cc
  triangulation.cc
  numeric.cc
  poly.cc
  bundle.cc
  detect.cc
  distortion_models.cc
  initialize_reconstruction.cc
  intersect.cc
  keyframe_selection.cc
  modal_solver.cc
  pipeline.cc
  reconstruction_scale.cc
  resect.cc
  brute_region_tracker.cc
  hybrid_region_tracker.cc
  klt_region_tracker.cc
  pyramid_region_tracker.cc
  retrack_region_tracker.cc
  trklt_region_tracker.cc
  homography.cc
  reconstruction.cc
  track_region.cc
  tracks.cc
  autotrack.cc
  tracks.cc
  homography.cc
  camera_intrinsics.cc
  reconstruction.cc
  tracks.cc
  track_region.cc
  bf_intern_libmv.vcxproj -> C:\Users\lucas\Desktop\Mundo Aberto - Game Dev\ThunderPLayer\ThunderPLayer\ThunderPLayer\upbge-0.2.5b\build_player\lib\Release\bf_intern_libmv.lib
