c:\users\lucas\desktop\mundo aberto - game dev\thunderplayer\thunderplayer\thunderplayer\upbge-0.2.5b\build_player\intern\cycles\blender\bf_intern_cycles.dir\release\blender_particles.obj
c:\users\lucas\desktop\mundo aberto - game dev\thunderplayer\thunderplayer\thunderplayer\upbge-0.2.5b\build_player\intern\cycles\blender\bf_intern_cycles.dir\release\blender_session.obj
c:\users\lucas\desktop\mundo aberto - game dev\thunderplayer\thunderplayer\thunderplayer\upbge-0.2.5b\build_player\intern\cycles\blender\bf_intern_cycles.dir\release\blender_curves.obj
c:\users\lucas\desktop\mundo aberto - game dev\thunderplayer\thunderplayer\thunderplayer\upbge-0.2.5b\build_player\intern\cycles\blender\bf_intern_cycles.dir\release\blender_camera.obj
c:\users\lucas\desktop\mundo aberto - game dev\thunderplayer\thunderplayer\thunderplayer\upbge-0.2.5b\build_player\intern\cycles\blender\bf_intern_cycles.dir\release\blender_python.obj
c:\users\lucas\desktop\mundo aberto - game dev\thunderplayer\thunderplayer\thunderplayer\upbge-0.2.5b\build_player\intern\cycles\blender\bf_intern_cycles.dir\release\blender_object_cull.obj
c:\users\lucas\desktop\mundo aberto - game dev\thunderplayer\thunderplayer\thunderplayer\upbge-0.2.5b\build_player\intern\cycles\blender\bf_intern_cycles.dir\release\blender_device.obj
c:\users\lucas\desktop\mundo aberto - game dev\thunderplayer\thunderplayer\thunderplayer\upbge-0.2.5b\build_player\intern\cycles\blender\bf_intern_cycles.dir\release\blender_mesh.obj
c:\users\lucas\desktop\mundo aberto - game dev\thunderplayer\thunderplayer\thunderplayer\upbge-0.2.5b\build_player\intern\cycles\blender\bf_intern_cycles.dir\release\blender_shader.obj
c:\users\lucas\desktop\mundo aberto - game dev\thunderplayer\thunderplayer\thunderplayer\upbge-0.2.5b\build_player\intern\cycles\blender\bf_intern_cycles.dir\release\blender_texture.obj
c:\users\lucas\desktop\mundo aberto - game dev\thunderplayer\thunderplayer\thunderplayer\upbge-0.2.5b\build_player\intern\cycles\blender\bf_intern_cycles.dir\release\blender_logging.obj
c:\users\lucas\desktop\mundo aberto - game dev\thunderplayer\thunderplayer\thunderplayer\upbge-0.2.5b\build_player\intern\cycles\blender\bf_intern_cycles.dir\release\blender_object.obj
c:\users\lucas\desktop\mundo aberto - game dev\thunderplayer\thunderplayer\thunderplayer\upbge-0.2.5b\build_player\intern\cycles\blender\bf_intern_cycles.dir\release\blender_sync.obj
c:\users\lucas\desktop\mundo aberto - game dev\thunderplayer\thunderplayer\thunderplayer\upbge-0.2.5b\build_player\intern\cycles\blender\cmakefiles\generate.stamp
c:\users\lucas\desktop\mundo aberto - game dev\thunderplayer\thunderplayer\thunderplayer\upbge-0.2.5b\build_player\lib\release\bf_intern_cycles.lib
c:\users\lucas\desktop\mundo aberto - game dev\thunderplayer\thunderplayer\thunderplayer\upbge-0.2.5b\build_player\intern\cycles\blender\bf_intern_cycles.dir\release\bf_intern_cycles.tlog\cl.17264.write.1.tlog
c:\users\lucas\desktop\mundo aberto - game dev\thunderplayer\thunderplayer\thunderplayer\upbge-0.2.5b\build_player\intern\cycles\blender\bf_intern_cycles.dir\release\bf_intern_cycles.tlog\cl.command.1.tlog
c:\users\lucas\desktop\mundo aberto - game dev\thunderplayer\thunderplayer\thunderplayer\upbge-0.2.5b\build_player\intern\cycles\blender\bf_intern_cycles.dir\release\bf_intern_cycles.tlog\cl.read.1.tlog
c:\users\lucas\desktop\mundo aberto - game dev\thunderplayer\thunderplayer\thunderplayer\upbge-0.2.5b\build_player\intern\cycles\blender\bf_intern_cycles.dir\release\bf_intern_cycles.tlog\custombuild.command.1.tlog
c:\users\lucas\desktop\mundo aberto - game dev\thunderplayer\thunderplayer\thunderplayer\upbge-0.2.5b\build_player\intern\cycles\blender\bf_intern_cycles.dir\release\bf_intern_cycles.tlog\custombuild.read.1.tlog
c:\users\lucas\desktop\mundo aberto - game dev\thunderplayer\thunderplayer\thunderplayer\upbge-0.2.5b\build_player\intern\cycles\blender\bf_intern_cycles.dir\release\bf_intern_cycles.tlog\custombuild.write.1.tlog
c:\users\lucas\desktop\mundo aberto - game dev\thunderplayer\thunderplayer\thunderplayer\upbge-0.2.5b\build_player\intern\cycles\blender\bf_intern_cycles.dir\release\bf_intern_cycles.tlog\lib-link.read.1.tlog
c:\users\lucas\desktop\mundo aberto - game dev\thunderplayer\thunderplayer\thunderplayer\upbge-0.2.5b\build_player\intern\cycles\blender\bf_intern_cycles.dir\release\bf_intern_cycles.tlog\lib-link.write.1.tlog
c:\users\lucas\desktop\mundo aberto - game dev\thunderplayer\thunderplayer\thunderplayer\upbge-0.2.5b\build_player\intern\cycles\blender\bf_intern_cycles.dir\release\bf_intern_cycles.tlog\lib.command.1.tlog
