c:\users\lucas\desktop\mundo aberto - game dev\thunderplayer\thunderplayer\thunderplayer\upbge-0.2.5b\build_player\source\gameengine\ketsji\ge_logic_ketsji.dir\release\kx_boundingbox.obj
c:\users\lucas\desktop\mundo aberto - game dev\thunderplayer\thunderplayer\thunderplayer\upbge-0.2.5b\build_player\source\gameengine\ketsji\ge_logic_ketsji.dir\release\kx_parentactuator.obj
c:\users\lucas\desktop\mundo aberto - game dev\thunderplayer\thunderplayer\thunderplayer\upbge-0.2.5b\build_player\source\gameengine\ketsji\ge_logic_ketsji.dir\release\kx_sceneactuator.obj
c:\users\lucas\desktop\mundo aberto - game dev\thunderplayer\thunderplayer\thunderplayer\upbge-0.2.5b\build_player\source\gameengine\ketsji\ge_logic_ketsji.dir\release\kx_batchgroup.obj
c:\users\lucas\desktop\mundo aberto - game dev\thunderplayer\thunderplayer\thunderplayer\upbge-0.2.5b\build_player\source\gameengine\ketsji\ge_logic_ketsji.dir\release\kx_libloadstatus.obj
c:\users\lucas\desktop\mundo aberto - game dev\thunderplayer\thunderplayer\thunderplayer\upbge-0.2.5b\build_player\source\gameengine\ketsji\ge_logic_ketsji.dir\release\kx_planarmap.obj
c:\users\lucas\desktop\mundo aberto - game dev\thunderplayer\thunderplayer\thunderplayer\upbge-0.2.5b\build_player\source\gameengine\ketsji\ge_logic_ketsji.dir\release\kx_soundactuator.obj
c:\users\lucas\desktop\mundo aberto - game dev\thunderplayer\thunderplayer\thunderplayer\upbge-0.2.5b\build_player\source\gameengine\ketsji\ge_logic_ketsji.dir\release\kx_camera.obj
c:\users\lucas\desktop\mundo aberto - game dev\thunderplayer\thunderplayer\thunderplayer\upbge-0.2.5b\build_player\source\gameengine\ketsji\ge_logic_ketsji.dir\release\kx_lodlevel.obj
c:\users\lucas\desktop\mundo aberto - game dev\thunderplayer\thunderplayer\thunderplayer\upbge-0.2.5b\build_player\source\gameengine\ketsji\ge_logic_ketsji.dir\release\kx_pymath.obj
c:\users\lucas\desktop\mundo aberto - game dev\thunderplayer\thunderplayer\thunderplayer\upbge-0.2.5b\build_player\source\gameengine\ketsji\ge_logic_ketsji.dir\release\kx_noderelationships.obj
c:\users\lucas\desktop\mundo aberto - game dev\thunderplayer\thunderplayer\thunderplayer\upbge-0.2.5b\build_player\source\gameengine\ketsji\ge_logic_ketsji.dir\release\kx_stateactuator.obj
c:\users\lucas\desktop\mundo aberto - game dev\thunderplayer\thunderplayer\thunderplayer\upbge-0.2.5b\build_player\source\gameengine\ketsji\ge_logic_ketsji.dir\release\kx_blendermaterial.obj
c:\users\lucas\desktop\mundo aberto - game dev\thunderplayer\thunderplayer\thunderplayer\upbge-0.2.5b\build_player\source\gameengine\ketsji\ge_logic_ketsji.dir\release\kx_gameobject.obj
c:\users\lucas\desktop\mundo aberto - game dev\thunderplayer\thunderplayer\thunderplayer\upbge-0.2.5b\build_player\source\gameengine\ketsji\ge_logic_ketsji.dir\release\kx_pythoninit.obj
c:\users\lucas\desktop\mundo aberto - game dev\thunderplayer\thunderplayer\thunderplayer\upbge-0.2.5b\build_player\source\gameengine\ketsji\ge_logic_ketsji.dir\release\kx_2dfilteroffscreen.obj
c:\users\lucas\desktop\mundo aberto - game dev\thunderplayer\thunderplayer\thunderplayer\upbge-0.2.5b\build_player\source\gameengine\ketsji\ge_logic_ketsji.dir\release\kx_collisionsensor.obj
c:\users\lucas\desktop\mundo aberto - game dev\thunderplayer\thunderplayer\thunderplayer\upbge-0.2.5b\build_player\source\gameengine\ketsji\ge_logic_ketsji.dir\release\kx_lightiposgcontroller.obj
c:\users\lucas\desktop\mundo aberto - game dev\thunderplayer\thunderplayer\thunderplayer\upbge-0.2.5b\build_player\source\gameengine\ketsji\ge_logic_ketsji.dir\release\kx_navmeshobject.obj
c:\users\lucas\desktop\mundo aberto - game dev\thunderplayer\thunderplayer\thunderplayer\upbge-0.2.5b\build_player\source\gameengine\ketsji\ge_logic_ketsji.dir\release\kx_dynamicactuator.obj
c:\users\lucas\desktop\mundo aberto - game dev\thunderplayer\thunderplayer\thunderplayer\upbge-0.2.5b\build_player\source\gameengine\ketsji\ge_logic_ketsji.dir\release\kx_texturerenderer.obj
c:\users\lucas\desktop\mundo aberto - game dev\thunderplayer\thunderplayer\thunderplayer\upbge-0.2.5b\build_player\source\gameengine\ketsji\ge_logic_ketsji.dir\release\bl_blendershader.obj
c:\users\lucas\desktop\mundo aberto - game dev\thunderplayer\thunderplayer\thunderplayer\upbge-0.2.5b\build_player\source\gameengine\ketsji\ge_logic_ketsji.dir\release\kx_ipocontroller.obj
c:\users\lucas\desktop\mundo aberto - game dev\thunderplayer\thunderplayer\thunderplayer\upbge-0.2.5b\build_player\source\gameengine\ketsji\ge_logic_ketsji.dir\release\kx_pyconstraintbinding.obj
c:\users\lucas\desktop\mundo aberto - game dev\thunderplayer\thunderplayer\thunderplayer\upbge-0.2.5b\build_player\source\gameengine\ketsji\ge_logic_ketsji.dir\release\kx_softbodydeformer.obj
c:\users\lucas\desktop\mundo aberto - game dev\thunderplayer\thunderplayer\thunderplayer\upbge-0.2.5b\build_player\source\gameengine\ketsji\ge_logic_ketsji.dir\release\bl_action.obj
c:\users\lucas\desktop\mundo aberto - game dev\thunderplayer\thunderplayer\thunderplayer\upbge-0.2.5b\build_player\source\gameengine\ketsji\ge_logic_ketsji.dir\release\kx_gameactuator.obj
c:\users\lucas\desktop\mundo aberto - game dev\thunderplayer\thunderplayer\thunderplayer\upbge-0.2.5b\build_player\source\gameengine\ketsji\ge_logic_ketsji.dir\release\kx_mousefocussensor.obj
c:\users\lucas\desktop\mundo aberto - game dev\thunderplayer\thunderplayer\thunderplayer\upbge-0.2.5b\build_player\source\gameengine\ketsji\ge_logic_ketsji.dir\release\kx_scene.obj
c:\users\lucas\desktop\mundo aberto - game dev\thunderplayer\thunderplayer\thunderplayer\upbge-0.2.5b\build_player\source\gameengine\ketsji\ge_logic_ketsji.dir\release\bl_shader.obj
c:\users\lucas\desktop\mundo aberto - game dev\thunderplayer\thunderplayer\thunderplayer\upbge-0.2.5b\build_player\source\gameengine\ketsji\ge_logic_ketsji.dir\release\kx_movementsensor.obj
c:\users\lucas\desktop\mundo aberto - game dev\thunderplayer\thunderplayer\thunderplayer\upbge-0.2.5b\build_player\source\gameengine\ketsji\ge_logic_ketsji.dir\release\kx_pythoncomponentmanager.obj
c:\users\lucas\desktop\mundo aberto - game dev\thunderplayer\thunderplayer\thunderplayer\upbge-0.2.5b\build_player\source\gameengine\ketsji\ge_logic_ketsji.dir\release\kx_boneparentnoderelationship.obj
c:\users\lucas\desktop\mundo aberto - game dev\thunderplayer\thunderplayer\thunderplayer\upbge-0.2.5b\build_player\source\gameengine\ketsji\ge_logic_ketsji.dir\release\kx_vehiclewrapper.obj
c:\users\lucas\desktop\mundo aberto - game dev\thunderplayer\thunderplayer\thunderplayer\upbge-0.2.5b\build_player\source\gameengine\ketsji\ge_logic_ketsji.dir\release\bl_texture.obj
c:\users\lucas\desktop\mundo aberto - game dev\thunderplayer\thunderplayer\thunderplayer\upbge-0.2.5b\build_player\source\gameengine\ketsji\ge_logic_ketsji.dir\release\kx_constraintactuator.obj
c:\users\lucas\desktop\mundo aberto - game dev\thunderplayer\thunderplayer\thunderplayer\upbge-0.2.5b\build_player\source\gameengine\ketsji\ge_logic_ketsji.dir\release\kx_mouseactuator.obj
c:\users\lucas\desktop\mundo aberto - game dev\thunderplayer\thunderplayer\thunderplayer\upbge-0.2.5b\build_player\source\gameengine\ketsji\ge_logic_ketsji.dir\release\kx_replacemeshactuator.obj
c:\users\lucas\desktop\mundo aberto - game dev\thunderplayer\thunderplayer\thunderplayer\upbge-0.2.5b\build_player\source\gameengine\ketsji\ge_logic_ketsji.dir\release\kx_collisioncontactpoints.obj
c:\users\lucas\desktop\mundo aberto - game dev\thunderplayer\thunderplayer\thunderplayer\upbge-0.2.5b\build_player\source\gameengine\ketsji\ge_logic_ketsji.dir\release\bl_actionmanager.obj
c:\users\lucas\desktop\mundo aberto - game dev\thunderplayer\thunderplayer\thunderplayer\upbge-0.2.5b\build_player\source\gameengine\ketsji\ge_logic_ketsji.dir\release\kx_collisioneventmanager.obj
c:\users\lucas\desktop\mundo aberto - game dev\thunderplayer\thunderplayer\thunderplayer\upbge-0.2.5b\build_player\source\gameengine\ketsji\ge_logic_ketsji.dir\release\kx_ketsjiengine.obj
c:\users\lucas\desktop\mundo aberto - game dev\thunderplayer\thunderplayer\thunderplayer\upbge-0.2.5b\build_player\source\gameengine\ketsji\ge_logic_ketsji.dir\release\kx_worldinfo.obj
c:\users\lucas\desktop\mundo aberto - game dev\thunderplayer\thunderplayer\thunderplayer\upbge-0.2.5b\build_player\source\gameengine\ketsji\ge_logic_ketsji.dir\release\kx_cameraactuator.obj
c:\users\lucas\desktop\mundo aberto - game dev\thunderplayer\thunderplayer\thunderplayer\upbge-0.2.5b\build_player\source\gameengine\ketsji\ge_logic_ketsji.dir\release\kx_fontobject.obj
c:\users\lucas\desktop\mundo aberto - game dev\thunderplayer\thunderplayer\thunderplayer\upbge-0.2.5b\build_player\source\gameengine\ketsji\ge_logic_ketsji.dir\release\kx_mesh.obj
c:\users\lucas\desktop\mundo aberto - game dev\thunderplayer\thunderplayer\thunderplayer\upbge-0.2.5b\build_player\source\gameengine\ketsji\ge_logic_ketsji.dir\release\kx_pythoncomponent.obj
c:\users\lucas\desktop\mundo aberto - game dev\thunderplayer\thunderplayer\thunderplayer\upbge-0.2.5b\build_player\source\gameengine\ketsji\ge_logic_ketsji.dir\release\kx_raycast.obj
c:\users\lucas\desktop\mundo aberto - game dev\thunderplayer\thunderplayer\thunderplayer\upbge-0.2.5b\build_player\source\gameengine\ketsji\ge_logic_ketsji.dir\release\kx_timecategorylogger.obj
c:\users\lucas\desktop\mundo aberto - game dev\thunderplayer\thunderplayer\thunderplayer\upbge-0.2.5b\build_player\source\gameengine\ketsji\ge_logic_ketsji.dir\release\kx_vertexproxy.obj
c:\users\lucas\desktop\mundo aberto - game dev\thunderplayer\thunderplayer\thunderplayer\upbge-0.2.5b\build_player\source\gameengine\ketsji\ge_logic_ketsji.dir\release\kx_cameraiposgcontroller.obj
c:\users\lucas\desktop\mundo aberto - game dev\thunderplayer\thunderplayer\thunderplayer\upbge-0.2.5b\build_player\source\gameengine\ketsji\ge_logic_ketsji.dir\release\kx_emptyobject.obj
c:\users\lucas\desktop\mundo aberto - game dev\thunderplayer\thunderplayer\thunderplayer\upbge-0.2.5b\build_player\source\gameengine\ketsji\ge_logic_ketsji.dir\release\kx_materialipocontroller.obj
c:\users\lucas\desktop\mundo aberto - game dev\thunderplayer\thunderplayer\thunderplayer\upbge-0.2.5b\build_player\source\gameengine\ketsji\ge_logic_ketsji.dir\release\kx_polyproxy.obj
c:\users\lucas\desktop\mundo aberto - game dev\thunderplayer\thunderplayer\thunderplayer\upbge-0.2.5b\build_player\source\gameengine\ketsji\ge_logic_ketsji.dir\release\kx_endobjectactuator.obj
c:\users\lucas\desktop\mundo aberto - game dev\thunderplayer\thunderplayer\thunderplayer\upbge-0.2.5b\build_player\source\gameengine\ketsji\ge_logic_ketsji.dir\release\kx_tracktoactuator.obj
c:\users\lucas\desktop\mundo aberto - game dev\thunderplayer\thunderplayer\thunderplayer\upbge-0.2.5b\build_player\source\gameengine\ketsji\ge_logic_ketsji.dir\release\kx_2dfiltermanager.obj
c:\users\lucas\desktop\mundo aberto - game dev\thunderplayer\thunderplayer\thunderplayer\upbge-0.2.5b\build_player\source\gameengine\ketsji\ge_logic_ketsji.dir\release\kx_constraintwrapper.obj
c:\users\lucas\desktop\mundo aberto - game dev\thunderplayer\thunderplayer\thunderplayer\upbge-0.2.5b\build_player\source\gameengine\ketsji\ge_logic_ketsji.dir\release\kx_lightobject.obj
c:\users\lucas\desktop\mundo aberto - game dev\thunderplayer\thunderplayer\thunderplayer\upbge-0.2.5b\build_player\source\gameengine\ketsji\ge_logic_ketsji.dir\release\kx_obcoloriposgcontroller.obj
c:\users\lucas\desktop\mundo aberto - game dev\thunderplayer\thunderplayer\thunderplayer\upbge-0.2.5b\build_player\source\gameengine\ketsji\ge_logic_ketsji.dir\release\kx_pythonmain.obj
c:\users\lucas\desktop\mundo aberto - game dev\thunderplayer\thunderplayer\thunderplayer\upbge-0.2.5b\build_player\source\gameengine\ketsji\ge_logic_ketsji.dir\release\kx_addobjectactuator.obj
c:\users\lucas\desktop\mundo aberto - game dev\thunderplayer\thunderplayer\thunderplayer\upbge-0.2.5b\build_player\source\gameengine\ketsji\ge_logic_ketsji.dir\release\kx_texturerenderermanager.obj
c:\users\lucas\desktop\mundo aberto - game dev\thunderplayer\thunderplayer\thunderplayer\upbge-0.2.5b\build_player\source\gameengine\ketsji\ge_logic_ketsji.dir\release\kx_2dfilter.obj
c:\users\lucas\desktop\mundo aberto - game dev\thunderplayer\thunderplayer\thunderplayer\upbge-0.2.5b\build_player\source\gameengine\ketsji\ge_logic_ketsji.dir\release\kx_cubemap.obj
c:\users\lucas\desktop\mundo aberto - game dev\thunderplayer\thunderplayer\thunderplayer\upbge-0.2.5b\build_player\source\gameengine\ketsji\ge_logic_ketsji.dir\release\kx_lodmanager.obj
c:\users\lucas\desktop\mundo aberto - game dev\thunderplayer\thunderplayer\thunderplayer\upbge-0.2.5b\build_player\source\gameengine\ketsji\ge_logic_ketsji.dir\release\kx_obstaclesimulation.obj
c:\users\lucas\desktop\mundo aberto - game dev\thunderplayer\thunderplayer\thunderplayer\upbge-0.2.5b\build_player\source\gameengine\ketsji\ge_logic_ketsji.dir\release\kx_raysensor.obj
c:\users\lucas\desktop\mundo aberto - game dev\thunderplayer\thunderplayer\thunderplayer\upbge-0.2.5b\build_player\source\gameengine\ketsji\ge_logic_ketsji.dir\release\kx_steeringactuator.obj
c:\users\lucas\desktop\mundo aberto - game dev\thunderplayer\thunderplayer\thunderplayer\upbge-0.2.5b\build_player\source\gameengine\ketsji\ge_logic_ketsji.dir\release\kx_characterwrapper.obj
c:\users\lucas\desktop\mundo aberto - game dev\thunderplayer\thunderplayer\thunderplayer\upbge-0.2.5b\build_player\source\gameengine\ketsji\ge_logic_ketsji.dir\release\kx_cullinghandler.obj
c:\users\lucas\desktop\mundo aberto - game dev\thunderplayer\thunderplayer\thunderplayer\upbge-0.2.5b\build_player\source\gameengine\ketsji\ge_logic_ketsji.dir\release\kx_objectactuator.obj
c:\users\lucas\desktop\mundo aberto - game dev\thunderplayer\thunderplayer\thunderplayer\upbge-0.2.5b\build_player\source\gameengine\ketsji\ge_logic_ketsji.dir\release\kx_radarsensor.obj
c:\users\lucas\desktop\mundo aberto - game dev\thunderplayer\thunderplayer\thunderplayer\upbge-0.2.5b\build_player\source\gameengine\ketsji\ge_logic_ketsji.dir\release\kx_textmaterial.obj
c:\users\lucas\desktop\mundo aberto - game dev\thunderplayer\thunderplayer\thunderplayer\upbge-0.2.5b\build_player\source\gameengine\ketsji\ge_logic_ketsji.dir\release\kx_worldipocontroller.obj
c:\users\lucas\desktop\mundo aberto - game dev\thunderplayer\thunderplayer\thunderplayer\upbge-0.2.5b\build_player\source\gameengine\ketsji\ge_logic_ketsji.dir\release\kx_armaturesensor.obj
c:\users\lucas\desktop\mundo aberto - game dev\thunderplayer\thunderplayer\thunderplayer\upbge-0.2.5b\build_player\source\gameengine\ketsji\ge_logic_ketsji.dir\release\kx_globals.obj
c:\users\lucas\desktop\mundo aberto - game dev\thunderplayer\thunderplayer\thunderplayer\upbge-0.2.5b\build_player\source\gameengine\ketsji\ge_logic_ketsji.dir\release\kx_motionstate.obj
c:\users\lucas\desktop\mundo aberto - game dev\thunderplayer\thunderplayer\thunderplayer\upbge-0.2.5b\build_player\source\gameengine\ketsji\ge_logic_ketsji.dir\release\kx_nearsensor.obj
c:\users\lucas\desktop\mundo aberto - game dev\thunderplayer\thunderplayer\thunderplayer\upbge-0.2.5b\build_player\source\gameengine\ketsji\ge_logic_ketsji.dir\release\kx_pythoninittypes.obj
c:\users\lucas\desktop\mundo aberto - game dev\thunderplayer\thunderplayer\thunderplayer\upbge-0.2.5b\build_player\source\gameengine\ketsji\ge_logic_ketsji.dir\release\kx_timelogger.obj
c:\users\lucas\desktop\mundo aberto - game dev\thunderplayer\thunderplayer\thunderplayer\upbge-0.2.5b\build_player\source\gameengine\ketsji\ge_logic_ketsji.dir\release\kx_visibilityactuator.obj
c:\users\lucas\desktop\mundo aberto - game dev\thunderplayer\thunderplayer\thunderplayer\upbge-0.2.5b\build_player\source\gameengine\ketsji\cmakefiles\generate.stamp
c:\users\lucas\desktop\mundo aberto - game dev\thunderplayer\thunderplayer\thunderplayer\upbge-0.2.5b\build_player\lib\release\ge_logic_ketsji.lib
c:\users\lucas\desktop\mundo aberto - game dev\thunderplayer\thunderplayer\thunderplayer\upbge-0.2.5b\build_player\source\gameengine\ketsji\ge_logic_ketsji.dir\release\ge_logic_ketsji.tlog\cl.10280.write.1.tlog
c:\users\lucas\desktop\mundo aberto - game dev\thunderplayer\thunderplayer\thunderplayer\upbge-0.2.5b\build_player\source\gameengine\ketsji\ge_logic_ketsji.dir\release\ge_logic_ketsji.tlog\cl.command.1.tlog
c:\users\lucas\desktop\mundo aberto - game dev\thunderplayer\thunderplayer\thunderplayer\upbge-0.2.5b\build_player\source\gameengine\ketsji\ge_logic_ketsji.dir\release\ge_logic_ketsji.tlog\cl.read.1.tlog
c:\users\lucas\desktop\mundo aberto - game dev\thunderplayer\thunderplayer\thunderplayer\upbge-0.2.5b\build_player\source\gameengine\ketsji\ge_logic_ketsji.dir\release\ge_logic_ketsji.tlog\custombuild.command.1.tlog
c:\users\lucas\desktop\mundo aberto - game dev\thunderplayer\thunderplayer\thunderplayer\upbge-0.2.5b\build_player\source\gameengine\ketsji\ge_logic_ketsji.dir\release\ge_logic_ketsji.tlog\custombuild.read.1.tlog
c:\users\lucas\desktop\mundo aberto - game dev\thunderplayer\thunderplayer\thunderplayer\upbge-0.2.5b\build_player\source\gameengine\ketsji\ge_logic_ketsji.dir\release\ge_logic_ketsji.tlog\custombuild.write.1.tlog
c:\users\lucas\desktop\mundo aberto - game dev\thunderplayer\thunderplayer\thunderplayer\upbge-0.2.5b\build_player\source\gameengine\ketsji\ge_logic_ketsji.dir\release\ge_logic_ketsji.tlog\lib-link.read.1.tlog
c:\users\lucas\desktop\mundo aberto - game dev\thunderplayer\thunderplayer\thunderplayer\upbge-0.2.5b\build_player\source\gameengine\ketsji\ge_logic_ketsji.dir\release\ge_logic_ketsji.tlog\lib-link.write.1.tlog
c:\users\lucas\desktop\mundo aberto - game dev\thunderplayer\thunderplayer\thunderplayer\upbge-0.2.5b\build_player\source\gameengine\ketsji\ge_logic_ketsji.dir\release\ge_logic_ketsji.tlog\lib.command.1.tlog
