  Building Custom Rule C:/Users/lucas/Desktop/Mundo Aberto - Game Dev/ThunderPLayer/ThunderPLayer/ThunderPLayer/upbge-0.2.5b/source/gameengine/Ketsji/CMakeLists.txt
  BL_Action.cpp
  BL_ActionManager.cpp
  BL_BlenderShader.cpp
  BL_Shader.cpp
  BL_Texture.cpp
  KX_2DFilter.cpp
  KX_2DFilterManager.cpp
  KX_2DFilterOffScreen.cpp
  KX_ArmatureSensor.cpp
  KX_BatchGroup.cpp
  KX_BlenderMaterial.cpp
  KX_BoundingBox.cpp
  KX_Camera.cpp
  KX_CameraActuator.cpp
  KX_CameraIpoSGController.cpp
  KX_CharacterWrapper.cpp
  KX_CollisionEventManager.cpp
  KX_CollisionSensor.cpp
  KX_ConstraintActuator.cpp
  KX_ConstraintWrapper.cpp
  KX_CubeMap.cpp
  KX_CullingHandler.cpp
  KX_EmptyObject.cpp
  KX_FontObject.cpp
  KX_GameActuator.cpp
  KX_GameObject.cpp
  KX_Globals.cpp
  KX_IpoController.cpp
  KX_KetsjiEngine.cpp
  KX_LibLoadStatus.cpp
  KX_LightObject.cpp
  KX_LightIpoSGController.cpp
  KX_LodLevel.cpp
  KX_LodManager.cpp
  KX_MaterialIpoController.cpp
  KX_Mesh.cpp
  KX_MotionState.cpp
  KX_MouseActuator.cpp
  KX_MouseFocusSensor.cpp
  KX_MovementSensor.cpp
  KX_NavMeshObject.cpp
  KX_NearSensor.cpp
  KX_ObColorIpoSGController.cpp
  KX_ObjectActuator.cpp
  KX_ObstacleSimulation.cpp
  KX_ParentActuator.cpp
  KX_PlanarMap.cpp
  KX_PolyProxy.cpp
  KX_PyConstraintBinding.cpp
  KX_PyMath.cpp
  KX_PythonComponent.cpp
  KX_PythonComponentManager.cpp
  KX_PythonInit.cpp
  KX_PythonInitTypes.cpp
  KX_PythonMain.cpp
  KX_RadarSensor.cpp
  KX_RayCast.cpp
  KX_RaySensor.cpp
  KX_AddObjectActuator.cpp
  KX_DynamicActuator.cpp
  KX_EndObjectActuator.cpp
  KX_ReplaceMeshActuator.cpp
  set NOMINMAX as preprocessor macro, undefining min/max
  KX_BoneParentNodeRelationship.cpp
  KX_NodeRelationships.cpp
  KX_Scene.cpp
  KX_SceneActuator.cpp
  KX_SoftBodyDeformer.cpp
  KX_SoundActuator.cpp
  KX_StateActuator.cpp
  KX_SteeringActuator.cpp
  KX_TextMaterial.cpp
  KX_TextureRenderer.cpp
  KX_TextureRendererManager.cpp
  KX_TimeCategoryLogger.cpp
  KX_TimeLogger.cpp
  KX_TrackToActuator.cpp
  KX_VehicleWrapper.cpp
  KX_VertexProxy.cpp
  KX_VisibilityActuator.cpp
  KX_WorldInfo.cpp
  KX_WorldIpoController.cpp
  KX_CollisionContactPoints.cpp
  ge_logic_ketsji.vcxproj -> C:\Users\lucas\Desktop\Mundo Aberto - Game Dev\ThunderPLayer\ThunderPLayer\ThunderPLayer\upbge-0.2.5b\build_player\lib\Release\ge_logic_ketsji.lib
