c:\users\lucas\desktop\mundo aberto - game dev\thunderplayer\thunderplayer\thunderplayer\upbge-0.2.5b\build_player\source\gameengine\rasterizer\ge_rasterizer.dir\release\ras_deformer.obj
c:\users\lucas\desktop\mundo aberto - game dev\thunderplayer\thunderplayer\thunderplayer\upbge-0.2.5b\build_player\source\gameengine\rasterizer\ge_rasterizer.dir\release\ras_shader.obj
c:\users\lucas\desktop\mundo aberto - game dev\thunderplayer\thunderplayer\thunderplayer\upbge-0.2.5b\build_player\source\gameengine\rasterizer\ge_rasterizer.dir\release\ras_batchgroup.obj
c:\users\lucas\desktop\mundo aberto - game dev\thunderplayer\thunderplayer\thunderplayer\upbge-0.2.5b\build_player\source\gameengine\rasterizer\ge_rasterizer.dir\release\ras_debugdraw.obj
c:\users\lucas\desktop\mundo aberto - game dev\thunderplayer\thunderplayer\thunderplayer\upbge-0.2.5b\build_player\source\gameengine\rasterizer\ge_rasterizer.dir\release\ras_meshuser.obj
c:\users\lucas\desktop\mundo aberto - game dev\thunderplayer\thunderplayer\thunderplayer\upbge-0.2.5b\build_player\source\gameengine\rasterizer\ge_rasterizer.dir\release\ras_2dfilterdata.obj
c:\users\lucas\desktop\mundo aberto - game dev\thunderplayer\thunderplayer\thunderplayer\upbge-0.2.5b\build_player\source\gameengine\rasterizer\ge_rasterizer.dir\release\ras_framingmanager.obj
c:\users\lucas\desktop\mundo aberto - game dev\thunderplayer\thunderplayer\thunderplayer\upbge-0.2.5b\build_player\source\gameengine\rasterizer\ge_rasterizer.dir\release\ras_instancingbuffer.obj
c:\users\lucas\desktop\mundo aberto - game dev\thunderplayer\thunderplayer\thunderplayer\upbge-0.2.5b\build_player\source\gameengine\rasterizer\ge_rasterizer.dir\release\ras_textuser.obj
c:\users\lucas\desktop\mundo aberto - game dev\thunderplayer\thunderplayer\thunderplayer\upbge-0.2.5b\build_player\source\gameengine\rasterizer\ge_rasterizer.dir\release\ras_batchdisplayarray.obj
c:\users\lucas\desktop\mundo aberto - game dev\thunderplayer\thunderplayer\thunderplayer\upbge-0.2.5b\build_player\source\gameengine\rasterizer\ge_rasterizer.dir\release\ras_meshslot.obj
c:\users\lucas\desktop\mundo aberto - game dev\thunderplayer\thunderplayer\thunderplayer\upbge-0.2.5b\build_player\source\gameengine\rasterizer\ge_rasterizer.dir\release\ras_displayarraystorage.obj
c:\users\lucas\desktop\mundo aberto - game dev\thunderplayer\thunderplayer\thunderplayer\upbge-0.2.5b\build_player\source\gameengine\rasterizer\ge_rasterizer.dir\release\ras_icanvas.obj
c:\users\lucas\desktop\mundo aberto - game dev\thunderplayer\thunderplayer\thunderplayer\upbge-0.2.5b\build_player\source\gameengine\rasterizer\ge_rasterizer.dir\release\ras_attributearray.obj
c:\users\lucas\desktop\mundo aberto - game dev\thunderplayer\thunderplayer\thunderplayer\upbge-0.2.5b\build_player\source\gameengine\rasterizer\ge_rasterizer.dir\release\ras_meshmaterial.obj
c:\users\lucas\desktop\mundo aberto - game dev\thunderplayer\thunderplayer\thunderplayer\upbge-0.2.5b\build_player\source\gameengine\rasterizer\ge_rasterizer.dir\release\ras_texturerenderer.obj
c:\users\lucas\desktop\mundo aberto - game dev\thunderplayer\thunderplayer\thunderplayer\upbge-0.2.5b\build_player\source\gameengine\rasterizer\ge_rasterizer.dir\release\ras_2dfiltermanager.obj
c:\users\lucas\desktop\mundo aberto - game dev\thunderplayer\thunderplayer\thunderplayer\upbge-0.2.5b\build_player\source\gameengine\rasterizer\ge_rasterizer.dir\release\ras_query.obj
c:\users\lucas\desktop\mundo aberto - game dev\thunderplayer\thunderplayer\thunderplayer\upbge-0.2.5b\build_player\source\gameengine\rasterizer\ge_rasterizer.dir\release\ras_displayarray.obj
c:\users\lucas\desktop\mundo aberto - game dev\thunderplayer\thunderplayer\thunderplayer\upbge-0.2.5b\build_player\source\gameengine\rasterizer\ge_rasterizer.dir\release\ras_vertexinfo.obj
c:\users\lucas\desktop\mundo aberto - game dev\thunderplayer\thunderplayer\thunderplayer\upbge-0.2.5b\build_player\source\gameengine\rasterizer\ge_rasterizer.dir\release\ras_attributearraystorage.obj
c:\users\lucas\desktop\mundo aberto - game dev\thunderplayer\thunderplayer\thunderplayer\upbge-0.2.5b\build_player\source\gameengine\rasterizer\ge_rasterizer.dir\release\ras_rasterizer.obj
c:\users\lucas\desktop\mundo aberto - game dev\thunderplayer\thunderplayer\thunderplayer\upbge-0.2.5b\build_player\source\gameengine\rasterizer\ge_rasterizer.dir\release\ras_boundingbox.obj
c:\users\lucas\desktop\mundo aberto - game dev\thunderplayer\thunderplayer\thunderplayer\upbge-0.2.5b\build_player\source\gameengine\rasterizer\ge_rasterizer.dir\release\ras_offscreen.obj
c:\users\lucas\desktop\mundo aberto - game dev\thunderplayer\thunderplayer\thunderplayer\upbge-0.2.5b\build_player\source\gameengine\rasterizer\ge_rasterizer.dir\release\ras_2dfilter.obj
c:\users\lucas\desktop\mundo aberto - game dev\thunderplayer\thunderplayer\thunderplayer\upbge-0.2.5b\build_player\source\gameengine\rasterizer\ge_rasterizer.dir\release\ras_materialbucket.obj
c:\users\lucas\desktop\mundo aberto - game dev\thunderplayer\thunderplayer\thunderplayer\upbge-0.2.5b\build_player\source\gameengine\rasterizer\ge_rasterizer.dir\release\ras_2dfilteroffscreen.obj
c:\users\lucas\desktop\mundo aberto - game dev\thunderplayer\thunderplayer\thunderplayer\upbge-0.2.5b\build_player\source\gameengine\rasterizer\ge_rasterizer.dir\release\ras_imaterial.obj
c:\users\lucas\desktop\mundo aberto - game dev\thunderplayer\thunderplayer\thunderplayer\upbge-0.2.5b\build_player\source\gameengine\rasterizer\ge_rasterizer.dir\release\ras_displayarraybucket.obj
c:\users\lucas\desktop\mundo aberto - game dev\thunderplayer\thunderplayer\thunderplayer\upbge-0.2.5b\build_player\source\gameengine\rasterizer\ge_rasterizer.dir\release\ras_texture.obj
c:\users\lucas\desktop\mundo aberto - game dev\thunderplayer\thunderplayer\thunderplayer\upbge-0.2.5b\build_player\source\gameengine\rasterizer\ge_rasterizer.dir\release\ras_boundingboxmanager.obj
c:\users\lucas\desktop\mundo aberto - game dev\thunderplayer\thunderplayer\thunderplayer\upbge-0.2.5b\build_player\source\gameengine\rasterizer\ge_rasterizer.dir\release\ras_mesh.obj
c:\users\lucas\desktop\mundo aberto - game dev\thunderplayer\thunderplayer\thunderplayer\upbge-0.2.5b\build_player\source\gameengine\rasterizer\ge_rasterizer.dir\release\ras_bucketmanager.obj
c:\users\lucas\desktop\mundo aberto - game dev\thunderplayer\thunderplayer\thunderplayer\upbge-0.2.5b\build_player\source\gameengine\rasterizer\ge_rasterizer.dir\release\ras_invert2dfilter.glsl.obj
c:\users\lucas\desktop\mundo aberto - game dev\thunderplayer\thunderplayer\thunderplayer\upbge-0.2.5b\build_player\source\gameengine\rasterizer\ge_rasterizer.dir\release\ras_dilation2dfilter.glsl.obj
c:\users\lucas\desktop\mundo aberto - game dev\thunderplayer\thunderplayer\thunderplayer\upbge-0.2.5b\build_player\source\gameengine\rasterizer\ge_rasterizer.dir\release\ras_laplacian2dfilter.glsl.obj
c:\users\lucas\desktop\mundo aberto - game dev\thunderplayer\thunderplayer\thunderplayer\upbge-0.2.5b\build_player\source\gameengine\rasterizer\ge_rasterizer.dir\release\ras_prewitt2dfilter.glsl.obj
c:\users\lucas\desktop\mundo aberto - game dev\thunderplayer\thunderplayer\thunderplayer\upbge-0.2.5b\build_player\source\gameengine\rasterizer\ge_rasterizer.dir\release\ras_fxaa2dfilter.glsl.obj
c:\users\lucas\desktop\mundo aberto - game dev\thunderplayer\thunderplayer\thunderplayer\upbge-0.2.5b\build_player\source\gameengine\rasterizer\ge_rasterizer.dir\release\ras_sobel2dfilter.glsl.obj
c:\users\lucas\desktop\mundo aberto - game dev\thunderplayer\thunderplayer\thunderplayer\upbge-0.2.5b\build_player\source\gameengine\rasterizer\ge_rasterizer.dir\release\ras_sharpen2dfilter.glsl.obj
c:\users\lucas\desktop\mundo aberto - game dev\thunderplayer\thunderplayer\thunderplayer\upbge-0.2.5b\build_player\source\gameengine\rasterizer\ge_rasterizer.dir\release\ras_erosion2dfilter.glsl.obj
c:\users\lucas\desktop\mundo aberto - game dev\thunderplayer\thunderplayer\thunderplayer\upbge-0.2.5b\build_player\source\gameengine\rasterizer\ge_rasterizer.dir\release\ras_blur2dfilter.glsl.obj
c:\users\lucas\desktop\mundo aberto - game dev\thunderplayer\thunderplayer\thunderplayer\upbge-0.2.5b\build_player\source\gameengine\rasterizer\ge_rasterizer.dir\release\ras_grayscale2dfilter.glsl.obj
c:\users\lucas\desktop\mundo aberto - game dev\thunderplayer\thunderplayer\thunderplayer\upbge-0.2.5b\build_player\source\gameengine\rasterizer\ge_rasterizer.dir\release\ras_sepia2dfilter.glsl.obj
c:\users\lucas\desktop\mundo aberto - game dev\thunderplayer\thunderplayer\thunderplayer\upbge-0.2.5b\build_player\source\gameengine\rasterizer\ge_rasterizer.dir\release\ras_vertexshader2dfilter.glsl.obj
c:\users\lucas\desktop\mundo aberto - game dev\thunderplayer\thunderplayer\thunderplayer\upbge-0.2.5b\build_player\source\gameengine\rasterizer\ras_openglfilters\ras_blur2dfilter.glsl.c
c:\users\lucas\desktop\mundo aberto - game dev\thunderplayer\thunderplayer\thunderplayer\upbge-0.2.5b\build_player\source\gameengine\rasterizer\ras_openglfilters\ras_dilation2dfilter.glsl.c
c:\users\lucas\desktop\mundo aberto - game dev\thunderplayer\thunderplayer\thunderplayer\upbge-0.2.5b\build_player\source\gameengine\rasterizer\ras_openglfilters\ras_erosion2dfilter.glsl.c
c:\users\lucas\desktop\mundo aberto - game dev\thunderplayer\thunderplayer\thunderplayer\upbge-0.2.5b\build_player\source\gameengine\rasterizer\ras_openglfilters\ras_fxaa2dfilter.glsl.c
c:\users\lucas\desktop\mundo aberto - game dev\thunderplayer\thunderplayer\thunderplayer\upbge-0.2.5b\build_player\source\gameengine\rasterizer\ras_openglfilters\ras_grayscale2dfilter.glsl.c
c:\users\lucas\desktop\mundo aberto - game dev\thunderplayer\thunderplayer\thunderplayer\upbge-0.2.5b\build_player\source\gameengine\rasterizer\ras_openglfilters\ras_invert2dfilter.glsl.c
c:\users\lucas\desktop\mundo aberto - game dev\thunderplayer\thunderplayer\thunderplayer\upbge-0.2.5b\build_player\source\gameengine\rasterizer\ras_openglfilters\ras_laplacian2dfilter.glsl.c
c:\users\lucas\desktop\mundo aberto - game dev\thunderplayer\thunderplayer\thunderplayer\upbge-0.2.5b\build_player\source\gameengine\rasterizer\ras_openglfilters\ras_prewitt2dfilter.glsl.c
c:\users\lucas\desktop\mundo aberto - game dev\thunderplayer\thunderplayer\thunderplayer\upbge-0.2.5b\build_player\source\gameengine\rasterizer\ras_openglfilters\ras_sepia2dfilter.glsl.c
c:\users\lucas\desktop\mundo aberto - game dev\thunderplayer\thunderplayer\thunderplayer\upbge-0.2.5b\build_player\source\gameengine\rasterizer\ras_openglfilters\ras_sharpen2dfilter.glsl.c
c:\users\lucas\desktop\mundo aberto - game dev\thunderplayer\thunderplayer\thunderplayer\upbge-0.2.5b\build_player\source\gameengine\rasterizer\ras_openglfilters\ras_sobel2dfilter.glsl.c
c:\users\lucas\desktop\mundo aberto - game dev\thunderplayer\thunderplayer\thunderplayer\upbge-0.2.5b\build_player\source\gameengine\rasterizer\ras_openglfilters\ras_vertexshader2dfilter.glsl.c
c:\users\lucas\desktop\mundo aberto - game dev\thunderplayer\thunderplayer\thunderplayer\upbge-0.2.5b\build_player\source\gameengine\rasterizer\cmakefiles\generate.stamp
c:\users\lucas\desktop\mundo aberto - game dev\thunderplayer\thunderplayer\thunderplayer\upbge-0.2.5b\build_player\lib\release\ge_rasterizer.lib
c:\users\lucas\desktop\mundo aberto - game dev\thunderplayer\thunderplayer\thunderplayer\upbge-0.2.5b\build_player\source\gameengine\rasterizer\ge_rasterizer.dir\release\ge_rasterizer.tlog\cl.10544.write.1.tlog
c:\users\lucas\desktop\mundo aberto - game dev\thunderplayer\thunderplayer\thunderplayer\upbge-0.2.5b\build_player\source\gameengine\rasterizer\ge_rasterizer.dir\release\ge_rasterizer.tlog\cl.command.1.tlog
c:\users\lucas\desktop\mundo aberto - game dev\thunderplayer\thunderplayer\thunderplayer\upbge-0.2.5b\build_player\source\gameengine\rasterizer\ge_rasterizer.dir\release\ge_rasterizer.tlog\cl.read.1.tlog
c:\users\lucas\desktop\mundo aberto - game dev\thunderplayer\thunderplayer\thunderplayer\upbge-0.2.5b\build_player\source\gameengine\rasterizer\ge_rasterizer.dir\release\ge_rasterizer.tlog\custombuild.command.1.tlog
c:\users\lucas\desktop\mundo aberto - game dev\thunderplayer\thunderplayer\thunderplayer\upbge-0.2.5b\build_player\source\gameengine\rasterizer\ge_rasterizer.dir\release\ge_rasterizer.tlog\custombuild.read.1.tlog
c:\users\lucas\desktop\mundo aberto - game dev\thunderplayer\thunderplayer\thunderplayer\upbge-0.2.5b\build_player\source\gameengine\rasterizer\ge_rasterizer.dir\release\ge_rasterizer.tlog\custombuild.write.1.tlog
c:\users\lucas\desktop\mundo aberto - game dev\thunderplayer\thunderplayer\thunderplayer\upbge-0.2.5b\build_player\source\gameengine\rasterizer\ge_rasterizer.dir\release\ge_rasterizer.tlog\lib-link.read.1.tlog
c:\users\lucas\desktop\mundo aberto - game dev\thunderplayer\thunderplayer\thunderplayer\upbge-0.2.5b\build_player\source\gameengine\rasterizer\ge_rasterizer.dir\release\ge_rasterizer.tlog\lib-link.write.1.tlog
c:\users\lucas\desktop\mundo aberto - game dev\thunderplayer\thunderplayer\thunderplayer\upbge-0.2.5b\build_player\source\gameengine\rasterizer\ge_rasterizer.dir\release\ge_rasterizer.tlog\lib.command.1.tlog
