  Generating node_absorption_volume.oso
  Generating node_add_closure.oso
  Generating node_ambient_occlusion.oso
  Generating node_anisotropic_bsdf.oso
  Generating node_attribute.oso
  Generating node_background.oso
  Generating node_bevel.oso
  Generating node_blackbody.oso
  Generating node_brick_texture.oso
  Generating node_brightness.oso
  Generating node_bump.oso
  Generating node_camera.oso
  Generating node_checker_texture.oso
  Generating node_combine_hsv.oso
  Generating node_combine_rgb.oso
  Generating node_combine_xyz.oso
  Generating node_convert_from_color.oso
  Generating node_convert_from_float.oso
  Generating node_convert_from_int.oso
  Generating node_convert_from_normal.oso
  Generating node_convert_from_point.oso
  Generating node_convert_from_vector.oso
  Generating node_diffuse_bsdf.oso
  Generating node_displacement.oso
  Generating node_emission.oso
  Generating node_environment_texture.oso
  Generating node_fresnel.oso
  Generating node_gamma.oso
  Generating node_geometry.oso
  Generating node_glass_bsdf.oso
  Generating node_glossy_bsdf.oso
  Generating node_gradient_texture.oso
  Generating node_hair_bsdf.oso
  Generating node_hair_info.oso
  Generating node_holdout.oso
  Generating node_hsv.oso
  Generating node_ies_light.oso
  Generating node_image_texture.oso
  Generating node_invert.oso
  Generating node_layer_weight.oso
  Generating node_light_falloff.oso
  Generating node_light_path.oso
  Generating node_magic_texture.oso
  Generating node_mapping.oso
  Generating node_math.oso
  Generating node_mix.oso
  Generating node_mix_closure.oso
  Generating node_musgrave_texture.oso
  Generating node_noise_texture.oso
  Generating node_normal.oso
  Generating node_normal_map.oso
  Generating node_object_info.oso
  Generating node_output_displacement.oso
  Generating node_output_surface.oso
  Generating node_output_volume.oso
  Generating node_particle_info.oso
  Generating node_principled_bsdf.oso
  Generating node_principled_hair_bsdf.oso
  Generating node_principled_volume.oso
  Generating node_refraction_bsdf.oso
  Generating node_rgb_curves.oso
  Generating node_rgb_ramp.oso
  Generating node_rgb_to_bw.oso
  Generating node_scatter_volume.oso
  Generating node_separate_hsv.oso
  Generating node_separate_rgb.oso
  Generating node_separate_xyz.oso
  Generating node_set_normal.oso
  Generating node_sky_texture.oso
  Generating node_subsurface_scattering.oso
  Generating node_tangent.oso
  Generating node_texture_coordinate.oso
  Generating node_toon_bsdf.oso
  Generating node_translucent_bsdf.oso
  Generating node_transparent_bsdf.oso
  Generating node_uv_map.oso
  Generating node_value.oso
  Generating node_vector_curves.oso
  Generating node_vector_displacement.oso
  Generating node_vector_math.oso
  Generating node_vector_transform.oso
  Generating node_velvet_bsdf.oso
  Generating node_voronoi_texture.oso
  Generating node_voxel_texture.oso
  Generating node_wave_texture.oso
  Generating node_wavelength.oso
  Generating node_wireframe.oso
  Building Custom Rule C:/Users/lucas/Desktop/Mundo Aberto - Game Dev/ThunderPLayer/ThunderPLayer/ThunderPLayer/upbge-0.2.5b/intern/cycles/kernel/shaders/CMakeLists.txt
