c:\users\lucas\desktop\mundo aberto - game dev\thunderplayer\thunderplayer\thunderplayer\upbge-0.2.5b\build_player\source\blender\editors\transform\bf_editor_transform.dir\release\transform_generics.obj
c:\users\lucas\desktop\mundo aberto - game dev\thunderplayer\thunderplayer\thunderplayer\upbge-0.2.5b\build_player\source\blender\editors\transform\bf_editor_transform.dir\release\transform.obj
c:\users\lucas\desktop\mundo aberto - game dev\thunderplayer\thunderplayer\thunderplayer\upbge-0.2.5b\build_player\source\blender\editors\transform\bf_editor_transform.dir\release\transform_snap_object.obj
c:\users\lucas\desktop\mundo aberto - game dev\thunderplayer\thunderplayer\thunderplayer\upbge-0.2.5b\build_player\source\blender\editors\transform\bf_editor_transform.dir\release\transform_ops.obj
c:\users\lucas\desktop\mundo aberto - game dev\thunderplayer\thunderplayer\thunderplayer\upbge-0.2.5b\build_player\source\blender\editors\transform\bf_editor_transform.dir\release\transform_snap.obj
c:\users\lucas\desktop\mundo aberto - game dev\thunderplayer\thunderplayer\thunderplayer\upbge-0.2.5b\build_player\source\blender\editors\transform\bf_editor_transform.dir\release\transform_constraints.obj
c:\users\lucas\desktop\mundo aberto - game dev\thunderplayer\thunderplayer\thunderplayer\upbge-0.2.5b\build_player\source\blender\editors\transform\bf_editor_transform.dir\release\transform_input.obj
c:\users\lucas\desktop\mundo aberto - game dev\thunderplayer\thunderplayer\thunderplayer\upbge-0.2.5b\build_player\source\blender\editors\transform\bf_editor_transform.dir\release\transform_manipulator.obj
c:\users\lucas\desktop\mundo aberto - game dev\thunderplayer\thunderplayer\thunderplayer\upbge-0.2.5b\build_player\source\blender\editors\transform\bf_editor_transform.dir\release\transform_conversions.obj
c:\users\lucas\desktop\mundo aberto - game dev\thunderplayer\thunderplayer\thunderplayer\upbge-0.2.5b\build_player\source\blender\editors\transform\bf_editor_transform.dir\release\transform_orientations.obj
c:\users\lucas\desktop\mundo aberto - game dev\thunderplayer\thunderplayer\thunderplayer\upbge-0.2.5b\build_player\source\blender\editors\transform\cmakefiles\generate.stamp
c:\users\lucas\desktop\mundo aberto - game dev\thunderplayer\thunderplayer\thunderplayer\upbge-0.2.5b\build_player\lib\release\bf_editor_transform.lib
c:\users\lucas\desktop\mundo aberto - game dev\thunderplayer\thunderplayer\thunderplayer\upbge-0.2.5b\build_player\source\blender\editors\transform\bf_editor_transform.dir\release\bf_edito.77ca7812.tlog\cl.10096.write.1.tlog
c:\users\lucas\desktop\mundo aberto - game dev\thunderplayer\thunderplayer\thunderplayer\upbge-0.2.5b\build_player\source\blender\editors\transform\bf_editor_transform.dir\release\bf_edito.77ca7812.tlog\cl.command.1.tlog
c:\users\lucas\desktop\mundo aberto - game dev\thunderplayer\thunderplayer\thunderplayer\upbge-0.2.5b\build_player\source\blender\editors\transform\bf_editor_transform.dir\release\bf_edito.77ca7812.tlog\cl.read.1.tlog
c:\users\lucas\desktop\mundo aberto - game dev\thunderplayer\thunderplayer\thunderplayer\upbge-0.2.5b\build_player\source\blender\editors\transform\bf_editor_transform.dir\release\bf_edito.77ca7812.tlog\custombuild.command.1.tlog
c:\users\lucas\desktop\mundo aberto - game dev\thunderplayer\thunderplayer\thunderplayer\upbge-0.2.5b\build_player\source\blender\editors\transform\bf_editor_transform.dir\release\bf_edito.77ca7812.tlog\custombuild.read.1.tlog
c:\users\lucas\desktop\mundo aberto - game dev\thunderplayer\thunderplayer\thunderplayer\upbge-0.2.5b\build_player\source\blender\editors\transform\bf_editor_transform.dir\release\bf_edito.77ca7812.tlog\custombuild.write.1.tlog
c:\users\lucas\desktop\mundo aberto - game dev\thunderplayer\thunderplayer\thunderplayer\upbge-0.2.5b\build_player\source\blender\editors\transform\bf_editor_transform.dir\release\bf_edito.77ca7812.tlog\lib-link.read.1.tlog
c:\users\lucas\desktop\mundo aberto - game dev\thunderplayer\thunderplayer\thunderplayer\upbge-0.2.5b\build_player\source\blender\editors\transform\bf_editor_transform.dir\release\bf_edito.77ca7812.tlog\lib-link.write.1.tlog
c:\users\lucas\desktop\mundo aberto - game dev\thunderplayer\thunderplayer\thunderplayer\upbge-0.2.5b\build_player\source\blender\editors\transform\bf_editor_transform.dir\release\bf_edito.77ca7812.tlog\lib.command.1.tlog
