  Building Custom Rule C:/Users/lucas/Desktop/Mundo Aberto - Game Dev/ThunderPLayer/ThunderPLayer/ThunderPLayer/upbge-0.2.5b/source/blender/editors/space_clip/CMakeLists.txt
  clip_buttons.c
  clip_dopesheet_draw.c
  clip_dopesheet_ops.c
  clip_draw.c
  clip_editor.c
  clip_graph_draw.c
  clip_graph_ops.c
  clip_ops.c
  clip_toolbar.c
  clip_utils.c
  space_clip.c
  tracking_ops.c
  tracking_ops_detect.c
  tracking_ops_orient.c
  tracking_ops_plane.c
  tracking_ops_solve.c
  tracking_ops_stabilize.c
  tracking_ops_track.c
  tracking_ops_utils.c
  tracking_select.c
  bf_editor_space_clip.vcxproj -> C:\Users\lucas\Desktop\Mundo Aberto - Game Dev\ThunderPLayer\ThunderPLayer\ThunderPLayer\upbge-0.2.5b\build_player\lib\Release\bf_editor_space_clip.lib
