c:\users\lucas\desktop\mundo aberto - game dev\thunderplayer\thunderplayer\thunderplayer\upbge-0.2.5b\build_player\intern\audaspace\bf_intern_audaspace.dir\release\aud_butterworthcalculator.obj
c:\users\lucas\desktop\mundo aberto - game dev\thunderplayer\thunderplayer\thunderplayer\upbge-0.2.5b\build_player\intern\audaspace\bf_intern_audaspace.dir\release\aud_delayreader.obj
c:\users\lucas\desktop\mundo aberto - game dev\thunderplayer\thunderplayer\thunderplayer\upbge-0.2.5b\build_player\intern\audaspace\bf_intern_audaspace.dir\release\aud_loopreader.obj
c:\users\lucas\desktop\mundo aberto - game dev\thunderplayer\thunderplayer\thunderplayer\upbge-0.2.5b\build_player\intern\audaspace\bf_intern_audaspace.dir\release\aud_reversereader.obj
c:\users\lucas\desktop\mundo aberto - game dev\thunderplayer\thunderplayer\thunderplayer\upbge-0.2.5b\build_player\intern\audaspace\bf_intern_audaspace.dir\release\aud_filewriter.obj
c:\users\lucas\desktop\mundo aberto - game dev\thunderplayer\thunderplayer\thunderplayer\upbge-0.2.5b\build_player\intern\audaspace\bf_intern_audaspace.dir\release\aud_sequencerhandle.obj
c:\users\lucas\desktop\mundo aberto - game dev\thunderplayer\thunderplayer\thunderplayer\upbge-0.2.5b\build_player\intern\audaspace\bf_intern_audaspace.dir\release\aud_sdldevice.obj
c:\users\lucas\desktop\mundo aberto - game dev\thunderplayer\thunderplayer\thunderplayer\upbge-0.2.5b\build_player\intern\audaspace\bf_intern_audaspace.dir\release\aud_highpassfactory.obj
c:\users\lucas\desktop\mundo aberto - game dev\thunderplayer\thunderplayer\thunderplayer\upbge-0.2.5b\build_player\intern\audaspace\bf_intern_audaspace.dir\release\aud_bufferreader.obj
c:\users\lucas\desktop\mundo aberto - game dev\thunderplayer\thunderplayer\thunderplayer\upbge-0.2.5b\build_player\intern\audaspace\bf_intern_audaspace.dir\release\aud_set.obj
c:\users\lucas\desktop\mundo aberto - game dev\thunderplayer\thunderplayer\thunderplayer\upbge-0.2.5b\build_player\intern\audaspace\bf_intern_audaspace.dir\release\aud_ffmpegwriter.obj
c:\users\lucas\desktop\mundo aberto - game dev\thunderplayer\thunderplayer\thunderplayer\upbge-0.2.5b\build_player\intern\audaspace\bf_intern_audaspace.dir\release\aud_doublefactory.obj
c:\users\lucas\desktop\mundo aberto - game dev\thunderplayer\thunderplayer\thunderplayer\upbge-0.2.5b\build_player\intern\audaspace\bf_intern_audaspace.dir\release\aud_lowpasscalculator.obj
c:\users\lucas\desktop\mundo aberto - game dev\thunderplayer\thunderplayer\thunderplayer\upbge-0.2.5b\build_player\intern\audaspace\bf_intern_audaspace.dir\release\aud_pingpongfactory.obj
c:\users\lucas\desktop\mundo aberto - game dev\thunderplayer\thunderplayer\thunderplayer\upbge-0.2.5b\build_player\intern\audaspace\bf_intern_audaspace.dir\release\aud_converterfactory.obj
c:\users\lucas\desktop\mundo aberto - game dev\thunderplayer\thunderplayer\thunderplayer\upbge-0.2.5b\build_player\intern\audaspace\bf_intern_audaspace.dir\release\aud_readdevice.obj
c:\users\lucas\desktop\mundo aberto - game dev\thunderplayer\thunderplayer\thunderplayer\upbge-0.2.5b\build_player\intern\audaspace\bf_intern_audaspace.dir\release\aud_softwaredevice.obj
c:\users\lucas\desktop\mundo aberto - game dev\thunderplayer\thunderplayer\thunderplayer\upbge-0.2.5b\build_player\intern\audaspace\bf_intern_audaspace.dir\release\aud_effectreader.obj
c:\users\lucas\desktop\mundo aberto - game dev\thunderplayer\thunderplayer\thunderplayer\upbge-0.2.5b\build_player\intern\audaspace\bf_intern_audaspace.dir\release\aud_squarefactory.obj
c:\users\lucas\desktop\mundo aberto - game dev\thunderplayer\thunderplayer\thunderplayer\upbge-0.2.5b\build_player\intern\audaspace\bf_intern_audaspace.dir\release\aud_mixer.obj
c:\users\lucas\desktop\mundo aberto - game dev\thunderplayer\thunderplayer\thunderplayer\upbge-0.2.5b\build_player\intern\audaspace\bf_intern_audaspace.dir\release\aud_iirfilterfactory.obj
c:\users\lucas\desktop\mundo aberto - game dev\thunderplayer\thunderplayer\thunderplayer\upbge-0.2.5b\build_player\intern\audaspace\bf_intern_audaspace.dir\release\aud_c-api.obj
c:\users\lucas\desktop\mundo aberto - game dev\thunderplayer\thunderplayer\thunderplayer\upbge-0.2.5b\build_player\intern\audaspace\bf_intern_audaspace.dir\release\aud_effectfactory.obj
c:\users\lucas\desktop\mundo aberto - game dev\thunderplayer\thunderplayer\thunderplayer\upbge-0.2.5b\build_player\intern\audaspace\bf_intern_audaspace.dir\release\aud_pitchfactory.obj
c:\users\lucas\desktop\mundo aberto - game dev\thunderplayer\thunderplayer\thunderplayer\upbge-0.2.5b\build_player\intern\audaspace\bf_intern_audaspace.dir\release\aud_converterfunctions.obj
c:\users\lucas\desktop\mundo aberto - game dev\thunderplayer\thunderplayer\thunderplayer\upbge-0.2.5b\build_player\intern\audaspace\bf_intern_audaspace.dir\release\aud_josresamplereader.obj
c:\users\lucas\desktop\mundo aberto - game dev\thunderplayer\thunderplayer\thunderplayer\upbge-0.2.5b\build_player\intern\audaspace\bf_intern_audaspace.dir\release\aud_dynamiciirfilterreader.obj
c:\users\lucas\desktop\mundo aberto - game dev\thunderplayer\thunderplayer\thunderplayer\upbge-0.2.5b\build_player\intern\audaspace\bf_intern_audaspace.dir\release\aud_pitchreader.obj
c:\users\lucas\desktop\mundo aberto - game dev\thunderplayer\thunderplayer\thunderplayer\upbge-0.2.5b\build_player\intern\audaspace\bf_intern_audaspace.dir\release\aud_filefactory.obj
c:\users\lucas\desktop\mundo aberto - game dev\thunderplayer\thunderplayer\thunderplayer\upbge-0.2.5b\build_player\intern\audaspace\bf_intern_audaspace.dir\release\aud_sequencerfactory.obj
c:\users\lucas\desktop\mundo aberto - game dev\thunderplayer\thunderplayer\thunderplayer\upbge-0.2.5b\build_player\intern\audaspace\bf_intern_audaspace.dir\release\aud_ffmpegreader.obj
c:\users\lucas\desktop\mundo aberto - game dev\thunderplayer\thunderplayer\thunderplayer\upbge-0.2.5b\build_player\intern\audaspace\bf_intern_audaspace.dir\release\aud_dynamiciirfilterfactory.obj
c:\users\lucas\desktop\mundo aberto - game dev\thunderplayer\thunderplayer\thunderplayer\upbge-0.2.5b\build_player\intern\audaspace\bf_intern_audaspace.dir\release\aud_rectifyfactory.obj
c:\users\lucas\desktop\mundo aberto - game dev\thunderplayer\thunderplayer\thunderplayer\upbge-0.2.5b\build_player\intern\audaspace\bf_intern_audaspace.dir\release\aud_channelmapperreader.obj
c:\users\lucas\desktop\mundo aberto - game dev\thunderplayer\thunderplayer\thunderplayer\upbge-0.2.5b\build_player\intern\audaspace\bf_intern_audaspace.dir\release\aud_resamplereader.obj
c:\users\lucas\desktop\mundo aberto - game dev\thunderplayer\thunderplayer\thunderplayer\upbge-0.2.5b\build_player\intern\audaspace\bf_intern_audaspace.dir\release\aud_streambufferfactory.obj
c:\users\lucas\desktop\mundo aberto - game dev\thunderplayer\thunderplayer\thunderplayer\upbge-0.2.5b\build_player\intern\audaspace\bf_intern_audaspace.dir\release\aud_callbackiirfilterreader.obj
c:\users\lucas\desktop\mundo aberto - game dev\thunderplayer\thunderplayer\thunderplayer\upbge-0.2.5b\build_player\intern\audaspace\bf_intern_audaspace.dir\release\aud_highpasscalculator.obj
c:\users\lucas\desktop\mundo aberto - game dev\thunderplayer\thunderplayer\thunderplayer\upbge-0.2.5b\build_player\intern\audaspace\bf_intern_audaspace.dir\release\aud_loopfactory.obj
c:\users\lucas\desktop\mundo aberto - game dev\thunderplayer\thunderplayer\thunderplayer\upbge-0.2.5b\build_player\intern\audaspace\bf_intern_audaspace.dir\release\aud_reversefactory.obj
c:\users\lucas\desktop\mundo aberto - game dev\thunderplayer\thunderplayer\thunderplayer\upbge-0.2.5b\build_player\intern\audaspace\bf_intern_audaspace.dir\release\aud_josresamplefactory.obj
c:\users\lucas\desktop\mundo aberto - game dev\thunderplayer\thunderplayer\thunderplayer\upbge-0.2.5b\build_player\intern\audaspace\bf_intern_audaspace.dir\release\aud_sequencerreader.obj
c:\users\lucas\desktop\mundo aberto - game dev\thunderplayer\thunderplayer\thunderplayer\upbge-0.2.5b\build_player\intern\audaspace\bf_intern_audaspace.dir\release\aud_pyapi.obj
c:\users\lucas\desktop\mundo aberto - game dev\thunderplayer\thunderplayer\thunderplayer\upbge-0.2.5b\build_player\intern\audaspace\bf_intern_audaspace.dir\release\aud_faderreader.obj
c:\users\lucas\desktop\mundo aberto - game dev\thunderplayer\thunderplayer\thunderplayer\upbge-0.2.5b\build_player\intern\audaspace\bf_intern_audaspace.dir\release\aud_volumefactory.obj
c:\users\lucas\desktop\mundo aberto - game dev\thunderplayer\thunderplayer\thunderplayer\upbge-0.2.5b\build_player\intern\audaspace\bf_intern_audaspace.dir\release\aud_sequencer.obj
c:\users\lucas\desktop\mundo aberto - game dev\thunderplayer\thunderplayer\thunderplayer\upbge-0.2.5b\build_player\intern\audaspace\bf_intern_audaspace.dir\release\aud_faderfactory.obj
c:\users\lucas\desktop\mundo aberto - game dev\thunderplayer\thunderplayer\thunderplayer\upbge-0.2.5b\build_player\intern\audaspace\bf_intern_audaspace.dir\release\aud_superposefactory.obj
c:\users\lucas\desktop\mundo aberto - game dev\thunderplayer\thunderplayer\thunderplayer\upbge-0.2.5b\build_player\intern\audaspace\bf_intern_audaspace.dir\release\aud_mixerfactory.obj
c:\users\lucas\desktop\mundo aberto - game dev\thunderplayer\thunderplayer\thunderplayer\upbge-0.2.5b\build_player\intern\audaspace\bf_intern_audaspace.dir\release\aud_baseiirfilterreader.obj
c:\users\lucas\desktop\mundo aberto - game dev\thunderplayer\thunderplayer\thunderplayer\upbge-0.2.5b\build_player\intern\audaspace\bf_intern_audaspace.dir\release\aud_doublereader.obj
c:\users\lucas\desktop\mundo aberto - game dev\thunderplayer\thunderplayer\thunderplayer\upbge-0.2.5b\build_player\intern\audaspace\bf_intern_audaspace.dir\release\aud_lowpassfactory.obj
c:\users\lucas\desktop\mundo aberto - game dev\thunderplayer\thunderplayer\thunderplayer\upbge-0.2.5b\build_player\intern\audaspace\bf_intern_audaspace.dir\release\aud_converterreader.obj
c:\users\lucas\desktop\mundo aberto - game dev\thunderplayer\thunderplayer\thunderplayer\upbge-0.2.5b\build_player\intern\audaspace\bf_intern_audaspace.dir\release\aud_nulldevice.obj
c:\users\lucas\desktop\mundo aberto - game dev\thunderplayer\thunderplayer\thunderplayer\upbge-0.2.5b\build_player\intern\audaspace\bf_intern_audaspace.dir\release\aud_silencereader.obj
c:\users\lucas\desktop\mundo aberto - game dev\thunderplayer\thunderplayer\thunderplayer\upbge-0.2.5b\build_player\intern\audaspace\bf_intern_audaspace.dir\release\aud_sinusreader.obj
c:\users\lucas\desktop\mundo aberto - game dev\thunderplayer\thunderplayer\thunderplayer\upbge-0.2.5b\build_player\intern\audaspace\bf_intern_audaspace.dir\release\aud_ffmpegfactory.obj
c:\users\lucas\desktop\mundo aberto - game dev\thunderplayer\thunderplayer\thunderplayer\upbge-0.2.5b\build_player\intern\audaspace\bf_intern_audaspace.dir\release\aud_accumulatorfactory.obj
c:\users\lucas\desktop\mundo aberto - game dev\thunderplayer\thunderplayer\thunderplayer\upbge-0.2.5b\build_player\intern\audaspace\bf_intern_audaspace.dir\release\aud_iirfilterreader.obj
c:\users\lucas\desktop\mundo aberto - game dev\thunderplayer\thunderplayer\thunderplayer\upbge-0.2.5b\build_player\intern\audaspace\bf_intern_audaspace.dir\release\aud_animateableproperty.obj
c:\users\lucas\desktop\mundo aberto - game dev\thunderplayer\thunderplayer\thunderplayer\upbge-0.2.5b\build_player\intern\audaspace\bf_intern_audaspace.dir\release\aud_linearresamplereader.obj
c:\users\lucas\desktop\mundo aberto - game dev\thunderplayer\thunderplayer\thunderplayer\upbge-0.2.5b\build_player\intern\audaspace\bf_intern_audaspace.dir\release\aud_openaldevice.obj
c:\users\lucas\desktop\mundo aberto - game dev\thunderplayer\thunderplayer\thunderplayer\upbge-0.2.5b\build_player\intern\audaspace\bf_intern_audaspace.dir\release\aud_envelopefactory.obj
c:\users\lucas\desktop\mundo aberto - game dev\thunderplayer\thunderplayer\thunderplayer\upbge-0.2.5b\build_player\intern\audaspace\bf_intern_audaspace.dir\release\aud_superposereader.obj
c:\users\lucas\desktop\mundo aberto - game dev\thunderplayer\thunderplayer\thunderplayer\upbge-0.2.5b\build_player\intern\audaspace\bf_intern_audaspace.dir\release\aud_sinusfactory.obj
c:\users\lucas\desktop\mundo aberto - game dev\thunderplayer\thunderplayer\thunderplayer\upbge-0.2.5b\build_player\intern\audaspace\bf_intern_audaspace.dir\release\aud_butterworthfactory.obj
c:\users\lucas\desktop\mundo aberto - game dev\thunderplayer\thunderplayer\thunderplayer\upbge-0.2.5b\build_player\intern\audaspace\bf_intern_audaspace.dir\release\aud_limiterfactory.obj
c:\users\lucas\desktop\mundo aberto - game dev\thunderplayer\thunderplayer\thunderplayer\upbge-0.2.5b\build_player\intern\audaspace\bf_intern_audaspace.dir\release\aud_buffer.obj
c:\users\lucas\desktop\mundo aberto - game dev\thunderplayer\thunderplayer\thunderplayer\upbge-0.2.5b\build_player\intern\audaspace\bf_intern_audaspace.dir\release\aud_channelmapperfactory.obj
c:\users\lucas\desktop\mundo aberto - game dev\thunderplayer\thunderplayer\thunderplayer\upbge-0.2.5b\build_player\intern\audaspace\bf_intern_audaspace.dir\release\aud_sequencerentry.obj
c:\users\lucas\desktop\mundo aberto - game dev\thunderplayer\thunderplayer\thunderplayer\upbge-0.2.5b\build_player\intern\audaspace\bf_intern_audaspace.dir\release\aud_bandpasscalculator.obj
c:\users\lucas\desktop\mundo aberto - game dev\thunderplayer\thunderplayer\thunderplayer\upbge-0.2.5b\build_player\intern\audaspace\bf_intern_audaspace.dir\release\aud_delayfactory.obj
c:\users\lucas\desktop\mundo aberto - game dev\thunderplayer\thunderplayer\thunderplayer\upbge-0.2.5b\build_player\intern\audaspace\bf_intern_audaspace.dir\release\aud_limiterreader.obj
c:\users\lucas\desktop\mundo aberto - game dev\thunderplayer\thunderplayer\thunderplayer\upbge-0.2.5b\build_player\intern\audaspace\bf_intern_audaspace.dir\release\aud_sumfactory.obj
c:\users\lucas\desktop\mundo aberto - game dev\thunderplayer\thunderplayer\thunderplayer\upbge-0.2.5b\build_player\intern\audaspace\bf_intern_audaspace.dir\release\aud_linearresamplefactory.obj
c:\users\lucas\desktop\mundo aberto - game dev\thunderplayer\thunderplayer\thunderplayer\upbge-0.2.5b\build_player\intern\audaspace\bf_intern_audaspace.dir\release\aud_silencefactory.obj
c:\users\lucas\desktop\mundo aberto - game dev\thunderplayer\thunderplayer\thunderplayer\upbge-0.2.5b\build_player\intern\audaspace\cmakefiles\generate.stamp
c:\users\lucas\desktop\mundo aberto - game dev\thunderplayer\thunderplayer\thunderplayer\upbge-0.2.5b\build_player\lib\release\bf_intern_audaspace.lib
c:\users\lucas\desktop\mundo aberto - game dev\thunderplayer\thunderplayer\thunderplayer\upbge-0.2.5b\build_player\intern\audaspace\bf_intern_audaspace.dir\release\bf_inter.fd2d0a7d.tlog\cl.12736.write.1.tlog
c:\users\lucas\desktop\mundo aberto - game dev\thunderplayer\thunderplayer\thunderplayer\upbge-0.2.5b\build_player\intern\audaspace\bf_intern_audaspace.dir\release\bf_inter.fd2d0a7d.tlog\cl.command.1.tlog
c:\users\lucas\desktop\mundo aberto - game dev\thunderplayer\thunderplayer\thunderplayer\upbge-0.2.5b\build_player\intern\audaspace\bf_intern_audaspace.dir\release\bf_inter.fd2d0a7d.tlog\cl.read.1.tlog
c:\users\lucas\desktop\mundo aberto - game dev\thunderplayer\thunderplayer\thunderplayer\upbge-0.2.5b\build_player\intern\audaspace\bf_intern_audaspace.dir\release\bf_inter.fd2d0a7d.tlog\custombuild.command.1.tlog
c:\users\lucas\desktop\mundo aberto - game dev\thunderplayer\thunderplayer\thunderplayer\upbge-0.2.5b\build_player\intern\audaspace\bf_intern_audaspace.dir\release\bf_inter.fd2d0a7d.tlog\custombuild.read.1.tlog
c:\users\lucas\desktop\mundo aberto - game dev\thunderplayer\thunderplayer\thunderplayer\upbge-0.2.5b\build_player\intern\audaspace\bf_intern_audaspace.dir\release\bf_inter.fd2d0a7d.tlog\custombuild.write.1.tlog
c:\users\lucas\desktop\mundo aberto - game dev\thunderplayer\thunderplayer\thunderplayer\upbge-0.2.5b\build_player\intern\audaspace\bf_intern_audaspace.dir\release\bf_inter.fd2d0a7d.tlog\lib-link.read.1.tlog
c:\users\lucas\desktop\mundo aberto - game dev\thunderplayer\thunderplayer\thunderplayer\upbge-0.2.5b\build_player\intern\audaspace\bf_intern_audaspace.dir\release\bf_inter.fd2d0a7d.tlog\lib-link.write.1.tlog
c:\users\lucas\desktop\mundo aberto - game dev\thunderplayer\thunderplayer\thunderplayer\upbge-0.2.5b\build_player\intern\audaspace\bf_intern_audaspace.dir\release\bf_inter.fd2d0a7d.tlog\lib.command.1.tlog
