  Building Custom Rule C:/Users/lucas/Desktop/Mundo Aberto - Game Dev/ThunderPLayer/ThunderPLayer/ThunderPLayer/upbge-0.2.5b/source/blender/blenlib/CMakeLists.txt
  BLI_args.c
  BLI_array.c
  BLI_dial_2d.c
  BLI_dynstr.c
  BLI_filelist.c
  BLI_ghash.c
  BLI_ghash_utils.c
  BLI_heap.c
  BLI_kdopbvh.c
  BLI_kdtree.c
  BLI_linklist.c
  BLI_linklist_lockfree.c
  BLI_memarena.c
  BLI_mempool.c
  DLRB_tree.c
  array_store.c
  array_store_utils.c
  array_utils.c
  astar.c
  bitmap_draw_2d.c
  boxpack_2d.c
  buffer.c
  callbacks.c
  convexhull_2d.c
  dynlib.c
  easing.c
  edgehash.c
  endian_switch.c
  fileops.c
  fnmatch.c
  freetypefont.c
  graph.c
  gsqueue.c
  hash_md5.c
  hash_mm2a.c
  hash_mm3.c
  jitter_2d.c
  lasso_2d.c
  listbase.c
  math_base.c
  math_color.c
  math_geom.c
  math_interp.c
  math_matrix.c
  math_rotation.c
  math_solvers.c
  math_statistics.c
  math_vector.c
  memory_utils.c
  noise.c
  path_util.c
  polyfill_2d.c
  polyfill_2d_beautify.c
  quadric.c
  rand.c
  rct.c
  scanfill.c
  scanfill_utils.c
  smallhash.c
  sort.c
  sort_utils.c
  stack.c
  storage.c
  string.c
  string_cursor_utf8.c
  string_utf8.c
  string_utils.c
  system.c
  task.c
  threads.c
  time.c
  timecode.c
C:\Users\lucas\Desktop\Mundo Aberto - Game Dev\ThunderPLayer\ThunderPLayer\ThunderPLayer\upbge-0.2.5b\source\blender\blenlib\intern\path_util.c(468,6): warning C4189: 'copy_start': variável local é inicializada mas não referenciada
  uvproject.c
  voronoi_2d.c
  voxel.c
  winstuff.c
  winstuff_dir.c
  bf_blenlib.vcxproj -> C:\Users\lucas\Desktop\Mundo Aberto - Game Dev\ThunderPLayer\ThunderPLayer\ThunderPLayer\upbge-0.2.5b\build_player\lib\Release\bf_blenlib.lib
