  Building Custom Rule C:/Users/lucas/Desktop/Mundo Aberto - Game Dev/ThunderPLayer/ThunderPLayer/ThunderPLayer/upbge-0.2.5b/source/blender/bmesh/CMakeLists.txt
  bmo_beautify.c
  bmo_bevel.c
  bmo_bisect_plane.c
  bmo_bridge.c
  bmo_connect.c
  bmo_connect_concave.c
  bmo_connect_nonplanar.c
  bmo_connect_pair.c
  bmo_create.c
  bmo_dissolve.c
  bmo_dupe.c
  bmo_edgenet.c
  bmo_extrude.c
  bmo_fill_attribute.c
  bmo_fill_edgeloop.c
  bmo_fill_grid.c
  bmo_fill_holes.c
  bmo_hull.c
  bmo_inset.c
  bmo_join_triangles.c
  bmo_mesh_conv.c
  bmo_mirror.c
  bmo_normals.c
  bmo_offset_edgeloops.c
  bmo_planar_faces.c
  bmo_poke.c
  bmo_primitive.c
  bmo_removedoubles.c
  bmo_rotate_edges.c
  bmo_similar.c
  bmo_smooth_laplacian.c
  bmo_split_edges.c
  bmo_subdivide.c
  bmo_subdivide_edgering.c
  bmo_symmetrize.c
  bmo_triangulate.c
  bmo_unsubdivide.c
  bmo_utils.c
  bmo_wireframe.c
  bmesh_callback_generic.c
  bmesh_construct.c
  bmesh_core.c
  bmesh_delete.c
  bmesh_edgeloop.c
  bmesh_interp.c
  bmesh_iterators.c
  bmesh_log.c
  bmesh_marking.c
  bmesh_mesh.c
  bmesh_mesh_conv.c
  bmesh_mesh_validate.c
  bmesh_mods.c
  bmesh_opdefines.c
  bmesh_operators.c
  bmesh_polygon.c
  bmesh_polygon_edgenet.c
  bmesh_query.c
  bmesh_structure.c
  bmesh_walkers.c
  bmesh_walkers_impl.c
  bmesh_beautify.c
  bmesh_bevel.c
  bmesh_bisect_plane.c
  bmesh_decimate_collapse.c
  bmesh_decimate_dissolve.c
  bmesh_decimate_unsubdivide.c
  bmesh_edgenet.c
  bmesh_edgesplit.c
  bmesh_intersect.c
  bmesh_path.c
  bmesh_path_region.c
  bmesh_region_match.c
  bmesh_separate.c
  bmesh_triangulate.c
  bmesh_wireframe.c
  bf_bmesh.vcxproj -> C:\Users\lucas\Desktop\Mundo Aberto - Game Dev\ThunderPLayer\ThunderPLayer\ThunderPLayer\upbge-0.2.5b\build_player\lib\Release\bf_bmesh.lib
