c:\users\lucas\desktop\mundo aberto - game dev\thunderplayer\thunderplayer\thunderplayer\upbge-0.2.5b\build_player\intern\ghost\bf_intern_ghost.dir\release\ghost_timermanager.obj
c:\users\lucas\desktop\mundo aberto - game dev\thunderplayer\thunderplayer\thunderplayer\upbge-0.2.5b\build_player\intern\ghost\bf_intern_ghost.dir\release\ghost_rect.obj
c:\users\lucas\desktop\mundo aberto - game dev\thunderplayer\thunderplayer\thunderplayer\upbge-0.2.5b\build_player\intern\ghost\bf_intern_ghost.dir\release\ghost_contextwgl.obj
c:\users\lucas\desktop\mundo aberto - game dev\thunderplayer\thunderplayer\thunderplayer\upbge-0.2.5b\build_player\intern\ghost\bf_intern_ghost.dir\release\ghost_c-api.obj
c:\users\lucas\desktop\mundo aberto - game dev\thunderplayer\thunderplayer\thunderplayer\upbge-0.2.5b\build_player\intern\ghost\bf_intern_ghost.dir\release\ghost_isystempaths.obj
c:\users\lucas\desktop\mundo aberto - game dev\thunderplayer\thunderplayer\thunderplayer\upbge-0.2.5b\build_player\intern\ghost\bf_intern_ghost.dir\release\ghost_ndofmanagerwin32.obj
c:\users\lucas\desktop\mundo aberto - game dev\thunderplayer\thunderplayer\thunderplayer\upbge-0.2.5b\build_player\intern\ghost\bf_intern_ghost.dir\release\ghost_displaymanager.obj
c:\users\lucas\desktop\mundo aberto - game dev\thunderplayer\thunderplayer\thunderplayer\upbge-0.2.5b\build_player\intern\ghost\bf_intern_ghost.dir\release\ghost_systempathswin32.obj
c:\users\lucas\desktop\mundo aberto - game dev\thunderplayer\thunderplayer\thunderplayer\upbge-0.2.5b\build_player\intern\ghost\bf_intern_ghost.dir\release\ghost_contextnone.obj
c:\users\lucas\desktop\mundo aberto - game dev\thunderplayer\thunderplayer\thunderplayer\upbge-0.2.5b\build_player\intern\ghost\bf_intern_ghost.dir\release\ghost_imewin32.obj
c:\users\lucas\desktop\mundo aberto - game dev\thunderplayer\thunderplayer\thunderplayer\upbge-0.2.5b\build_player\intern\ghost\bf_intern_ghost.dir\release\ghost_system.obj
c:\users\lucas\desktop\mundo aberto - game dev\thunderplayer\thunderplayer\thunderplayer\upbge-0.2.5b\build_player\intern\ghost\bf_intern_ghost.dir\release\ghost_context.obj
c:\users\lucas\desktop\mundo aberto - game dev\thunderplayer\thunderplayer\thunderplayer\upbge-0.2.5b\build_player\intern\ghost\bf_intern_ghost.dir\release\ghost_buttons.obj
c:\users\lucas\desktop\mundo aberto - game dev\thunderplayer\thunderplayer\thunderplayer\upbge-0.2.5b\build_player\intern\ghost\bf_intern_ghost.dir\release\ghost_eventmanager.obj
c:\users\lucas\desktop\mundo aberto - game dev\thunderplayer\thunderplayer\thunderplayer\upbge-0.2.5b\build_player\intern\ghost\bf_intern_ghost.dir\release\ghost_displaymanagerwin32.obj
c:\users\lucas\desktop\mundo aberto - game dev\thunderplayer\thunderplayer\thunderplayer\upbge-0.2.5b\build_player\intern\ghost\bf_intern_ghost.dir\release\ghost_path-api.obj
c:\users\lucas\desktop\mundo aberto - game dev\thunderplayer\thunderplayer\thunderplayer\upbge-0.2.5b\build_player\intern\ghost\bf_intern_ghost.dir\release\ghost_droptargetwin32.obj
c:\users\lucas\desktop\mundo aberto - game dev\thunderplayer\thunderplayer\thunderplayer\upbge-0.2.5b\build_player\intern\ghost\bf_intern_ghost.dir\release\ghost_callbackeventconsumer.obj
c:\users\lucas\desktop\mundo aberto - game dev\thunderplayer\thunderplayer\thunderplayer\upbge-0.2.5b\build_player\intern\ghost\bf_intern_ghost.dir\release\ghost_window.obj
c:\users\lucas\desktop\mundo aberto - game dev\thunderplayer\thunderplayer\thunderplayer\upbge-0.2.5b\build_player\intern\ghost\bf_intern_ghost.dir\release\ghost_modifierkeys.obj
c:\users\lucas\desktop\mundo aberto - game dev\thunderplayer\thunderplayer\thunderplayer\upbge-0.2.5b\build_player\intern\ghost\bf_intern_ghost.dir\release\ghost_systemwin32.obj
c:\users\lucas\desktop\mundo aberto - game dev\thunderplayer\thunderplayer\thunderplayer\upbge-0.2.5b\build_player\intern\ghost\bf_intern_ghost.dir\release\ghost_windowwin32.obj
c:\users\lucas\desktop\mundo aberto - game dev\thunderplayer\thunderplayer\thunderplayer\upbge-0.2.5b\build_player\intern\ghost\bf_intern_ghost.dir\release\ghost_ndofmanager.obj
c:\users\lucas\desktop\mundo aberto - game dev\thunderplayer\thunderplayer\thunderplayer\upbge-0.2.5b\build_player\intern\ghost\bf_intern_ghost.dir\release\ghost_isystem.obj
c:\users\lucas\desktop\mundo aberto - game dev\thunderplayer\thunderplayer\thunderplayer\upbge-0.2.5b\build_player\intern\ghost\bf_intern_ghost.dir\release\ghost_windowmanager.obj
c:\users\lucas\desktop\mundo aberto - game dev\thunderplayer\thunderplayer\thunderplayer\upbge-0.2.5b\build_player\intern\ghost\cmakefiles\generate.stamp
c:\users\lucas\desktop\mundo aberto - game dev\thunderplayer\thunderplayer\thunderplayer\upbge-0.2.5b\build_player\lib\release\bf_intern_ghost.lib
c:\users\lucas\desktop\mundo aberto - game dev\thunderplayer\thunderplayer\thunderplayer\upbge-0.2.5b\build_player\intern\ghost\bf_intern_ghost.dir\release\bf_intern_ghost.tlog\cl.10916.write.1.tlog
c:\users\lucas\desktop\mundo aberto - game dev\thunderplayer\thunderplayer\thunderplayer\upbge-0.2.5b\build_player\intern\ghost\bf_intern_ghost.dir\release\bf_intern_ghost.tlog\cl.command.1.tlog
c:\users\lucas\desktop\mundo aberto - game dev\thunderplayer\thunderplayer\thunderplayer\upbge-0.2.5b\build_player\intern\ghost\bf_intern_ghost.dir\release\bf_intern_ghost.tlog\cl.read.1.tlog
c:\users\lucas\desktop\mundo aberto - game dev\thunderplayer\thunderplayer\thunderplayer\upbge-0.2.5b\build_player\intern\ghost\bf_intern_ghost.dir\release\bf_intern_ghost.tlog\custombuild.command.1.tlog
c:\users\lucas\desktop\mundo aberto - game dev\thunderplayer\thunderplayer\thunderplayer\upbge-0.2.5b\build_player\intern\ghost\bf_intern_ghost.dir\release\bf_intern_ghost.tlog\custombuild.read.1.tlog
c:\users\lucas\desktop\mundo aberto - game dev\thunderplayer\thunderplayer\thunderplayer\upbge-0.2.5b\build_player\intern\ghost\bf_intern_ghost.dir\release\bf_intern_ghost.tlog\custombuild.write.1.tlog
c:\users\lucas\desktop\mundo aberto - game dev\thunderplayer\thunderplayer\thunderplayer\upbge-0.2.5b\build_player\intern\ghost\bf_intern_ghost.dir\release\bf_intern_ghost.tlog\lib-link.read.1.tlog
c:\users\lucas\desktop\mundo aberto - game dev\thunderplayer\thunderplayer\thunderplayer\upbge-0.2.5b\build_player\intern\ghost\bf_intern_ghost.dir\release\bf_intern_ghost.tlog\lib-link.write.1.tlog
c:\users\lucas\desktop\mundo aberto - game dev\thunderplayer\thunderplayer\thunderplayer\upbge-0.2.5b\build_player\intern\ghost\bf_intern_ghost.dir\release\bf_intern_ghost.tlog\lib.command.1.tlog
