  Generating operations/COM_OpenCLKernels.cl.h
  Building Custom Rule C:/Users/lucas/Desktop/Mundo Aberto - Game Dev/ThunderPLayer/ThunderPLayer/ThunderPLayer/upbge-0.2.5b/source/blender/compositor/CMakeLists.txt
  COM_CPUDevice.cpp
  COM_ChunkOrder.cpp
  COM_ChunkOrderHotspot.cpp
  COM_CompositorContext.cpp
  COM_Converter.cpp
  COM_Debug.cpp
  COM_Device.cpp
  COM_ExecutionGroup.cpp
  COM_ExecutionSystem.cpp
  COM_MemoryBuffer.cpp
  COM_MemoryProxy.cpp
  COM_Node.cpp
  COM_NodeConverter.cpp
  COM_NodeGraph.cpp
  COM_NodeOperation.cpp
  COM_NodeOperationBuilder.cpp
  COM_OpenCLDevice.cpp
  COM_SingleThreadedOperation.cpp
  COM_SocketReader.cpp
  COM_WorkPackage.cpp
  COM_WorkScheduler.cpp
  COM_compositor.cpp
  COM_QualityStepHelper.cpp
  COM_SocketProxyNode.cpp
  COM_BokehImageNode.cpp
  COM_ColorNode.cpp
  COM_ImageNode.cpp
  COM_MaskNode.cpp
  COM_MovieClipNode.cpp
  COM_OutputFileNode.cpp
  COM_RenderLayersNode.cpp
  COM_SwitchNode.cpp
  COM_SwitchViewNode.cpp
  COM_TextureNode.cpp
  COM_TimeNode.cpp
  COM_ValueNode.cpp
  COM_CompositorNode.cpp
  COM_SplitViewerNode.cpp
  COM_ViewLevelsNode.cpp
  COM_ViewerNode.cpp
  COM_CalculateMeanOperation.cpp
  COM_CalculateStandardDeviationOperation.cpp
  COM_FlipNode.cpp
  COM_RotateNode.cpp
  COM_ScaleNode.cpp
  COM_TranslateNode.cpp
  COM_DisplaceNode.cpp
  COM_MapUVNode.cpp
  COM_ChannelMatteNode.cpp
  COM_ChromaMatteNode.cpp
  COM_ColorMatteNode.cpp
  COM_DifferenceMatteNode.cpp
  COM_DistanceMatteNode.cpp
  COM_LensDistortionNode.cpp
  COM_LuminanceMatteNode.cpp
  COM_GlareNode.cpp
  COM_SunBeamsNode.cpp
  COM_SunBeamsOperation.cpp
  COM_CryptomatteNode.cpp
  COM_CryptomatteOperation.cpp
  COM_CornerPinNode.cpp
  COM_PlaneTrackDeformNode.cpp
  COM_CropNode.cpp
  COM_CropOperation.cpp
  COM_DefocusNode.cpp
  COM_MovieDistortionNode.cpp
  COM_Stabilize2dNode.cpp
  COM_TransformNode.cpp
  COM_AlphaOverNode.cpp
  COM_BrightnessNode.cpp
  COM_ColorBalanceNode.cpp
  COM_ColorCorrectionNode.cpp
  COM_ColorCurveNode.cpp
  COM_ColorRampNode.cpp
  COM_ColorToBWNode.cpp
  COM_ConvertAlphaNode.cpp
  COM_GammaNode.cpp
  COM_HueSaturationValueCorrectNode.cpp
  COM_HueSaturationValueNode.cpp
  COM_InvertNode.cpp
  COM_MixNode.cpp
  COM_SetAlphaNode.cpp
  COM_TonemapNode.cpp
  COM_VectorCurveNode.cpp
  COM_ZCombineNode.cpp
  COM_TonemapOperation.cpp
  COM_CombineColorNode.cpp
  COM_IDMaskNode.cpp
  COM_SeparateColorNode.cpp
  COM_MapRangeNode.cpp
  COM_MapValueNode.cpp
  COM_MathNode.cpp
  COM_NormalNode.cpp
  COM_NormalizeNode.cpp
  COM_NormalizeOperation.cpp
  COM_PixelateNode.cpp
  COM_PixelateOperation.cpp
  COM_BilateralBlurNode.cpp
  COM_BilateralBlurOperation.cpp
  COM_VectorBlurNode.cpp
  COM_VectorBlurOperation.cpp
  COM_BlurNode.cpp
  COM_BokehBlurNode.cpp
  COM_DespeckleNode.cpp
  COM_DilateErodeNode.cpp
  COM_DirectionalBlurNode.cpp
  COM_FilterNode.cpp
  COM_InpaintNode.cpp
  COM_BlurBaseOperation.cpp
  COM_BokehBlurOperation.cpp
  COM_DirectionalBlurOperation.cpp
  COM_FastGaussianBlurOperation.cpp
  COM_GammaCorrectOperation.cpp
  COM_GaussianAlphaXBlurOperation.cpp
  COM_GaussianAlphaYBlurOperation.cpp
  COM_GaussianBokehBlurOperation.cpp
  COM_GaussianXBlurOperation.cpp
  COM_GaussianYBlurOperation.cpp
  COM_MovieClipAttributeOperation.cpp
  COM_MovieDistortionOperation.cpp
  COM_VariableSizeBokehBlurOperation.cpp
  COM_BoxMaskNode.cpp
  COM_ColorSpillNode.cpp
  COM_DoubleEdgeMaskNode.cpp
  COM_EllipseMaskNode.cpp
  COM_DoubleEdgeMaskOperation.cpp
  COM_KeyingScreenNode.cpp
  COM_KeyingScreenOperation.cpp
  COM_TrackPositionNode.cpp
  COM_TrackPositionOperation.cpp
  COM_KeyingNode.cpp
  COM_KeyingBlurOperation.cpp
  COM_KeyingClipOperation.cpp
  COM_KeyingDespillOperation.cpp
  COM_KeyingOperation.cpp
  COM_ColorSpillOperation.cpp
  COM_RenderLayersProg.cpp
  COM_BokehImageOperation.cpp
  COM_ImageOperation.cpp
  COM_MultilayerImageOperation.cpp
  COM_TextureOperation.cpp
  COM_SocketProxyOperation.cpp
  COM_CompositorOperation.cpp
  COM_ConvertDepthToRadiusOperation.cpp
  COM_OutputFileMultiViewOperation.cpp
  COM_OutputFileOperation.cpp
  COM_PreviewOperation.cpp
  COM_SplitOperation.cpp
  COM_ViewerOperation.cpp
  COM_ZCombineOperation.cpp
  COM_ChangeHSVOperation.cpp
  COM_ChannelMatteOperation.cpp
  COM_ChromaMatteOperation.cpp
  COM_ColorCurveOperation.cpp
  COM_ColorMatteOperation.cpp
  COM_ColorRampOperation.cpp
  COM_CurveBaseOperation.cpp
  COM_DifferenceMatteOperation.cpp
  COM_DistanceRGBMatteOperation.cpp
  COM_DistanceYCCMatteOperation.cpp
  COM_HueSaturationValueCorrectOperation.cpp
  COM_LuminanceMatteOperation.cpp
  COM_VectorCurveOperation.cpp
  COM_BrightnessOperation.cpp
  COM_ColorCorrectionOperation.cpp
  COM_GammaOperation.cpp
  COM_MixOperation.cpp
  COM_ReadBufferOperation.cpp
  COM_SetColorOperation.cpp
  COM_SetValueOperation.cpp
  COM_SetVectorOperation.cpp
  COM_WriteBufferOperation.cpp
  COM_MathBaseOperation.cpp
  COM_AlphaOverKeyOperation.cpp
  COM_AlphaOverMixedOperation.cpp
  COM_AlphaOverPremultiplyOperation.cpp
  COM_ColorBalanceASCCDLOperation.cpp
  COM_ColorBalanceLGGOperation.cpp
  COM_InvertOperation.cpp
  COM_MapRangeOperation.cpp
  COM_MapValueOperation.cpp
  COM_SetAlphaOperation.cpp
  COM_DisplaceOperation.cpp
  COM_DisplaceSimpleOperation.cpp
  COM_FlipOperation.cpp
  COM_MapUVOperation.cpp
  COM_PlaneCornerPinOperation.cpp
  COM_PlaneDistortCommonOperation.cpp
  COM_PlaneTrackOperation.cpp
  COM_ProjectorLensDistortionOperation.cpp
  COM_RotateOperation.cpp
  COM_ScaleOperation.cpp
  COM_ScreenLensDistortionOperation.cpp
  COM_TranslateOperation.cpp
  COM_WrapOperation.cpp
  COM_ConvolutionEdgeFilterOperation.cpp
  COM_ConvolutionFilterOperation.cpp
  COM_DespeckleOperation.cpp
  COM_DilateErodeOperation.cpp
  COM_GlareBaseOperation.cpp
  COM_GlareFogGlowOperation.cpp
  COM_GlareGhostOperation.cpp
  COM_GlareSimpleStarOperation.cpp
  COM_GlareStreaksOperation.cpp
  COM_GlareThresholdOperation.cpp
  COM_InpaintOperation.cpp
  COM_SetSamplerOperation.cpp
  COM_ConvertOperation.cpp
  COM_IDMaskOperation.cpp
  COM_DotproductOperation.cpp
  COM_BoxMaskOperation.cpp
  COM_EllipseMaskOperation.cpp
  COM_ConvertColorProfileOperation.cpp
  COM_MovieClipOperation.cpp
  COM_AntiAliasOperation.cpp
  COM_MaskOperation.cpp
  bf_compositor.vcxproj -> C:\Users\lucas\Desktop\Mundo Aberto - Game Dev\ThunderPLayer\ThunderPLayer\ThunderPLayer\upbge-0.2.5b\build_player\lib\Release\bf_compositor.lib
