  Building Custom Rule C:/Users/lucas/Desktop/Mundo Aberto - Game Dev/ThunderPLayer/ThunderPLayer/ThunderPLayer/upbge-0.2.5b/intern/cycles/render/CMakeLists.txt
  attribute.cpp
  background.cpp
  bake.cpp
  buffers.cpp
  camera.cpp
  constant_fold.cpp
  coverage.cpp
  denoising.cpp
  film.cpp
  graph.cpp
  image.cpp
  integrator.cpp
  light.cpp
  merge.cpp
  mesh.cpp
  mesh_displace.cpp
  mesh_subdivision.cpp
  mesh_volume.cpp
  nodes.cpp
  object.cpp
  osl.cpp
  particles.cpp
  curves.cpp
  scene.cpp
  session.cpp
  shader.cpp
  sobol.cpp
  stats.cpp
  svm.cpp
  tables.cpp
  tile.cpp
  cycles_render.vcxproj -> C:\Users\lucas\Desktop\Mundo Aberto - Game Dev\ThunderPLayer\ThunderPLayer\ThunderPLayer\upbge-0.2.5b\build_player\lib\Release\cycles_render.lib
