  Building Custom Rule C:/Users/lucas/Desktop/Mundo Aberto - Game Dev/ThunderPLayer/ThunderPLayer/ThunderPLayer/upbge-0.2.5b/source/blender/editors/interface/CMakeLists.txt
  interface.c
  interface_align.c
  interface_anim.c
  interface_context_menu.c
  interface_draw.c
  interface_eyedropper.c
  interface_eyedropper_color.c
  interface_eyedropper_colorband.c
  interface_eyedropper_datablock.c
  interface_eyedropper_depth.c
  interface_eyedropper_driver.c
  interface_handlers.c
  interface_icons.c
  interface_layout.c
  interface_ops.c
  interface_panel.c
  interface_query.c
  interface_region_color_picker.c
  interface_region_menu_pie.c
  interface_region_menu_popup.c
  interface_region_popup.c
  interface_region_search.c
  interface_region_tooltip.c
  interface_regions.c
  interface_style.c
  interface_templates.c
  interface_utils.c
  interface_widgets.c
  resources.c
  view2d.c
  view2d_ops.c
  bf_editor_interface.vcxproj -> C:\Users\lucas\Desktop\Mundo Aberto - Game Dev\ThunderPLayer\ThunderPLayer\ThunderPLayer\upbge-0.2.5b\build_player\lib\Release\bf_editor_interface.lib
