c:\users\lucas\desktop\mundo aberto - game dev\thunderplayer\thunderplayer\thunderplayer\upbge-0.2.5b\build_player\intern\opensubdiv\bf_intern_opensubdiv.dir\release\opensubdiv_capi.obj
c:\users\lucas\desktop\mundo aberto - game dev\thunderplayer\thunderplayer\thunderplayer\upbge-0.2.5b\build_player\intern\opensubdiv\bf_intern_opensubdiv.dir\release\opensubdiv_device_context_opencl.obj
c:\users\lucas\desktop\mundo aberto - game dev\thunderplayer\thunderplayer\thunderplayer\upbge-0.2.5b\build_player\intern\opensubdiv\bf_intern_opensubdiv.dir\release\opensubdiv_gpu_capi.obj
c:\users\lucas\desktop\mundo aberto - game dev\thunderplayer\thunderplayer\thunderplayer\upbge-0.2.5b\build_player\intern\opensubdiv\bf_intern_opensubdiv.dir\release\opensubdiv_device_context_cuda.obj
c:\users\lucas\desktop\mundo aberto - game dev\thunderplayer\thunderplayer\thunderplayer\upbge-0.2.5b\build_player\intern\opensubdiv\bf_intern_opensubdiv.dir\release\opensubdiv_utils_capi.obj
c:\users\lucas\desktop\mundo aberto - game dev\thunderplayer\thunderplayer\thunderplayer\upbge-0.2.5b\build_player\intern\opensubdiv\bf_intern_opensubdiv.dir\release\opensubdiv_converter.obj
c:\users\lucas\desktop\mundo aberto - game dev\thunderplayer\thunderplayer\thunderplayer\upbge-0.2.5b\build_player\intern\opensubdiv\bf_intern_opensubdiv.dir\release\opensubdiv_evaluator_capi.obj
c:\users\lucas\desktop\mundo aberto - game dev\thunderplayer\thunderplayer\thunderplayer\upbge-0.2.5b\build_player\intern\opensubdiv\bf_intern_opensubdiv.dir\release\gpu_shader_opensubdiv_fragment.glsl.obj
c:\users\lucas\desktop\mundo aberto - game dev\thunderplayer\thunderplayer\thunderplayer\upbge-0.2.5b\build_player\intern\opensubdiv\bf_intern_opensubdiv.dir\release\gpu_shader_opensubdiv_vertex.glsl.obj
c:\users\lucas\desktop\mundo aberto - game dev\thunderplayer\thunderplayer\thunderplayer\upbge-0.2.5b\build_player\intern\opensubdiv\bf_intern_opensubdiv.dir\release\gpu_shader_opensubdiv_geometry.glsl.obj
c:\users\lucas\desktop\mundo aberto - game dev\thunderplayer\thunderplayer\thunderplayer\upbge-0.2.5b\build_player\intern\opensubdiv\gpu_shader_opensubdiv_vertex.glsl.c
c:\users\lucas\desktop\mundo aberto - game dev\thunderplayer\thunderplayer\thunderplayer\upbge-0.2.5b\build_player\intern\opensubdiv\gpu_shader_opensubdiv_geometry.glsl.c
c:\users\lucas\desktop\mundo aberto - game dev\thunderplayer\thunderplayer\thunderplayer\upbge-0.2.5b\build_player\intern\opensubdiv\gpu_shader_opensubdiv_fragment.glsl.c
c:\users\lucas\desktop\mundo aberto - game dev\thunderplayer\thunderplayer\thunderplayer\upbge-0.2.5b\build_player\intern\opensubdiv\cmakefiles\generate.stamp
c:\users\lucas\desktop\mundo aberto - game dev\thunderplayer\thunderplayer\thunderplayer\upbge-0.2.5b\build_player\lib\release\bf_intern_opensubdiv.lib
c:\users\lucas\desktop\mundo aberto - game dev\thunderplayer\thunderplayer\thunderplayer\upbge-0.2.5b\build_player\intern\opensubdiv\bf_intern_opensubdiv.dir\release\bf_inter.cc56af55.tlog\cl.10200.write.1.tlog
c:\users\lucas\desktop\mundo aberto - game dev\thunderplayer\thunderplayer\thunderplayer\upbge-0.2.5b\build_player\intern\opensubdiv\bf_intern_opensubdiv.dir\release\bf_inter.cc56af55.tlog\cl.command.1.tlog
c:\users\lucas\desktop\mundo aberto - game dev\thunderplayer\thunderplayer\thunderplayer\upbge-0.2.5b\build_player\intern\opensubdiv\bf_intern_opensubdiv.dir\release\bf_inter.cc56af55.tlog\cl.read.1.tlog
c:\users\lucas\desktop\mundo aberto - game dev\thunderplayer\thunderplayer\thunderplayer\upbge-0.2.5b\build_player\intern\opensubdiv\bf_intern_opensubdiv.dir\release\bf_inter.cc56af55.tlog\custombuild.command.1.tlog
c:\users\lucas\desktop\mundo aberto - game dev\thunderplayer\thunderplayer\thunderplayer\upbge-0.2.5b\build_player\intern\opensubdiv\bf_intern_opensubdiv.dir\release\bf_inter.cc56af55.tlog\custombuild.read.1.tlog
c:\users\lucas\desktop\mundo aberto - game dev\thunderplayer\thunderplayer\thunderplayer\upbge-0.2.5b\build_player\intern\opensubdiv\bf_intern_opensubdiv.dir\release\bf_inter.cc56af55.tlog\custombuild.write.1.tlog
c:\users\lucas\desktop\mundo aberto - game dev\thunderplayer\thunderplayer\thunderplayer\upbge-0.2.5b\build_player\intern\opensubdiv\bf_intern_opensubdiv.dir\release\bf_inter.cc56af55.tlog\lib-link.read.1.tlog
c:\users\lucas\desktop\mundo aberto - game dev\thunderplayer\thunderplayer\thunderplayer\upbge-0.2.5b\build_player\intern\opensubdiv\bf_intern_opensubdiv.dir\release\bf_inter.cc56af55.tlog\lib-link.write.1.tlog
c:\users\lucas\desktop\mundo aberto - game dev\thunderplayer\thunderplayer\thunderplayer\upbge-0.2.5b\build_player\intern\opensubdiv\bf_intern_opensubdiv.dir\release\bf_inter.cc56af55.tlog\lib.command.1.tlog
