  Building Custom Rule C:/Users/lucas/Desktop/Mundo Aberto - Game Dev/ThunderPLayer/ThunderPLayer/ThunderPLayer/upbge-0.2.5b/source/blender/editors/mesh/CMakeLists.txt
  editface.c
  editmesh_add.c
  editmesh_bevel.c
  editmesh_bisect.c
  editmesh_extrude.c
  editmesh_extrude_screw.c
  editmesh_extrude_spin.c
  editmesh_inset.c
  editmesh_intersect.c
  editmesh_knife.c
  editmesh_knife_project.c
  editmesh_loopcut.c
  editmesh_path.c
  editmesh_rip.c
  editmesh_rip_edge.c
  editmesh_select.c
  editmesh_tools.c
  editmesh_undo.c
  editmesh_utils.c
  mesh_data.c
  mesh_mirror.c
  mesh_ops.c
  meshtools.c
  mesh_navmesh.c
  bf_editor_mesh.vcxproj -> C:\Users\lucas\Desktop\Mundo Aberto - Game Dev\ThunderPLayer\ThunderPLayer\ThunderPLayer\upbge-0.2.5b\build_player\lib\Release\bf_editor_mesh.lib
