c:\users\lucas\desktop\mundo aberto - game dev\thunderplayer\thunderplayer\thunderplayer\upbge-0.2.5b\build_player\source\blender\windowmanager\bf_windowmanager.dir\release\wm_keymap_utils.obj
c:\users\lucas\desktop\mundo aberto - game dev\thunderplayer\thunderplayer\thunderplayer\upbge-0.2.5b\build_player\source\blender\windowmanager\bf_windowmanager.dir\release\wm_window.obj
c:\users\lucas\desktop\mundo aberto - game dev\thunderplayer\thunderplayer\thunderplayer\upbge-0.2.5b\build_player\source\blender\windowmanager\bf_windowmanager.dir\release\wm_draw.obj
c:\users\lucas\desktop\mundo aberto - game dev\thunderplayer\thunderplayer\thunderplayer\upbge-0.2.5b\build_player\source\blender\windowmanager\bf_windowmanager.dir\release\wm_subwindow.obj
c:\users\lucas\desktop\mundo aberto - game dev\thunderplayer\thunderplayer\thunderplayer\upbge-0.2.5b\build_player\source\blender\windowmanager\bf_windowmanager.dir\release\wm_event_system.obj
c:\users\lucas\desktop\mundo aberto - game dev\thunderplayer\thunderplayer\thunderplayer\upbge-0.2.5b\build_player\source\blender\windowmanager\bf_windowmanager.dir\release\wm_cursors.obj
c:\users\lucas\desktop\mundo aberto - game dev\thunderplayer\thunderplayer\thunderplayer\upbge-0.2.5b\build_player\source\blender\windowmanager\bf_windowmanager.dir\release\wm_operators.obj
c:\users\lucas\desktop\mundo aberto - game dev\thunderplayer\thunderplayer\thunderplayer\upbge-0.2.5b\build_player\source\blender\windowmanager\bf_windowmanager.dir\release\wm_dragdrop.obj
c:\users\lucas\desktop\mundo aberto - game dev\thunderplayer\thunderplayer\thunderplayer\upbge-0.2.5b\build_player\source\blender\windowmanager\bf_windowmanager.dir\release\wm_stereo.obj
c:\users\lucas\desktop\mundo aberto - game dev\thunderplayer\thunderplayer\thunderplayer\upbge-0.2.5b\build_player\source\blender\windowmanager\bf_windowmanager.dir\release\wm_menu_type.obj
c:\users\lucas\desktop\mundo aberto - game dev\thunderplayer\thunderplayer\thunderplayer\upbge-0.2.5b\build_player\source\blender\windowmanager\bf_windowmanager.dir\release\wm_files_link.obj
c:\users\lucas\desktop\mundo aberto - game dev\thunderplayer\thunderplayer\thunderplayer\upbge-0.2.5b\build_player\source\blender\windowmanager\bf_windowmanager.dir\release\wm_init_exit.obj
c:\users\lucas\desktop\mundo aberto - game dev\thunderplayer\thunderplayer\thunderplayer\upbge-0.2.5b\build_player\source\blender\windowmanager\bf_windowmanager.dir\release\wm_gesture_ops.obj
c:\users\lucas\desktop\mundo aberto - game dev\thunderplayer\thunderplayer\thunderplayer\upbge-0.2.5b\build_player\source\blender\windowmanager\bf_windowmanager.dir\release\wm_tooltip.obj
c:\users\lucas\desktop\mundo aberto - game dev\thunderplayer\thunderplayer\thunderplayer\upbge-0.2.5b\build_player\source\blender\windowmanager\bf_windowmanager.dir\release\wm_gesture.obj
c:\users\lucas\desktop\mundo aberto - game dev\thunderplayer\thunderplayer\thunderplayer\upbge-0.2.5b\build_player\source\blender\windowmanager\bf_windowmanager.dir\release\wm_keymap.obj
c:\users\lucas\desktop\mundo aberto - game dev\thunderplayer\thunderplayer\thunderplayer\upbge-0.2.5b\build_player\source\blender\windowmanager\bf_windowmanager.dir\release\wm.obj
c:\users\lucas\desktop\mundo aberto - game dev\thunderplayer\thunderplayer\thunderplayer\upbge-0.2.5b\build_player\source\blender\windowmanager\bf_windowmanager.dir\release\wm_uilist_type.obj
c:\users\lucas\desktop\mundo aberto - game dev\thunderplayer\thunderplayer\thunderplayer\upbge-0.2.5b\build_player\source\blender\windowmanager\bf_windowmanager.dir\release\wm_operator_type.obj
c:\users\lucas\desktop\mundo aberto - game dev\thunderplayer\thunderplayer\thunderplayer\upbge-0.2.5b\build_player\source\blender\windowmanager\bf_windowmanager.dir\release\wm_jobs.obj
c:\users\lucas\desktop\mundo aberto - game dev\thunderplayer\thunderplayer\thunderplayer\upbge-0.2.5b\build_player\source\blender\windowmanager\bf_windowmanager.dir\release\wm_playanim.obj
c:\users\lucas\desktop\mundo aberto - game dev\thunderplayer\thunderplayer\thunderplayer\upbge-0.2.5b\build_player\source\blender\windowmanager\bf_windowmanager.dir\release\wm_files.obj
c:\users\lucas\desktop\mundo aberto - game dev\thunderplayer\thunderplayer\thunderplayer\upbge-0.2.5b\build_player\source\blender\windowmanager\bf_windowmanager.dir\release\wm_operator_props.obj
c:\users\lucas\desktop\mundo aberto - game dev\thunderplayer\thunderplayer\thunderplayer\upbge-0.2.5b\build_player\source\blender\windowmanager\cmakefiles\generate.stamp
c:\users\lucas\desktop\mundo aberto - game dev\thunderplayer\thunderplayer\thunderplayer\upbge-0.2.5b\build_player\lib\release\bf_windowmanager.lib
c:\users\lucas\desktop\mundo aberto - game dev\thunderplayer\thunderplayer\thunderplayer\upbge-0.2.5b\build_player\source\blender\windowmanager\bf_windowmanager.dir\release\bf_windowmanager.tlog\cl.10304.write.1.tlog
c:\users\lucas\desktop\mundo aberto - game dev\thunderplayer\thunderplayer\thunderplayer\upbge-0.2.5b\build_player\source\blender\windowmanager\bf_windowmanager.dir\release\bf_windowmanager.tlog\cl.command.1.tlog
c:\users\lucas\desktop\mundo aberto - game dev\thunderplayer\thunderplayer\thunderplayer\upbge-0.2.5b\build_player\source\blender\windowmanager\bf_windowmanager.dir\release\bf_windowmanager.tlog\cl.read.1.tlog
c:\users\lucas\desktop\mundo aberto - game dev\thunderplayer\thunderplayer\thunderplayer\upbge-0.2.5b\build_player\source\blender\windowmanager\bf_windowmanager.dir\release\bf_windowmanager.tlog\custombuild.command.1.tlog
c:\users\lucas\desktop\mundo aberto - game dev\thunderplayer\thunderplayer\thunderplayer\upbge-0.2.5b\build_player\source\blender\windowmanager\bf_windowmanager.dir\release\bf_windowmanager.tlog\custombuild.read.1.tlog
c:\users\lucas\desktop\mundo aberto - game dev\thunderplayer\thunderplayer\thunderplayer\upbge-0.2.5b\build_player\source\blender\windowmanager\bf_windowmanager.dir\release\bf_windowmanager.tlog\custombuild.write.1.tlog
c:\users\lucas\desktop\mundo aberto - game dev\thunderplayer\thunderplayer\thunderplayer\upbge-0.2.5b\build_player\source\blender\windowmanager\bf_windowmanager.dir\release\bf_windowmanager.tlog\lib-link.read.1.tlog
c:\users\lucas\desktop\mundo aberto - game dev\thunderplayer\thunderplayer\thunderplayer\upbge-0.2.5b\build_player\source\blender\windowmanager\bf_windowmanager.dir\release\bf_windowmanager.tlog\lib-link.write.1.tlog
c:\users\lucas\desktop\mundo aberto - game dev\thunderplayer\thunderplayer\thunderplayer\upbge-0.2.5b\build_player\source\blender\windowmanager\bf_windowmanager.dir\release\bf_windowmanager.tlog\lib.command.1.tlog
