c:\users\lucas\desktop\mundo aberto - game dev\thunderplayer\thunderplayer\thunderplayer\upbge-0.2.5b\build_player\source\gameengine\gamelogic\ge_logic.dir\release\sca_iactuator.obj
c:\users\lucas\desktop\mundo aberto - game dev\thunderplayer\thunderplayer\thunderplayer\upbge-0.2.5b\build_player\source\gameengine\gamelogic\ge_logic.dir\release\sca_mousesensor.obj
c:\users\lucas\desktop\mundo aberto - game dev\thunderplayer\thunderplayer\thunderplayer\upbge-0.2.5b\build_player\source\gameengine\gamelogic\ge_logic.dir\release\sca_xorcontroller.obj
c:\users\lucas\desktop\mundo aberto - game dev\thunderplayer\thunderplayer\thunderplayer\upbge-0.2.5b\build_player\source\gameengine\gamelogic\ge_logic.dir\release\sca_basiceventmanager.obj
c:\users\lucas\desktop\mundo aberto - game dev\thunderplayer\thunderplayer\thunderplayer\upbge-0.2.5b\build_player\source\gameengine\gamelogic\ge_logic.dir\release\sca_joystickmanager.obj
c:\users\lucas\desktop\mundo aberto - game dev\thunderplayer\thunderplayer\thunderplayer\upbge-0.2.5b\build_player\source\gameengine\gamelogic\ge_logic.dir\release\sca_actuatoreventmanager.obj
c:\users\lucas\desktop\mundo aberto - game dev\thunderplayer\thunderplayer\thunderplayer\upbge-0.2.5b\build_player\source\gameengine\gamelogic\ge_logic.dir\release\sca_logicmanager.obj
c:\users\lucas\desktop\mundo aberto - game dev\thunderplayer\thunderplayer\thunderplayer\upbge-0.2.5b\build_player\source\gameengine\gamelogic\ge_logic.dir\release\sca_iinputdevice.obj
c:\users\lucas\desktop\mundo aberto - game dev\thunderplayer\thunderplayer\thunderplayer\upbge-0.2.5b\build_player\source\gameengine\gamelogic\ge_logic.dir\release\sca_pythoncontroller.obj
c:\users\lucas\desktop\mundo aberto - game dev\thunderplayer\thunderplayer\thunderplayer\upbge-0.2.5b\build_player\source\gameengine\gamelogic\ge_logic.dir\release\sca_vibrationactuator.obj
c:\users\lucas\desktop\mundo aberto - game dev\thunderplayer\thunderplayer\thunderplayer\upbge-0.2.5b\build_player\source\gameengine\gamelogic\ge_logic.dir\release\sca_iscene.obj
c:\users\lucas\desktop\mundo aberto - game dev\thunderplayer\thunderplayer\thunderplayer\upbge-0.2.5b\build_player\source\gameengine\gamelogic\ge_logic.dir\release\sca_propertyactuator.obj
c:\users\lucas\desktop\mundo aberto - game dev\thunderplayer\thunderplayer\thunderplayer\upbge-0.2.5b\build_player\source\gameengine\gamelogic\ge_logic.dir\release\sca_timeeventmanager.obj
c:\users\lucas\desktop\mundo aberto - game dev\thunderplayer\thunderplayer\thunderplayer\upbge-0.2.5b\build_player\source\gameengine\gamelogic\ge_logic.dir\release\sca_inputevent.obj
c:\users\lucas\desktop\mundo aberto - game dev\thunderplayer\thunderplayer\thunderplayer\upbge-0.2.5b\build_player\source\gameengine\gamelogic\ge_logic.dir\release\sca_norcontroller.obj
c:\users\lucas\desktop\mundo aberto - game dev\thunderplayer\thunderplayer\thunderplayer\upbge-0.2.5b\build_player\source\gameengine\gamelogic\ge_logic.dir\release\sca_xnorcontroller.obj
c:\users\lucas\desktop\mundo aberto - game dev\thunderplayer\thunderplayer\thunderplayer\upbge-0.2.5b\build_player\source\gameengine\gamelogic\ge_logic.dir\release\sca_eventmanager.obj
c:\users\lucas\desktop\mundo aberto - game dev\thunderplayer\thunderplayer\thunderplayer\upbge-0.2.5b\build_player\source\gameengine\gamelogic\ge_logic.dir\release\sca_joysticksensor.obj
c:\users\lucas\desktop\mundo aberto - game dev\thunderplayer\thunderplayer\thunderplayer\upbge-0.2.5b\build_player\source\gameengine\gamelogic\ge_logic.dir\release\sca_delaysensor.obj
c:\users\lucas\desktop\mundo aberto - game dev\thunderplayer\thunderplayer\thunderplayer\upbge-0.2.5b\build_player\source\gameengine\gamelogic\ge_logic.dir\release\sca_mousemanager.obj
c:\users\lucas\desktop\mundo aberto - game dev\thunderplayer\thunderplayer\thunderplayer\upbge-0.2.5b\build_player\source\gameengine\gamelogic\ge_logic.dir\release\sca_randomactuator.obj
c:\users\lucas\desktop\mundo aberto - game dev\thunderplayer\thunderplayer\thunderplayer\upbge-0.2.5b\build_player\source\gameengine\gamelogic\ge_logic.dir\release\sca_alwayssensor.obj
c:\users\lucas\desktop\mundo aberto - game dev\thunderplayer\thunderplayer\thunderplayer\upbge-0.2.5b\build_player\source\gameengine\gamelogic\ge_logic.dir\release\sca_keyboardmanager.obj
c:\users\lucas\desktop\mundo aberto - game dev\thunderplayer\thunderplayer\thunderplayer\upbge-0.2.5b\build_player\source\gameengine\gamelogic\ge_logic.dir\release\sca_ilogicbrick.obj
c:\users\lucas\desktop\mundo aberto - game dev\thunderplayer\thunderplayer\thunderplayer\upbge-0.2.5b\build_player\source\gameengine\gamelogic\ge_logic.dir\release\sca_isensor.obj
c:\users\lucas\desktop\mundo aberto - game dev\thunderplayer\thunderplayer\thunderplayer\upbge-0.2.5b\build_player\source\gameengine\gamelogic\ge_logic.dir\release\sca_pythonmouse.obj
c:\users\lucas\desktop\mundo aberto - game dev\thunderplayer\thunderplayer\thunderplayer\upbge-0.2.5b\build_player\source\gameengine\gamelogic\ge_logic.dir\release\sca_2dfilteractuator.obj
c:\users\lucas\desktop\mundo aberto - game dev\thunderplayer\thunderplayer\thunderplayer\upbge-0.2.5b\build_player\source\gameengine\gamelogic\ge_logic.dir\release\sca_propertysensor.obj
c:\users\lucas\desktop\mundo aberto - game dev\thunderplayer\thunderplayer\thunderplayer\upbge-0.2.5b\build_player\source\gameengine\gamelogic\ge_logic.dir\release\sca_andcontroller.obj
c:\users\lucas\desktop\mundo aberto - game dev\thunderplayer\thunderplayer\thunderplayer\upbge-0.2.5b\build_player\source\gameengine\gamelogic\ge_logic.dir\release\sca_keyboardsensor.obj
c:\users\lucas\desktop\mundo aberto - game dev\thunderplayer\thunderplayer\thunderplayer\upbge-0.2.5b\build_player\source\gameengine\gamelogic\ge_logic.dir\release\sca_actuatorsensor.obj
c:\users\lucas\desktop\mundo aberto - game dev\thunderplayer\thunderplayer\thunderplayer\upbge-0.2.5b\build_player\source\gameengine\gamelogic\ge_logic.dir\release\sca_orcontroller.obj
c:\users\lucas\desktop\mundo aberto - game dev\thunderplayer\thunderplayer\thunderplayer\upbge-0.2.5b\build_player\source\gameengine\gamelogic\ge_logic.dir\release\sca_icontroller.obj
c:\users\lucas\desktop\mundo aberto - game dev\thunderplayer\thunderplayer\thunderplayer\upbge-0.2.5b\build_player\source\gameengine\gamelogic\ge_logic.dir\release\sca_pythonjoystick.obj
c:\users\lucas\desktop\mundo aberto - game dev\thunderplayer\thunderplayer\thunderplayer\upbge-0.2.5b\build_player\source\gameengine\gamelogic\ge_logic.dir\release\sca_iobject.obj
c:\users\lucas\desktop\mundo aberto - game dev\thunderplayer\thunderplayer\thunderplayer\upbge-0.2.5b\build_player\source\gameengine\gamelogic\ge_logic.dir\release\sca_nandcontroller.obj
c:\users\lucas\desktop\mundo aberto - game dev\thunderplayer\thunderplayer\thunderplayer\upbge-0.2.5b\build_player\source\gameengine\gamelogic\ge_logic.dir\release\sca_randomnumbergenerator.obj
c:\users\lucas\desktop\mundo aberto - game dev\thunderplayer\thunderplayer\thunderplayer\upbge-0.2.5b\build_player\source\gameengine\gamelogic\ge_logic.dir\release\sca_randomsensor.obj
c:\users\lucas\desktop\mundo aberto - game dev\thunderplayer\thunderplayer\thunderplayer\upbge-0.2.5b\build_player\source\gameengine\gamelogic\ge_logic.dir\release\sca_expressioncontroller.obj
c:\users\lucas\desktop\mundo aberto - game dev\thunderplayer\thunderplayer\thunderplayer\upbge-0.2.5b\build_player\source\gameengine\gamelogic\ge_logic.dir\release\sca_pythonkeyboard.obj
c:\users\lucas\desktop\mundo aberto - game dev\thunderplayer\thunderplayer\thunderplayer\upbge-0.2.5b\build_player\source\gameengine\gamelogic\cmakefiles\generate.stamp
c:\users\lucas\desktop\mundo aberto - game dev\thunderplayer\thunderplayer\thunderplayer\upbge-0.2.5b\build_player\lib\release\ge_logic.lib
c:\users\lucas\desktop\mundo aberto - game dev\thunderplayer\thunderplayer\thunderplayer\upbge-0.2.5b\build_player\source\gameengine\gamelogic\ge_logic.dir\release\ge_logic.tlog\cl.10420.write.1.tlog
c:\users\lucas\desktop\mundo aberto - game dev\thunderplayer\thunderplayer\thunderplayer\upbge-0.2.5b\build_player\source\gameengine\gamelogic\ge_logic.dir\release\ge_logic.tlog\cl.command.1.tlog
c:\users\lucas\desktop\mundo aberto - game dev\thunderplayer\thunderplayer\thunderplayer\upbge-0.2.5b\build_player\source\gameengine\gamelogic\ge_logic.dir\release\ge_logic.tlog\cl.read.1.tlog
c:\users\lucas\desktop\mundo aberto - game dev\thunderplayer\thunderplayer\thunderplayer\upbge-0.2.5b\build_player\source\gameengine\gamelogic\ge_logic.dir\release\ge_logic.tlog\custombuild.command.1.tlog
c:\users\lucas\desktop\mundo aberto - game dev\thunderplayer\thunderplayer\thunderplayer\upbge-0.2.5b\build_player\source\gameengine\gamelogic\ge_logic.dir\release\ge_logic.tlog\custombuild.read.1.tlog
c:\users\lucas\desktop\mundo aberto - game dev\thunderplayer\thunderplayer\thunderplayer\upbge-0.2.5b\build_player\source\gameengine\gamelogic\ge_logic.dir\release\ge_logic.tlog\custombuild.write.1.tlog
c:\users\lucas\desktop\mundo aberto - game dev\thunderplayer\thunderplayer\thunderplayer\upbge-0.2.5b\build_player\source\gameengine\gamelogic\ge_logic.dir\release\ge_logic.tlog\lib-link.read.1.tlog
c:\users\lucas\desktop\mundo aberto - game dev\thunderplayer\thunderplayer\thunderplayer\upbge-0.2.5b\build_player\source\gameengine\gamelogic\ge_logic.dir\release\ge_logic.tlog\lib-link.write.1.tlog
c:\users\lucas\desktop\mundo aberto - game dev\thunderplayer\thunderplayer\thunderplayer\upbge-0.2.5b\build_player\source\gameengine\gamelogic\ge_logic.dir\release\ge_logic.tlog\lib.command.1.tlog
