  Building Custom Rule C:/Users/lucas/Desktop/Mundo Aberto - Game Dev/ThunderPLayer/ThunderPLayer/ThunderPLayer/upbge-0.2.5b/source/gameengine/GameLogic/CMakeLists.txt
  SCA_2DFilterActuator.cpp
  SCA_ANDController.cpp
  SCA_ActuatorEventManager.cpp
  SCA_ActuatorSensor.cpp
  SCA_AlwaysSensor.cpp
  SCA_BasicEventManager.cpp
  SCA_DelaySensor.cpp
  SCA_EventManager.cpp
  SCA_ExpressionController.cpp
  SCA_IActuator.cpp
  SCA_IController.cpp
  SCA_IInputDevice.cpp
  SCA_ILogicBrick.cpp
  SCA_InputEvent.cpp
  SCA_IObject.cpp
  SCA_IScene.cpp
  SCA_ISensor.cpp
  SCA_JoystickManager.cpp
  SCA_JoystickSensor.cpp
  SCA_KeyboardManager.cpp
  SCA_KeyboardSensor.cpp
  SCA_LogicManager.cpp
  SCA_MouseManager.cpp
  SCA_MouseSensor.cpp
  SCA_NANDController.cpp
  SCA_NORController.cpp
  SCA_ORController.cpp
  SCA_PropertyActuator.cpp
  SCA_PropertySensor.cpp
  SCA_PythonController.cpp
  SCA_PythonJoystick.cpp
  SCA_PythonKeyboard.cpp
  SCA_PythonMouse.cpp
  SCA_RandomActuator.cpp
  SCA_RandomNumberGenerator.cpp
  SCA_RandomSensor.cpp
  SCA_TimeEventManager.cpp
  SCA_VibrationActuator.cpp
  SCA_XNORController.cpp
  SCA_XORController.cpp
  ge_logic.vcxproj -> C:\Users\lucas\Desktop\Mundo Aberto - Game Dev\ThunderPLayer\ThunderPLayer\ThunderPLayer\upbge-0.2.5b\build_player\lib\Release\ge_logic.lib
