  Building Custom Rule C:/Users/lucas/Desktop/Mundo Aberto - Game Dev/ThunderPLayer/ThunderPLayer/ThunderPLayer/upbge-0.2.5b/source/blender/editors/sculpt_paint/CMakeLists.txt
  paint_cursor.c
  paint_curve.c
  paint_curve_undo.c
  paint_hide.c
  paint_image.c
  paint_image_2d.c
  paint_image_proj.c
  paint_image_undo.c
  paint_mask.c
  paint_ops.c
  paint_stroke.c
  paint_utils.c
  paint_vertex.c
  paint_vertex_color_ops.c
  paint_vertex_color_utils.c
  paint_vertex_proj.c
  paint_vertex_weight_ops.c
  paint_vertex_weight_utils.c
  sculpt.c
  sculpt_undo.c
  sculpt_uv.c
  bf_editor_sculpt_paint.vcxproj -> C:\Users\lucas\Desktop\Mundo Aberto - Game Dev\ThunderPLayer\ThunderPLayer\ThunderPLayer\upbge-0.2.5b\build_player\lib\Release\bf_editor_sculpt_paint.lib
