c:\users\lucas\desktop\mundo aberto - game dev\thunderplayer\thunderplayer\thunderplayer\upbge-0.2.5b\build_player\source\blender\editors\sculpt_paint\bf_editor_sculpt_paint.dir\release\paint_hide.obj
c:\users\lucas\desktop\mundo aberto - game dev\thunderplayer\thunderplayer\thunderplayer\upbge-0.2.5b\build_player\source\blender\editors\sculpt_paint\bf_editor_sculpt_paint.dir\release\paint_image_proj.obj
c:\users\lucas\desktop\mundo aberto - game dev\thunderplayer\thunderplayer\thunderplayer\upbge-0.2.5b\build_player\source\blender\editors\sculpt_paint\bf_editor_sculpt_paint.dir\release\paint_image_undo.obj
c:\users\lucas\desktop\mundo aberto - game dev\thunderplayer\thunderplayer\thunderplayer\upbge-0.2.5b\build_player\source\blender\editors\sculpt_paint\bf_editor_sculpt_paint.dir\release\paint_ops.obj
c:\users\lucas\desktop\mundo aberto - game dev\thunderplayer\thunderplayer\thunderplayer\upbge-0.2.5b\build_player\source\blender\editors\sculpt_paint\bf_editor_sculpt_paint.dir\release\paint_cursor.obj
c:\users\lucas\desktop\mundo aberto - game dev\thunderplayer\thunderplayer\thunderplayer\upbge-0.2.5b\build_player\source\blender\editors\sculpt_paint\bf_editor_sculpt_paint.dir\release\paint_stroke.obj
c:\users\lucas\desktop\mundo aberto - game dev\thunderplayer\thunderplayer\thunderplayer\upbge-0.2.5b\build_player\source\blender\editors\sculpt_paint\bf_editor_sculpt_paint.dir\release\paint_image_2d.obj
c:\users\lucas\desktop\mundo aberto - game dev\thunderplayer\thunderplayer\thunderplayer\upbge-0.2.5b\build_player\source\blender\editors\sculpt_paint\bf_editor_sculpt_paint.dir\release\sculpt_undo.obj
c:\users\lucas\desktop\mundo aberto - game dev\thunderplayer\thunderplayer\thunderplayer\upbge-0.2.5b\build_player\source\blender\editors\sculpt_paint\bf_editor_sculpt_paint.dir\release\paint_curve_undo.obj
c:\users\lucas\desktop\mundo aberto - game dev\thunderplayer\thunderplayer\thunderplayer\upbge-0.2.5b\build_player\source\blender\editors\sculpt_paint\bf_editor_sculpt_paint.dir\release\paint_vertex_weight_ops.obj
c:\users\lucas\desktop\mundo aberto - game dev\thunderplayer\thunderplayer\thunderplayer\upbge-0.2.5b\build_player\source\blender\editors\sculpt_paint\bf_editor_sculpt_paint.dir\release\paint_curve.obj
c:\users\lucas\desktop\mundo aberto - game dev\thunderplayer\thunderplayer\thunderplayer\upbge-0.2.5b\build_player\source\blender\editors\sculpt_paint\bf_editor_sculpt_paint.dir\release\paint_vertex_weight_utils.obj
c:\users\lucas\desktop\mundo aberto - game dev\thunderplayer\thunderplayer\thunderplayer\upbge-0.2.5b\build_player\source\blender\editors\sculpt_paint\bf_editor_sculpt_paint.dir\release\paint_vertex_proj.obj
c:\users\lucas\desktop\mundo aberto - game dev\thunderplayer\thunderplayer\thunderplayer\upbge-0.2.5b\build_player\source\blender\editors\sculpt_paint\bf_editor_sculpt_paint.dir\release\paint_utils.obj
c:\users\lucas\desktop\mundo aberto - game dev\thunderplayer\thunderplayer\thunderplayer\upbge-0.2.5b\build_player\source\blender\editors\sculpt_paint\bf_editor_sculpt_paint.dir\release\paint_vertex.obj
c:\users\lucas\desktop\mundo aberto - game dev\thunderplayer\thunderplayer\thunderplayer\upbge-0.2.5b\build_player\source\blender\editors\sculpt_paint\bf_editor_sculpt_paint.dir\release\paint_mask.obj
c:\users\lucas\desktop\mundo aberto - game dev\thunderplayer\thunderplayer\thunderplayer\upbge-0.2.5b\build_player\source\blender\editors\sculpt_paint\bf_editor_sculpt_paint.dir\release\sculpt.obj
c:\users\lucas\desktop\mundo aberto - game dev\thunderplayer\thunderplayer\thunderplayer\upbge-0.2.5b\build_player\source\blender\editors\sculpt_paint\bf_editor_sculpt_paint.dir\release\paint_image.obj
c:\users\lucas\desktop\mundo aberto - game dev\thunderplayer\thunderplayer\thunderplayer\upbge-0.2.5b\build_player\source\blender\editors\sculpt_paint\bf_editor_sculpt_paint.dir\release\paint_vertex_color_ops.obj
c:\users\lucas\desktop\mundo aberto - game dev\thunderplayer\thunderplayer\thunderplayer\upbge-0.2.5b\build_player\source\blender\editors\sculpt_paint\bf_editor_sculpt_paint.dir\release\paint_vertex_color_utils.obj
c:\users\lucas\desktop\mundo aberto - game dev\thunderplayer\thunderplayer\thunderplayer\upbge-0.2.5b\build_player\source\blender\editors\sculpt_paint\bf_editor_sculpt_paint.dir\release\sculpt_uv.obj
c:\users\lucas\desktop\mundo aberto - game dev\thunderplayer\thunderplayer\thunderplayer\upbge-0.2.5b\build_player\source\blender\editors\sculpt_paint\cmakefiles\generate.stamp
c:\users\lucas\desktop\mundo aberto - game dev\thunderplayer\thunderplayer\thunderplayer\upbge-0.2.5b\build_player\lib\release\bf_editor_sculpt_paint.lib
c:\users\lucas\desktop\mundo aberto - game dev\thunderplayer\thunderplayer\thunderplayer\upbge-0.2.5b\build_player\source\blender\editors\sculpt_paint\bf_editor_sculpt_paint.dir\release\bf_edito.46a0999e.tlog\cl.10396.write.1.tlog
c:\users\lucas\desktop\mundo aberto - game dev\thunderplayer\thunderplayer\thunderplayer\upbge-0.2.5b\build_player\source\blender\editors\sculpt_paint\bf_editor_sculpt_paint.dir\release\bf_edito.46a0999e.tlog\cl.command.1.tlog
c:\users\lucas\desktop\mundo aberto - game dev\thunderplayer\thunderplayer\thunderplayer\upbge-0.2.5b\build_player\source\blender\editors\sculpt_paint\bf_editor_sculpt_paint.dir\release\bf_edito.46a0999e.tlog\cl.read.1.tlog
c:\users\lucas\desktop\mundo aberto - game dev\thunderplayer\thunderplayer\thunderplayer\upbge-0.2.5b\build_player\source\blender\editors\sculpt_paint\bf_editor_sculpt_paint.dir\release\bf_edito.46a0999e.tlog\custombuild.command.1.tlog
c:\users\lucas\desktop\mundo aberto - game dev\thunderplayer\thunderplayer\thunderplayer\upbge-0.2.5b\build_player\source\blender\editors\sculpt_paint\bf_editor_sculpt_paint.dir\release\bf_edito.46a0999e.tlog\custombuild.read.1.tlog
c:\users\lucas\desktop\mundo aberto - game dev\thunderplayer\thunderplayer\thunderplayer\upbge-0.2.5b\build_player\source\blender\editors\sculpt_paint\bf_editor_sculpt_paint.dir\release\bf_edito.46a0999e.tlog\custombuild.write.1.tlog
c:\users\lucas\desktop\mundo aberto - game dev\thunderplayer\thunderplayer\thunderplayer\upbge-0.2.5b\build_player\source\blender\editors\sculpt_paint\bf_editor_sculpt_paint.dir\release\bf_edito.46a0999e.tlog\lib-link.read.1.tlog
c:\users\lucas\desktop\mundo aberto - game dev\thunderplayer\thunderplayer\thunderplayer\upbge-0.2.5b\build_player\source\blender\editors\sculpt_paint\bf_editor_sculpt_paint.dir\release\bf_edito.46a0999e.tlog\lib-link.write.1.tlog
c:\users\lucas\desktop\mundo aberto - game dev\thunderplayer\thunderplayer\thunderplayer\upbge-0.2.5b\build_player\source\blender\editors\sculpt_paint\bf_editor_sculpt_paint.dir\release\bf_edito.46a0999e.tlog\lib.command.1.tlog
