c:\users\lucas\desktop\mundo aberto - game dev\thunderplayer\thunderplayer\thunderplayer\upbge-0.2.5b\build_player\source\blender\editors\space_node\bf_editor_space_node.dir\release\drawnode.obj
c:\users\lucas\desktop\mundo aberto - game dev\thunderplayer\thunderplayer\thunderplayer\upbge-0.2.5b\build_player\source\blender\editors\space_node\bf_editor_space_node.dir\release\node_group.obj
c:\users\lucas\desktop\mundo aberto - game dev\thunderplayer\thunderplayer\thunderplayer\upbge-0.2.5b\build_player\source\blender\editors\space_node\bf_editor_space_node.dir\release\node_ops.obj
c:\users\lucas\desktop\mundo aberto - game dev\thunderplayer\thunderplayer\thunderplayer\upbge-0.2.5b\build_player\source\blender\editors\space_node\bf_editor_space_node.dir\release\node_toolbar.obj
c:\users\lucas\desktop\mundo aberto - game dev\thunderplayer\thunderplayer\thunderplayer\upbge-0.2.5b\build_player\source\blender\editors\space_node\bf_editor_space_node.dir\release\node_templates.obj
c:\users\lucas\desktop\mundo aberto - game dev\thunderplayer\thunderplayer\thunderplayer\upbge-0.2.5b\build_player\source\blender\editors\space_node\bf_editor_space_node.dir\release\node_view.obj
c:\users\lucas\desktop\mundo aberto - game dev\thunderplayer\thunderplayer\thunderplayer\upbge-0.2.5b\build_player\source\blender\editors\space_node\bf_editor_space_node.dir\release\node_select.obj
c:\users\lucas\desktop\mundo aberto - game dev\thunderplayer\thunderplayer\thunderplayer\upbge-0.2.5b\build_player\source\blender\editors\space_node\bf_editor_space_node.dir\release\node_edit.obj
c:\users\lucas\desktop\mundo aberto - game dev\thunderplayer\thunderplayer\thunderplayer\upbge-0.2.5b\build_player\source\blender\editors\space_node\bf_editor_space_node.dir\release\node_buttons.obj
c:\users\lucas\desktop\mundo aberto - game dev\thunderplayer\thunderplayer\thunderplayer\upbge-0.2.5b\build_player\source\blender\editors\space_node\bf_editor_space_node.dir\release\node_draw.obj
c:\users\lucas\desktop\mundo aberto - game dev\thunderplayer\thunderplayer\thunderplayer\upbge-0.2.5b\build_player\source\blender\editors\space_node\bf_editor_space_node.dir\release\node_relationships.obj
c:\users\lucas\desktop\mundo aberto - game dev\thunderplayer\thunderplayer\thunderplayer\upbge-0.2.5b\build_player\source\blender\editors\space_node\bf_editor_space_node.dir\release\space_node.obj
c:\users\lucas\desktop\mundo aberto - game dev\thunderplayer\thunderplayer\thunderplayer\upbge-0.2.5b\build_player\source\blender\editors\space_node\bf_editor_space_node.dir\release\node_add.obj
c:\users\lucas\desktop\mundo aberto - game dev\thunderplayer\thunderplayer\thunderplayer\upbge-0.2.5b\build_player\source\blender\editors\space_node\cmakefiles\generate.stamp
c:\users\lucas\desktop\mundo aberto - game dev\thunderplayer\thunderplayer\thunderplayer\upbge-0.2.5b\build_player\lib\release\bf_editor_space_node.lib
c:\users\lucas\desktop\mundo aberto - game dev\thunderplayer\thunderplayer\thunderplayer\upbge-0.2.5b\build_player\source\blender\editors\space_node\bf_editor_space_node.dir\release\bf_edito.2bc78f9a.tlog\cl.10196.write.1.tlog
c:\users\lucas\desktop\mundo aberto - game dev\thunderplayer\thunderplayer\thunderplayer\upbge-0.2.5b\build_player\source\blender\editors\space_node\bf_editor_space_node.dir\release\bf_edito.2bc78f9a.tlog\cl.command.1.tlog
c:\users\lucas\desktop\mundo aberto - game dev\thunderplayer\thunderplayer\thunderplayer\upbge-0.2.5b\build_player\source\blender\editors\space_node\bf_editor_space_node.dir\release\bf_edito.2bc78f9a.tlog\cl.read.1.tlog
c:\users\lucas\desktop\mundo aberto - game dev\thunderplayer\thunderplayer\thunderplayer\upbge-0.2.5b\build_player\source\blender\editors\space_node\bf_editor_space_node.dir\release\bf_edito.2bc78f9a.tlog\custombuild.command.1.tlog
c:\users\lucas\desktop\mundo aberto - game dev\thunderplayer\thunderplayer\thunderplayer\upbge-0.2.5b\build_player\source\blender\editors\space_node\bf_editor_space_node.dir\release\bf_edito.2bc78f9a.tlog\custombuild.read.1.tlog
c:\users\lucas\desktop\mundo aberto - game dev\thunderplayer\thunderplayer\thunderplayer\upbge-0.2.5b\build_player\source\blender\editors\space_node\bf_editor_space_node.dir\release\bf_edito.2bc78f9a.tlog\custombuild.write.1.tlog
c:\users\lucas\desktop\mundo aberto - game dev\thunderplayer\thunderplayer\thunderplayer\upbge-0.2.5b\build_player\source\blender\editors\space_node\bf_editor_space_node.dir\release\bf_edito.2bc78f9a.tlog\lib-link.read.1.tlog
c:\users\lucas\desktop\mundo aberto - game dev\thunderplayer\thunderplayer\thunderplayer\upbge-0.2.5b\build_player\source\blender\editors\space_node\bf_editor_space_node.dir\release\bf_edito.2bc78f9a.tlog\lib-link.write.1.tlog
c:\users\lucas\desktop\mundo aberto - game dev\thunderplayer\thunderplayer\thunderplayer\upbge-0.2.5b\build_player\source\blender\editors\space_node\bf_editor_space_node.dir\release\bf_edito.2bc78f9a.tlog\lib.command.1.tlog
