  Generating ../../../../release/datafiles/bfont.pfb.c
  Generating ../../../../release/datafiles/bfont.ttf.c
  Generating ../../../../release/datafiles/bmonofont.ttf.c
  Generating ../../../../release/datafiles/preview.blend.c
  Generating ../../../../release/datafiles/preview_cycles.blend.c
  Generating ../../../../release/datafiles/splash.png.c
  Generating ../../../../release/datafiles/splash_2x.png.c
  Generating ../../../../release/datafiles/blender_icons16.png, ../../../../release/datafiles/blender_icons16.png.c
  Generating ../../../../release/datafiles/blender_icons32.png, ../../../../release/datafiles/blender_icons32.png.c
  Generating ../../../../release/datafiles/prvicons.png.c
  Generating ../../../../release/datafiles/brushicons/add.png.c
  Generating ../../../../release/datafiles/brushicons/blob.png.c
  Generating ../../../../release/datafiles/brushicons/blur.png.c
  Generating ../../../../release/datafiles/brushicons/clay.png.c
  Generating ../../../../release/datafiles/brushicons/claystrips.png.c
  Generating ../../../../release/datafiles/brushicons/clone.png.c
  Generating ../../../../release/datafiles/brushicons/crease.png.c
  Generating ../../../../release/datafiles/brushicons/darken.png.c
  Generating ../../../../release/datafiles/brushicons/draw.png.c
  Generating ../../../../release/datafiles/brushicons/fill.png.c
  Generating ../../../../release/datafiles/brushicons/flatten.png.c
  Generating ../../../../release/datafiles/brushicons/grab.png.c
  Generating ../../../../release/datafiles/brushicons/inflate.png.c
  Generating ../../../../release/datafiles/brushicons/layer.png.c
  Generating ../../../../release/datafiles/brushicons/lighten.png.c
  Generating ../../../../release/datafiles/brushicons/mask.png.c
  Generating ../../../../release/datafiles/brushicons/mix.png.c
  Generating ../../../../release/datafiles/brushicons/multiply.png.c
  Generating ../../../../release/datafiles/brushicons/nudge.png.c
  Generating ../../../../release/datafiles/brushicons/pinch.png.c
  Generating ../../../../release/datafiles/brushicons/scrape.png.c
  Generating ../../../../release/datafiles/brushicons/smear.png.c
  Generating ../../../../release/datafiles/brushicons/smooth.png.c
  Generating ../../../../release/datafiles/brushicons/snake_hook.png.c
  Generating ../../../../release/datafiles/brushicons/soften.png.c
  Generating ../../../../release/datafiles/brushicons/subtract.png.c
  Generating ../../../../release/datafiles/brushicons/texdraw.png.c
  Generating ../../../../release/datafiles/brushicons/texfill.png.c
  Generating ../../../../release/datafiles/brushicons/texmask.png.c
  Generating ../../../../release/datafiles/brushicons/thumb.png.c
  Generating ../../../../release/datafiles/brushicons/twist.png.c
  Generating ../../../../release/datafiles/brushicons/vertexdraw.png.c
  Generating ../../../../release/datafiles/matcaps/mc01.jpg.c
  Generating ../../../../release/datafiles/matcaps/mc02.jpg.c
  Generating ../../../../release/datafiles/matcaps/mc03.jpg.c
  Generating ../../../../release/datafiles/matcaps/mc04.jpg.c
  Generating ../../../../release/datafiles/matcaps/mc05.jpg.c
  Generating ../../../../release/datafiles/matcaps/mc06.jpg.c
  Generating ../../../../release/datafiles/matcaps/mc07.jpg.c
  Generating ../../../../release/datafiles/matcaps/mc08.jpg.c
  Generating ../../../../release/datafiles/matcaps/mc09.jpg.c
  Generating ../../../../release/datafiles/matcaps/mc10.jpg.c
  Generating ../../../../release/datafiles/matcaps/mc11.jpg.c
  Generating ../../../../release/datafiles/matcaps/mc12.jpg.c
  Generating ../../../../release/datafiles/matcaps/mc13.jpg.c
  Generating ../../../../release/datafiles/matcaps/mc14.jpg.c
  Generating ../../../../release/datafiles/matcaps/mc15.jpg.c
  Generating ../../../../release/datafiles/matcaps/mc16.jpg.c
  Generating ../../../../release/datafiles/matcaps/mc17.jpg.c
  Generating ../../../../release/datafiles/matcaps/mc18.jpg.c
  Generating ../../../../release/datafiles/matcaps/mc19.jpg.c
  Generating ../../../../release/datafiles/matcaps/mc20.jpg.c
  Generating ../../../../release/datafiles/matcaps/mc21.jpg.c
  Generating ../../../../release/datafiles/matcaps/mc22.jpg.c
  Generating ../../../../release/datafiles/matcaps/mc23.jpg.c
  Generating ../../../../release/datafiles/matcaps/mc24.jpg.c
  Generating ../../../../release/datafiles/startup.blend.c
  Building Custom Rule C:/Users/lucas/Desktop/Mundo Aberto - Game Dev/ThunderPLayer/ThunderPLayer/ThunderPLayer/upbge-0.2.5b/source/blender/editors/datafiles/CMakeLists.txt
  bfont.pfb.c
  bfont.ttf.c
  bmonofont.ttf.c
  preview.blend.c
  preview_cycles.blend.c
  splash.png.c
  splash_2x.png.c
  blender_icons16.png.c
  blender_icons32.png.c
  prvicons.png.c
  add.png.c
  blob.png.c
  blur.png.c
  clay.png.c
  claystrips.png.c
  clone.png.c
  crease.png.c
  darken.png.c
  draw.png.c
  fill.png.c
  flatten.png.c
  grab.png.c
  inflate.png.c
  layer.png.c
  lighten.png.c
  mask.png.c
  mix.png.c
  multiply.png.c
  nudge.png.c
  pinch.png.c
  scrape.png.c
  smear.png.c
  smooth.png.c
  snake_hook.png.c
  soften.png.c
  subtract.png.c
  texdraw.png.c
  texfill.png.c
  texmask.png.c
  thumb.png.c
  twist.png.c
  vertexdraw.png.c
  mc01.jpg.c
  mc02.jpg.c
  mc03.jpg.c
  mc04.jpg.c
  mc05.jpg.c
  mc06.jpg.c
  mc07.jpg.c
  mc08.jpg.c
  mc09.jpg.c
  mc10.jpg.c
  mc11.jpg.c
  mc12.jpg.c
  mc13.jpg.c
  mc14.jpg.c
  mc15.jpg.c
  mc16.jpg.c
  mc17.jpg.c
  mc18.jpg.c
  mc19.jpg.c
  mc20.jpg.c
  mc21.jpg.c
  mc22.jpg.c
  mc23.jpg.c
  mc24.jpg.c
  startup.blend.c
  bf_editor_datafiles.vcxproj -> C:\Users\lucas\Desktop\Mundo Aberto - Game Dev\ThunderPLayer\ThunderPLayer\ThunderPLayer\upbge-0.2.5b\build_player\lib\Release\bf_editor_datafiles.lib
