c:\users\lucas\desktop\mundo aberto - game dev\thunderplayer\thunderplayer\thunderplayer\upbge-0.2.5b\build_player\source\blender\editors\datafiles\bf_editor_datafiles.dir\release\fill.png.obj
c:\users\lucas\desktop\mundo aberto - game dev\thunderplayer\thunderplayer\thunderplayer\upbge-0.2.5b\build_player\source\blender\editors\datafiles\bf_editor_datafiles.dir\release\smear.png.obj
c:\users\lucas\desktop\mundo aberto - game dev\thunderplayer\thunderplayer\thunderplayer\upbge-0.2.5b\build_player\source\blender\editors\datafiles\bf_editor_datafiles.dir\release\mc03.jpg.obj
c:\users\lucas\desktop\mundo aberto - game dev\thunderplayer\thunderplayer\thunderplayer\upbge-0.2.5b\build_player\source\blender\editors\datafiles\bf_editor_datafiles.dir\release\mc17.jpg.obj
c:\users\lucas\desktop\mundo aberto - game dev\thunderplayer\thunderplayer\thunderplayer\upbge-0.2.5b\build_player\source\blender\editors\datafiles\bf_editor_datafiles.dir\release\blob.png.obj
c:\users\lucas\desktop\mundo aberto - game dev\thunderplayer\thunderplayer\thunderplayer\upbge-0.2.5b\build_player\source\blender\editors\datafiles\bf_editor_datafiles.dir\release\lighten.png.obj
c:\users\lucas\desktop\mundo aberto - game dev\thunderplayer\thunderplayer\thunderplayer\upbge-0.2.5b\build_player\source\blender\editors\datafiles\bf_editor_datafiles.dir\release\texdraw.png.obj
c:\users\lucas\desktop\mundo aberto - game dev\thunderplayer\thunderplayer\thunderplayer\upbge-0.2.5b\build_player\source\blender\editors\datafiles\bf_editor_datafiles.dir\release\mc10.jpg.obj
c:\users\lucas\desktop\mundo aberto - game dev\thunderplayer\thunderplayer\thunderplayer\upbge-0.2.5b\build_player\source\blender\editors\datafiles\bf_editor_datafiles.dir\release\darken.png.obj
c:\users\lucas\desktop\mundo aberto - game dev\thunderplayer\thunderplayer\thunderplayer\upbge-0.2.5b\build_player\source\blender\editors\datafiles\bf_editor_datafiles.dir\release\mask.png.obj
c:\users\lucas\desktop\mundo aberto - game dev\thunderplayer\thunderplayer\thunderplayer\upbge-0.2.5b\build_player\source\blender\editors\datafiles\bf_editor_datafiles.dir\release\texmask.png.obj
c:\users\lucas\desktop\mundo aberto - game dev\thunderplayer\thunderplayer\thunderplayer\upbge-0.2.5b\build_player\source\blender\editors\datafiles\bf_editor_datafiles.dir\release\mc12.jpg.obj
c:\users\lucas\desktop\mundo aberto - game dev\thunderplayer\thunderplayer\thunderplayer\upbge-0.2.5b\build_player\source\blender\editors\datafiles\bf_editor_datafiles.dir\release\preview_cycles.blend.obj
c:\users\lucas\desktop\mundo aberto - game dev\thunderplayer\thunderplayer\thunderplayer\upbge-0.2.5b\build_player\source\blender\editors\datafiles\bf_editor_datafiles.dir\release\preview.blend.obj
c:\users\lucas\desktop\mundo aberto - game dev\thunderplayer\thunderplayer\thunderplayer\upbge-0.2.5b\build_player\source\blender\editors\datafiles\bf_editor_datafiles.dir\release\vertexdraw.png.obj
c:\users\lucas\desktop\mundo aberto - game dev\thunderplayer\thunderplayer\thunderplayer\upbge-0.2.5b\build_player\source\blender\editors\datafiles\bf_editor_datafiles.dir\release\mc15.jpg.obj
c:\users\lucas\desktop\mundo aberto - game dev\thunderplayer\thunderplayer\thunderplayer\upbge-0.2.5b\build_player\source\blender\editors\datafiles\bf_editor_datafiles.dir\release\splash.png.obj
c:\users\lucas\desktop\mundo aberto - game dev\thunderplayer\thunderplayer\thunderplayer\upbge-0.2.5b\build_player\source\blender\editors\datafiles\bf_editor_datafiles.dir\release\mix.png.obj
c:\users\lucas\desktop\mundo aberto - game dev\thunderplayer\thunderplayer\thunderplayer\upbge-0.2.5b\build_player\source\blender\editors\datafiles\bf_editor_datafiles.dir\release\texfill.png.obj
c:\users\lucas\desktop\mundo aberto - game dev\thunderplayer\thunderplayer\thunderplayer\upbge-0.2.5b\build_player\source\blender\editors\datafiles\bf_editor_datafiles.dir\release\mc11.jpg.obj
c:\users\lucas\desktop\mundo aberto - game dev\thunderplayer\thunderplayer\thunderplayer\upbge-0.2.5b\build_player\source\blender\editors\datafiles\bf_editor_datafiles.dir\release\mc23.jpg.obj
c:\users\lucas\desktop\mundo aberto - game dev\thunderplayer\thunderplayer\thunderplayer\upbge-0.2.5b\build_player\source\blender\editors\datafiles\bf_editor_datafiles.dir\release\prvicons.png.obj
c:\users\lucas\desktop\mundo aberto - game dev\thunderplayer\thunderplayer\thunderplayer\upbge-0.2.5b\build_player\source\blender\editors\datafiles\bf_editor_datafiles.dir\release\clay.png.obj
c:\users\lucas\desktop\mundo aberto - game dev\thunderplayer\thunderplayer\thunderplayer\upbge-0.2.5b\build_player\source\blender\editors\datafiles\bf_editor_datafiles.dir\release\flatten.png.obj
c:\users\lucas\desktop\mundo aberto - game dev\thunderplayer\thunderplayer\thunderplayer\upbge-0.2.5b\build_player\source\blender\editors\datafiles\bf_editor_datafiles.dir\release\smooth.png.obj
c:\users\lucas\desktop\mundo aberto - game dev\thunderplayer\thunderplayer\thunderplayer\upbge-0.2.5b\build_player\source\blender\editors\datafiles\bf_editor_datafiles.dir\release\mc04.jpg.obj
c:\users\lucas\desktop\mundo aberto - game dev\thunderplayer\thunderplayer\thunderplayer\upbge-0.2.5b\build_player\source\blender\editors\datafiles\bf_editor_datafiles.dir\release\mc19.jpg.obj
c:\users\lucas\desktop\mundo aberto - game dev\thunderplayer\thunderplayer\thunderplayer\upbge-0.2.5b\build_player\source\blender\editors\datafiles\bf_editor_datafiles.dir\release\grab.png.obj
c:\users\lucas\desktop\mundo aberto - game dev\thunderplayer\thunderplayer\thunderplayer\upbge-0.2.5b\build_player\source\blender\editors\datafiles\bf_editor_datafiles.dir\release\snake_hook.png.obj
c:\users\lucas\desktop\mundo aberto - game dev\thunderplayer\thunderplayer\thunderplayer\upbge-0.2.5b\build_player\source\blender\editors\datafiles\bf_editor_datafiles.dir\release\mc05.jpg.obj
c:\users\lucas\desktop\mundo aberto - game dev\thunderplayer\thunderplayer\thunderplayer\upbge-0.2.5b\build_player\source\blender\editors\datafiles\bf_editor_datafiles.dir\release\mc21.jpg.obj
c:\users\lucas\desktop\mundo aberto - game dev\thunderplayer\thunderplayer\thunderplayer\upbge-0.2.5b\build_player\source\blender\editors\datafiles\bf_editor_datafiles.dir\release\startup.blend.obj
c:\users\lucas\desktop\mundo aberto - game dev\thunderplayer\thunderplayer\thunderplayer\upbge-0.2.5b\build_player\source\blender\editors\datafiles\bf_editor_datafiles.dir\release\draw.png.obj
c:\users\lucas\desktop\mundo aberto - game dev\thunderplayer\thunderplayer\thunderplayer\upbge-0.2.5b\build_player\source\blender\editors\datafiles\bf_editor_datafiles.dir\release\scrape.png.obj
c:\users\lucas\desktop\mundo aberto - game dev\thunderplayer\thunderplayer\thunderplayer\upbge-0.2.5b\build_player\source\blender\editors\datafiles\bf_editor_datafiles.dir\release\mc02.jpg.obj
c:\users\lucas\desktop\mundo aberto - game dev\thunderplayer\thunderplayer\thunderplayer\upbge-0.2.5b\build_player\source\blender\editors\datafiles\bf_editor_datafiles.dir\release\mc16.jpg.obj
c:\users\lucas\desktop\mundo aberto - game dev\thunderplayer\thunderplayer\thunderplayer\upbge-0.2.5b\build_player\source\blender\editors\datafiles\bf_editor_datafiles.dir\release\blender_icons32.png.obj
c:\users\lucas\desktop\mundo aberto - game dev\thunderplayer\thunderplayer\thunderplayer\upbge-0.2.5b\build_player\source\blender\editors\datafiles\bf_editor_datafiles.dir\release\mc18.jpg.obj
c:\users\lucas\desktop\mundo aberto - game dev\thunderplayer\thunderplayer\thunderplayer\upbge-0.2.5b\build_player\source\blender\editors\datafiles\bf_editor_datafiles.dir\release\blender_icons16.png.obj
c:\users\lucas\desktop\mundo aberto - game dev\thunderplayer\thunderplayer\thunderplayer\upbge-0.2.5b\build_player\source\blender\editors\datafiles\bf_editor_datafiles.dir\release\soften.png.obj
c:\users\lucas\desktop\mundo aberto - game dev\thunderplayer\thunderplayer\thunderplayer\upbge-0.2.5b\build_player\source\blender\editors\datafiles\bf_editor_datafiles.dir\release\mc06.jpg.obj
c:\users\lucas\desktop\mundo aberto - game dev\thunderplayer\thunderplayer\thunderplayer\upbge-0.2.5b\build_player\source\blender\editors\datafiles\bf_editor_datafiles.dir\release\mc24.jpg.obj
c:\users\lucas\desktop\mundo aberto - game dev\thunderplayer\thunderplayer\thunderplayer\upbge-0.2.5b\build_player\source\blender\editors\datafiles\bf_editor_datafiles.dir\release\bfont.pfb.obj
c:\users\lucas\desktop\mundo aberto - game dev\thunderplayer\thunderplayer\thunderplayer\upbge-0.2.5b\build_player\source\blender\editors\datafiles\bf_editor_datafiles.dir\release\blur.png.obj
c:\users\lucas\desktop\mundo aberto - game dev\thunderplayer\thunderplayer\thunderplayer\upbge-0.2.5b\build_player\source\blender\editors\datafiles\bf_editor_datafiles.dir\release\layer.png.obj
c:\users\lucas\desktop\mundo aberto - game dev\thunderplayer\thunderplayer\thunderplayer\upbge-0.2.5b\build_player\source\blender\editors\datafiles\bf_editor_datafiles.dir\release\subtract.png.obj
c:\users\lucas\desktop\mundo aberto - game dev\thunderplayer\thunderplayer\thunderplayer\upbge-0.2.5b\build_player\source\blender\editors\datafiles\bf_editor_datafiles.dir\release\mc08.jpg.obj
c:\users\lucas\desktop\mundo aberto - game dev\thunderplayer\thunderplayer\thunderplayer\upbge-0.2.5b\build_player\source\blender\editors\datafiles\bf_editor_datafiles.dir\release\mc22.jpg.obj
c:\users\lucas\desktop\mundo aberto - game dev\thunderplayer\thunderplayer\thunderplayer\upbge-0.2.5b\build_player\source\blender\editors\datafiles\bf_editor_datafiles.dir\release\bfont.ttf.obj
c:\users\lucas\desktop\mundo aberto - game dev\thunderplayer\thunderplayer\thunderplayer\upbge-0.2.5b\build_player\source\blender\editors\datafiles\bf_editor_datafiles.dir\release\clone.png.obj
c:\users\lucas\desktop\mundo aberto - game dev\thunderplayer\thunderplayer\thunderplayer\upbge-0.2.5b\build_player\source\blender\editors\datafiles\bf_editor_datafiles.dir\release\pinch.png.obj
c:\users\lucas\desktop\mundo aberto - game dev\thunderplayer\thunderplayer\thunderplayer\upbge-0.2.5b\build_player\source\blender\editors\datafiles\bf_editor_datafiles.dir\release\mc01.jpg.obj
c:\users\lucas\desktop\mundo aberto - game dev\thunderplayer\thunderplayer\thunderplayer\upbge-0.2.5b\build_player\source\blender\editors\datafiles\bf_editor_datafiles.dir\release\mc07.jpg.obj
c:\users\lucas\desktop\mundo aberto - game dev\thunderplayer\thunderplayer\thunderplayer\upbge-0.2.5b\build_player\source\blender\editors\datafiles\bf_editor_datafiles.dir\release\splash_2x.png.obj
c:\users\lucas\desktop\mundo aberto - game dev\thunderplayer\thunderplayer\thunderplayer\upbge-0.2.5b\build_player\source\blender\editors\datafiles\bf_editor_datafiles.dir\release\mc09.jpg.obj
c:\users\lucas\desktop\mundo aberto - game dev\thunderplayer\thunderplayer\thunderplayer\upbge-0.2.5b\build_player\source\blender\editors\datafiles\bf_editor_datafiles.dir\release\mc20.jpg.obj
c:\users\lucas\desktop\mundo aberto - game dev\thunderplayer\thunderplayer\thunderplayer\upbge-0.2.5b\build_player\source\blender\editors\datafiles\bf_editor_datafiles.dir\release\bmonofont.ttf.obj
c:\users\lucas\desktop\mundo aberto - game dev\thunderplayer\thunderplayer\thunderplayer\upbge-0.2.5b\build_player\source\blender\editors\datafiles\bf_editor_datafiles.dir\release\claystrips.png.obj
c:\users\lucas\desktop\mundo aberto - game dev\thunderplayer\thunderplayer\thunderplayer\upbge-0.2.5b\build_player\source\blender\editors\datafiles\bf_editor_datafiles.dir\release\multiply.png.obj
c:\users\lucas\desktop\mundo aberto - game dev\thunderplayer\thunderplayer\thunderplayer\upbge-0.2.5b\build_player\source\blender\editors\datafiles\bf_editor_datafiles.dir\release\thumb.png.obj
c:\users\lucas\desktop\mundo aberto - game dev\thunderplayer\thunderplayer\thunderplayer\upbge-0.2.5b\build_player\source\blender\editors\datafiles\bf_editor_datafiles.dir\release\mc13.jpg.obj
c:\users\lucas\desktop\mundo aberto - game dev\thunderplayer\thunderplayer\thunderplayer\upbge-0.2.5b\build_player\source\blender\editors\datafiles\bf_editor_datafiles.dir\release\add.png.obj
c:\users\lucas\desktop\mundo aberto - game dev\thunderplayer\thunderplayer\thunderplayer\upbge-0.2.5b\build_player\source\blender\editors\datafiles\bf_editor_datafiles.dir\release\crease.png.obj
c:\users\lucas\desktop\mundo aberto - game dev\thunderplayer\thunderplayer\thunderplayer\upbge-0.2.5b\build_player\source\blender\editors\datafiles\bf_editor_datafiles.dir\release\inflate.png.obj
c:\users\lucas\desktop\mundo aberto - game dev\thunderplayer\thunderplayer\thunderplayer\upbge-0.2.5b\build_player\source\blender\editors\datafiles\bf_editor_datafiles.dir\release\nudge.png.obj
c:\users\lucas\desktop\mundo aberto - game dev\thunderplayer\thunderplayer\thunderplayer\upbge-0.2.5b\build_player\source\blender\editors\datafiles\bf_editor_datafiles.dir\release\twist.png.obj
c:\users\lucas\desktop\mundo aberto - game dev\thunderplayer\thunderplayer\thunderplayer\upbge-0.2.5b\build_player\source\blender\editors\datafiles\bf_editor_datafiles.dir\release\mc14.jpg.obj
c:\users\lucas\desktop\mundo aberto - game dev\thunderplayer\thunderplayer\thunderplayer\upbge-0.2.5b\build_player\release\datafiles\bfont.pfb.c
c:\users\lucas\desktop\mundo aberto - game dev\thunderplayer\thunderplayer\thunderplayer\upbge-0.2.5b\build_player\release\datafiles\bfont.ttf.c
c:\users\lucas\desktop\mundo aberto - game dev\thunderplayer\thunderplayer\thunderplayer\upbge-0.2.5b\build_player\release\datafiles\bmonofont.ttf.c
c:\users\lucas\desktop\mundo aberto - game dev\thunderplayer\thunderplayer\thunderplayer\upbge-0.2.5b\build_player\release\datafiles\preview.blend.c
c:\users\lucas\desktop\mundo aberto - game dev\thunderplayer\thunderplayer\thunderplayer\upbge-0.2.5b\build_player\release\datafiles\preview_cycles.blend.c
c:\users\lucas\desktop\mundo aberto - game dev\thunderplayer\thunderplayer\thunderplayer\upbge-0.2.5b\build_player\release\datafiles\splash.png.c
c:\users\lucas\desktop\mundo aberto - game dev\thunderplayer\thunderplayer\thunderplayer\upbge-0.2.5b\build_player\release\datafiles\splash_2x.png.c
c:\users\lucas\desktop\mundo aberto - game dev\thunderplayer\thunderplayer\thunderplayer\upbge-0.2.5b\build_player\release\datafiles\blender_icons16.png
c:\users\lucas\desktop\mundo aberto - game dev\thunderplayer\thunderplayer\thunderplayer\upbge-0.2.5b\build_player\release\datafiles\blender_icons16.png.c
c:\users\lucas\desktop\mundo aberto - game dev\thunderplayer\thunderplayer\thunderplayer\upbge-0.2.5b\build_player\release\datafiles\blender_icons32.png
c:\users\lucas\desktop\mundo aberto - game dev\thunderplayer\thunderplayer\thunderplayer\upbge-0.2.5b\build_player\release\datafiles\blender_icons32.png.c
c:\users\lucas\desktop\mundo aberto - game dev\thunderplayer\thunderplayer\thunderplayer\upbge-0.2.5b\build_player\release\datafiles\prvicons.png.c
c:\users\lucas\desktop\mundo aberto - game dev\thunderplayer\thunderplayer\thunderplayer\upbge-0.2.5b\build_player\release\datafiles\brushicons\add.png.c
c:\users\lucas\desktop\mundo aberto - game dev\thunderplayer\thunderplayer\thunderplayer\upbge-0.2.5b\build_player\release\datafiles\brushicons\blob.png.c
c:\users\lucas\desktop\mundo aberto - game dev\thunderplayer\thunderplayer\thunderplayer\upbge-0.2.5b\build_player\release\datafiles\brushicons\blur.png.c
c:\users\lucas\desktop\mundo aberto - game dev\thunderplayer\thunderplayer\thunderplayer\upbge-0.2.5b\build_player\release\datafiles\brushicons\clay.png.c
c:\users\lucas\desktop\mundo aberto - game dev\thunderplayer\thunderplayer\thunderplayer\upbge-0.2.5b\build_player\release\datafiles\brushicons\claystrips.png.c
c:\users\lucas\desktop\mundo aberto - game dev\thunderplayer\thunderplayer\thunderplayer\upbge-0.2.5b\build_player\release\datafiles\brushicons\clone.png.c
c:\users\lucas\desktop\mundo aberto - game dev\thunderplayer\thunderplayer\thunderplayer\upbge-0.2.5b\build_player\release\datafiles\brushicons\crease.png.c
c:\users\lucas\desktop\mundo aberto - game dev\thunderplayer\thunderplayer\thunderplayer\upbge-0.2.5b\build_player\release\datafiles\brushicons\darken.png.c
c:\users\lucas\desktop\mundo aberto - game dev\thunderplayer\thunderplayer\thunderplayer\upbge-0.2.5b\build_player\release\datafiles\brushicons\draw.png.c
c:\users\lucas\desktop\mundo aberto - game dev\thunderplayer\thunderplayer\thunderplayer\upbge-0.2.5b\build_player\release\datafiles\brushicons\fill.png.c
c:\users\lucas\desktop\mundo aberto - game dev\thunderplayer\thunderplayer\thunderplayer\upbge-0.2.5b\build_player\release\datafiles\brushicons\flatten.png.c
c:\users\lucas\desktop\mundo aberto - game dev\thunderplayer\thunderplayer\thunderplayer\upbge-0.2.5b\build_player\release\datafiles\brushicons\grab.png.c
c:\users\lucas\desktop\mundo aberto - game dev\thunderplayer\thunderplayer\thunderplayer\upbge-0.2.5b\build_player\release\datafiles\brushicons\inflate.png.c
c:\users\lucas\desktop\mundo aberto - game dev\thunderplayer\thunderplayer\thunderplayer\upbge-0.2.5b\build_player\release\datafiles\brushicons\layer.png.c
c:\users\lucas\desktop\mundo aberto - game dev\thunderplayer\thunderplayer\thunderplayer\upbge-0.2.5b\build_player\release\datafiles\brushicons\lighten.png.c
c:\users\lucas\desktop\mundo aberto - game dev\thunderplayer\thunderplayer\thunderplayer\upbge-0.2.5b\build_player\release\datafiles\brushicons\mask.png.c
c:\users\lucas\desktop\mundo aberto - game dev\thunderplayer\thunderplayer\thunderplayer\upbge-0.2.5b\build_player\release\datafiles\brushicons\mix.png.c
c:\users\lucas\desktop\mundo aberto - game dev\thunderplayer\thunderplayer\thunderplayer\upbge-0.2.5b\build_player\release\datafiles\brushicons\multiply.png.c
c:\users\lucas\desktop\mundo aberto - game dev\thunderplayer\thunderplayer\thunderplayer\upbge-0.2.5b\build_player\release\datafiles\brushicons\nudge.png.c
c:\users\lucas\desktop\mundo aberto - game dev\thunderplayer\thunderplayer\thunderplayer\upbge-0.2.5b\build_player\release\datafiles\brushicons\pinch.png.c
c:\users\lucas\desktop\mundo aberto - game dev\thunderplayer\thunderplayer\thunderplayer\upbge-0.2.5b\build_player\release\datafiles\brushicons\scrape.png.c
c:\users\lucas\desktop\mundo aberto - game dev\thunderplayer\thunderplayer\thunderplayer\upbge-0.2.5b\build_player\release\datafiles\brushicons\smear.png.c
c:\users\lucas\desktop\mundo aberto - game dev\thunderplayer\thunderplayer\thunderplayer\upbge-0.2.5b\build_player\release\datafiles\brushicons\smooth.png.c
c:\users\lucas\desktop\mundo aberto - game dev\thunderplayer\thunderplayer\thunderplayer\upbge-0.2.5b\build_player\release\datafiles\brushicons\snake_hook.png.c
c:\users\lucas\desktop\mundo aberto - game dev\thunderplayer\thunderplayer\thunderplayer\upbge-0.2.5b\build_player\release\datafiles\brushicons\soften.png.c
c:\users\lucas\desktop\mundo aberto - game dev\thunderplayer\thunderplayer\thunderplayer\upbge-0.2.5b\build_player\release\datafiles\brushicons\subtract.png.c
c:\users\lucas\desktop\mundo aberto - game dev\thunderplayer\thunderplayer\thunderplayer\upbge-0.2.5b\build_player\release\datafiles\brushicons\texdraw.png.c
c:\users\lucas\desktop\mundo aberto - game dev\thunderplayer\thunderplayer\thunderplayer\upbge-0.2.5b\build_player\release\datafiles\brushicons\texfill.png.c
c:\users\lucas\desktop\mundo aberto - game dev\thunderplayer\thunderplayer\thunderplayer\upbge-0.2.5b\build_player\release\datafiles\brushicons\texmask.png.c
c:\users\lucas\desktop\mundo aberto - game dev\thunderplayer\thunderplayer\thunderplayer\upbge-0.2.5b\build_player\release\datafiles\brushicons\thumb.png.c
c:\users\lucas\desktop\mundo aberto - game dev\thunderplayer\thunderplayer\thunderplayer\upbge-0.2.5b\build_player\release\datafiles\brushicons\twist.png.c
c:\users\lucas\desktop\mundo aberto - game dev\thunderplayer\thunderplayer\thunderplayer\upbge-0.2.5b\build_player\release\datafiles\brushicons\vertexdraw.png.c
c:\users\lucas\desktop\mundo aberto - game dev\thunderplayer\thunderplayer\thunderplayer\upbge-0.2.5b\build_player\release\datafiles\matcaps\mc01.jpg.c
c:\users\lucas\desktop\mundo aberto - game dev\thunderplayer\thunderplayer\thunderplayer\upbge-0.2.5b\build_player\release\datafiles\matcaps\mc02.jpg.c
c:\users\lucas\desktop\mundo aberto - game dev\thunderplayer\thunderplayer\thunderplayer\upbge-0.2.5b\build_player\release\datafiles\matcaps\mc03.jpg.c
c:\users\lucas\desktop\mundo aberto - game dev\thunderplayer\thunderplayer\thunderplayer\upbge-0.2.5b\build_player\release\datafiles\matcaps\mc04.jpg.c
c:\users\lucas\desktop\mundo aberto - game dev\thunderplayer\thunderplayer\thunderplayer\upbge-0.2.5b\build_player\release\datafiles\matcaps\mc05.jpg.c
c:\users\lucas\desktop\mundo aberto - game dev\thunderplayer\thunderplayer\thunderplayer\upbge-0.2.5b\build_player\release\datafiles\matcaps\mc06.jpg.c
c:\users\lucas\desktop\mundo aberto - game dev\thunderplayer\thunderplayer\thunderplayer\upbge-0.2.5b\build_player\release\datafiles\matcaps\mc07.jpg.c
c:\users\lucas\desktop\mundo aberto - game dev\thunderplayer\thunderplayer\thunderplayer\upbge-0.2.5b\build_player\release\datafiles\matcaps\mc08.jpg.c
c:\users\lucas\desktop\mundo aberto - game dev\thunderplayer\thunderplayer\thunderplayer\upbge-0.2.5b\build_player\release\datafiles\matcaps\mc09.jpg.c
c:\users\lucas\desktop\mundo aberto - game dev\thunderplayer\thunderplayer\thunderplayer\upbge-0.2.5b\build_player\release\datafiles\matcaps\mc10.jpg.c
c:\users\lucas\desktop\mundo aberto - game dev\thunderplayer\thunderplayer\thunderplayer\upbge-0.2.5b\build_player\release\datafiles\matcaps\mc11.jpg.c
c:\users\lucas\desktop\mundo aberto - game dev\thunderplayer\thunderplayer\thunderplayer\upbge-0.2.5b\build_player\release\datafiles\matcaps\mc12.jpg.c
c:\users\lucas\desktop\mundo aberto - game dev\thunderplayer\thunderplayer\thunderplayer\upbge-0.2.5b\build_player\release\datafiles\matcaps\mc13.jpg.c
c:\users\lucas\desktop\mundo aberto - game dev\thunderplayer\thunderplayer\thunderplayer\upbge-0.2.5b\build_player\release\datafiles\matcaps\mc14.jpg.c
c:\users\lucas\desktop\mundo aberto - game dev\thunderplayer\thunderplayer\thunderplayer\upbge-0.2.5b\build_player\release\datafiles\matcaps\mc15.jpg.c
c:\users\lucas\desktop\mundo aberto - game dev\thunderplayer\thunderplayer\thunderplayer\upbge-0.2.5b\build_player\release\datafiles\matcaps\mc16.jpg.c
c:\users\lucas\desktop\mundo aberto - game dev\thunderplayer\thunderplayer\thunderplayer\upbge-0.2.5b\build_player\release\datafiles\matcaps\mc17.jpg.c
c:\users\lucas\desktop\mundo aberto - game dev\thunderplayer\thunderplayer\thunderplayer\upbge-0.2.5b\build_player\release\datafiles\matcaps\mc18.jpg.c
c:\users\lucas\desktop\mundo aberto - game dev\thunderplayer\thunderplayer\thunderplayer\upbge-0.2.5b\build_player\release\datafiles\matcaps\mc19.jpg.c
c:\users\lucas\desktop\mundo aberto - game dev\thunderplayer\thunderplayer\thunderplayer\upbge-0.2.5b\build_player\release\datafiles\matcaps\mc20.jpg.c
c:\users\lucas\desktop\mundo aberto - game dev\thunderplayer\thunderplayer\thunderplayer\upbge-0.2.5b\build_player\release\datafiles\matcaps\mc21.jpg.c
c:\users\lucas\desktop\mundo aberto - game dev\thunderplayer\thunderplayer\thunderplayer\upbge-0.2.5b\build_player\release\datafiles\matcaps\mc22.jpg.c
c:\users\lucas\desktop\mundo aberto - game dev\thunderplayer\thunderplayer\thunderplayer\upbge-0.2.5b\build_player\release\datafiles\matcaps\mc23.jpg.c
c:\users\lucas\desktop\mundo aberto - game dev\thunderplayer\thunderplayer\thunderplayer\upbge-0.2.5b\build_player\release\datafiles\matcaps\mc24.jpg.c
c:\users\lucas\desktop\mundo aberto - game dev\thunderplayer\thunderplayer\thunderplayer\upbge-0.2.5b\build_player\release\datafiles\startup.blend.c
c:\users\lucas\desktop\mundo aberto - game dev\thunderplayer\thunderplayer\thunderplayer\upbge-0.2.5b\build_player\source\blender\editors\datafiles\cmakefiles\generate.stamp
c:\users\lucas\desktop\mundo aberto - game dev\thunderplayer\thunderplayer\thunderplayer\upbge-0.2.5b\build_player\lib\release\bf_editor_datafiles.lib
c:\users\lucas\desktop\mundo aberto - game dev\thunderplayer\thunderplayer\thunderplayer\upbge-0.2.5b\build_player\source\blender\editors\datafiles\bf_editor_datafiles.dir\release\bf_edito.1d5276e3.tlog\cl.10828.write.1.tlog
c:\users\lucas\desktop\mundo aberto - game dev\thunderplayer\thunderplayer\thunderplayer\upbge-0.2.5b\build_player\source\blender\editors\datafiles\bf_editor_datafiles.dir\release\bf_edito.1d5276e3.tlog\cl.command.1.tlog
c:\users\lucas\desktop\mundo aberto - game dev\thunderplayer\thunderplayer\thunderplayer\upbge-0.2.5b\build_player\source\blender\editors\datafiles\bf_editor_datafiles.dir\release\bf_edito.1d5276e3.tlog\cl.read.1.tlog
c:\users\lucas\desktop\mundo aberto - game dev\thunderplayer\thunderplayer\thunderplayer\upbge-0.2.5b\build_player\source\blender\editors\datafiles\bf_editor_datafiles.dir\release\bf_edito.1d5276e3.tlog\custombuild.command.1.tlog
c:\users\lucas\desktop\mundo aberto - game dev\thunderplayer\thunderplayer\thunderplayer\upbge-0.2.5b\build_player\source\blender\editors\datafiles\bf_editor_datafiles.dir\release\bf_edito.1d5276e3.tlog\custombuild.read.1.tlog
c:\users\lucas\desktop\mundo aberto - game dev\thunderplayer\thunderplayer\thunderplayer\upbge-0.2.5b\build_player\source\blender\editors\datafiles\bf_editor_datafiles.dir\release\bf_edito.1d5276e3.tlog\custombuild.write.1.tlog
c:\users\lucas\desktop\mundo aberto - game dev\thunderplayer\thunderplayer\thunderplayer\upbge-0.2.5b\build_player\source\blender\editors\datafiles\bf_editor_datafiles.dir\release\bf_edito.1d5276e3.tlog\lib-link.read.1.tlog
c:\users\lucas\desktop\mundo aberto - game dev\thunderplayer\thunderplayer\thunderplayer\upbge-0.2.5b\build_player\source\blender\editors\datafiles\bf_editor_datafiles.dir\release\bf_edito.1d5276e3.tlog\lib-link.write.1.tlog
c:\users\lucas\desktop\mundo aberto - game dev\thunderplayer\thunderplayer\thunderplayer\upbge-0.2.5b\build_player\source\blender\editors\datafiles\bf_editor_datafiles.dir\release\bf_edito.1d5276e3.tlog\lib.command.1.tlog
