  Building Custom Rule C:/Users/lucas/Desktop/Mundo Aberto - Game Dev/ThunderPLayer/ThunderPLayer/ThunderPLayer/upbge-0.2.5b/source/blender/makesrna/intern/CMakeLists.txt
  makesrna.c
  rna_define.c
  rna_ID.c
  rna_action.c
  rna_actuator.c
  rna_animation.c
C:\Users\lucas\Desktop\Mundo Aberto - Game Dev\ThunderPLayer\ThunderPLayer\ThunderPLayer\upbge-0.2.5b\source\blender\makesrna\intern\rna_define.c(2238,44): warning C4090: '=': qualificadores 'const' diferentes
  rna_animviz.c
  rna_armature.c
  rna_boid.c
  rna_brush.c
  rna_cachefile.c
  rna_camera.c
  rna_cloth.c
  rna_color.c
C:\Users\lucas\Desktop\Mundo Aberto - Game Dev\ThunderPLayer\ThunderPLayer\ThunderPLayer\upbge-0.2.5b\source\blender\makesrna\intern\makesrna.c(3156,44): warning C4090: 'função': qualificadores 'const' diferentes
  rna_constraint.c
  rna_context.c
  rna_controller.c
  rna_curve.c
  rna_depsgraph.c
  rna_dynamicpaint.c
  rna_fcurve.c
  rna_fluidsim.c
  rna_gpencil.c
  rna_group.c
  rna_image.c
  rna_key.c
  rna_lamp.c
  rna_lattice.c
  rna_linestyle.c
  rna_main.c
  rna_mask.c
  rna_material.c
  rna_mesh.c
  rna_meta.c
  rna_modifier.c
  rna_movieclip.c
  rna_nla.c
  rna_nodetree.c
  rna_object.c
  rna_object_force.c
  rna_packedfile.c
  rna_palette.c
  rna_particle.c
  rna_pose.c
  rna_python_component.c
  rna_property.c
  rna_render.c
  rna_rigidbody.c
  rna_rna.c
  rna_scene.c
  rna_screen.c
  rna_sculpt_paint.c
  rna_sensor.c
  rna_sequencer.c
  rna_smoke.c
  rna_sound.c
  rna_space.c
  rna_speaker.c
  rna_test.c
  rna_text.c
  rna_texture.c
  rna_timeline.c
  rna_tracking.c
  rna_ui.c
  rna_userdef.c
  rna_vfont.c
  rna_wm.c
  rna_world.c
  rna_action_api.c
  rna_actuator_api.c
  rna_animation_api.c
  rna_armature_api.c
  rna_camera_api.c
  rna_controller_api.c
  rna_curve_api.c
  rna_fcurve_api.c
  rna_image_api.c
  rna_lattice_api.c
  rna_main_api.c
  rna_material_api.c
  rna_mesh_api.c
  rna_meta_api.c
  rna_object_api.c
  rna_pose_api.c
  rna_scene_api.c
  rna_sensor_api.c
  rna_sequencer_api.c
  rna_sound_api.c
  rna_space_api.c
  rna_text_api.c
  rna_texture_api.c
  rna_ui_api.c
  rna_vfont_api.c
  rna_wm_api.c
  mallocn.c
  mallocn_guarded_impl.c
  mallocn_lockfree_impl.c
  mmap_win.c
  makesrna.vcxproj -> C:\Users\lucas\Desktop\Mundo Aberto - Game Dev\ThunderPLayer\ThunderPLayer\ThunderPLayer\upbge-0.2.5b\build_player\bin\Release\makesrna.exe
