  Building Custom Rule C:/Users/lucas/Desktop/Mundo Aberto - Game Dev/ThunderPLayer/ThunderPLayer/ThunderPLayer/upbge-0.2.5b/source/blender/freestyle/CMakeLists.txt
  AppCanvas.cpp
  AppConfig.cpp
  AppView.cpp
  Controller.cpp
  BlenderFileLoader.cpp
  BlenderStrokeRenderer.cpp
  FRS_freestyle.cpp
  Bezier.cpp
  FastGrid.cpp
  FitCurve.cpp
  GeomCleaner.cpp
  GeomUtils.cpp
  Grid.cpp
  GridHelpers.cpp
  HashGrid.cpp
  Noise.cpp
  matrix_util.cpp
  normal_cycle.cpp
  GaussianFilter.cpp
  ImagePyramid.cpp
  BPy_BBox.cpp
  BPy_BinaryPredicate0D.cpp
  BPy_BinaryPredicate1D.cpp
  BPy_ContextFunctions.cpp
  BPy_Convert.cpp
  BPy_Freestyle.cpp
  BPy_FrsMaterial.cpp
  BPy_FrsNoise.cpp
  BPy_Id.cpp
  BPy_IntegrationType.cpp
  BPy_Interface0D.cpp
  BPy_Interface1D.cpp
  BPy_Iterator.cpp
  BPy_MediumType.cpp
  BPy_Nature.cpp
  BPy_Operators.cpp
  BPy_SShape.cpp
  BPy_StrokeAttribute.cpp
  BPy_StrokeShader.cpp
  BPy_UnaryFunction0D.cpp
  BPy_UnaryFunction1D.cpp
  BPy_UnaryPredicate0D.cpp
  BPy_UnaryPredicate1D.cpp
  BPy_ViewMap.cpp
  BPy_ViewShape.cpp
  BPy_FalseBP1D.cpp
  BPy_Length2DBP1D.cpp
  BPy_SameShapeIdBP1D.cpp
  BPy_TrueBP1D.cpp
  BPy_ViewMapGradientNormBP1D.cpp
  Director.cpp
  BPy_CurvePoint.cpp
  BPy_SVertex.cpp
  BPy_ViewVertex.cpp
  BPy_StrokeVertex.cpp
  BPy_NonTVertex.cpp
  BPy_TVertex.cpp
  BPy_FEdge.cpp
  BPy_FrsCurve.cpp
  BPy_Stroke.cpp
  BPy_ViewEdge.cpp
  BPy_Chain.cpp
  BPy_FEdgeSharp.cpp
  BPy_FEdgeSmooth.cpp
  BPy_AdjacencyIterator.cpp
  BPy_ChainPredicateIterator.cpp
  BPy_ChainSilhouetteIterator.cpp
  BPy_ChainingIterator.cpp
  BPy_CurvePointIterator.cpp
  BPy_Interface0DIterator.cpp
  BPy_SVertexIterator.cpp
  BPy_StrokeVertexIterator.cpp
  BPy_ViewEdgeIterator.cpp
  BPy_orientedViewEdgeIterator.cpp
  BPy_BackboneStretcherShader.cpp
  BPy_BezierCurveShader.cpp
  BPy_BlenderTextureShader.cpp
  BPy_CalligraphicShader.cpp
  BPy_ColorNoiseShader.cpp
  BPy_ConstantColorShader.cpp
  BPy_ConstantThicknessShader.cpp
  BPy_ConstrainedIncreasingThicknessShader.cpp
  BPy_GuidingLinesShader.cpp
  BPy_IncreasingColorShader.cpp
  BPy_IncreasingThicknessShader.cpp
  BPy_PolygonalizationShader.cpp
  BPy_SamplingShader.cpp
  BPy_SmoothingShader.cpp
  BPy_SpatialNoiseShader.cpp
  BPy_StrokeTextureStepShader.cpp
  BPy_ThicknessNoiseShader.cpp
  BPy_TipRemoverShader.cpp
  BPy_UnaryFunction0DDouble.cpp
  BPy_UnaryFunction0DEdgeNature.cpp
  BPy_UnaryFunction0DFloat.cpp
  BPy_UnaryFunction0DId.cpp
  BPy_UnaryFunction0DMaterial.cpp
  BPy_UnaryFunction0DUnsigned.cpp
  BPy_UnaryFunction0DVec2f.cpp
  BPy_UnaryFunction0DVec3f.cpp
  BPy_UnaryFunction0DVectorViewShape.cpp
  BPy_UnaryFunction0DViewShape.cpp
  BPy_ShapeIdF0D.cpp
  BPy_MaterialF0D.cpp
  BPy_CurveNatureF0D.cpp
  BPy_Normal2DF0D.cpp
  BPy_VertexOrientation2DF0D.cpp
  BPy_VertexOrientation3DF0D.cpp
  BPy_GetOccludeeF0D.cpp
  BPy_GetShapeF0D.cpp
  BPy_Curvature2DAngleF0D.cpp
  BPy_DensityF0D.cpp
  BPy_GetProjectedXF0D.cpp
  BPy_GetProjectedYF0D.cpp
  BPy_GetProjectedZF0D.cpp
  BPy_GetXF0D.cpp
  BPy_GetYF0D.cpp
  BPy_GetZF0D.cpp
  BPy_LocalAverageDepthF0D.cpp
  BPy_ZDiscontinuityF0D.cpp
  BPy_GetCurvilinearAbscissaF0D.cpp
  BPy_GetParameterF0D.cpp
  BPy_GetViewMapGradientNormF0D.cpp
  BPy_ReadCompleteViewMapPixelF0D.cpp
  BPy_ReadMapPixelF0D.cpp
  BPy_ReadSteerableViewMapPixelF0D.cpp
  BPy_QuantitativeInvisibilityF0D.cpp
  BPy_GetOccludersF0D.cpp
  BPy_UnaryFunction1DDouble.cpp
  BPy_UnaryFunction1DEdgeNature.cpp
  BPy_UnaryFunction1DFloat.cpp
  BPy_UnaryFunction1DUnsigned.cpp
  BPy_UnaryFunction1DVec2f.cpp
  BPy_UnaryFunction1DVec3f.cpp
  BPy_UnaryFunction1DVectorViewShape.cpp
  BPy_UnaryFunction1DVoid.cpp
  BPy_CurveNatureF1D.cpp
  BPy_Normal2DF1D.cpp
  BPy_Orientation2DF1D.cpp
  BPy_Orientation3DF1D.cpp
  BPy_Curvature2DAngleF1D.cpp
  BPy_DensityF1D.cpp
  BPy_GetCompleteViewMapDensityF1D.cpp
  BPy_GetDirectionalViewMapDensityF1D.cpp
  BPy_GetProjectedXF1D.cpp
  BPy_GetProjectedYF1D.cpp
  BPy_GetProjectedZF1D.cpp
  BPy_GetSteerableViewMapDensityF1D.cpp
  BPy_GetViewMapGradientNormF1D.cpp
  BPy_GetXF1D.cpp
  BPy_GetYF1D.cpp
  BPy_GetZF1D.cpp
  BPy_LocalAverageDepthF1D.cpp
  BPy_ZDiscontinuityF1D.cpp
  BPy_QuantitativeInvisibilityF1D.cpp
  BPy_GetOccludeeF1D.cpp
  BPy_GetOccludersF1D.cpp
  BPy_GetShapeF1D.cpp
  BPy_ChainingTimeStampF1D.cpp
  BPy_IncrementChainingTimeStampF1D.cpp
  BPy_TimeStampF1D.cpp
  BPy_FalseUP0D.cpp
  BPy_TrueUP0D.cpp
  BPy_ContourUP1D.cpp
  BPy_DensityLowerThanUP1D.cpp
  BPy_EqualToChainingTimeStampUP1D.cpp
  BPy_EqualToTimeStampUP1D.cpp
  BPy_ExternalContourUP1D.cpp
  BPy_FalseUP1D.cpp
  BPy_QuantitativeInvisibilityUP1D.cpp
  BPy_ShapeUP1D.cpp
  BPy_TrueUP1D.cpp
  BPy_WithinImageBoundaryUP1D.cpp
  IndexedFaceSet.cpp
  LineRep.cpp
  NodeCamera.cpp
  NodeDrawingStyle.cpp
  NodeGroup.cpp
  NodeLight.cpp
  NodeSceneRenderLayer.cpp
  NodeShape.cpp
  NodeTransform.cpp
  OrientedLineRep.cpp
  Rep.cpp
  SceneHash.cpp
  ScenePrettyPrinter.cpp
  SceneVisitor.cpp
  TriangleRep.cpp
  VertexRep.cpp
  AdvancedFunctions0D.cpp
  AdvancedFunctions1D.cpp
  AdvancedStrokeShaders.cpp
  BasicStrokeShaders.cpp
  Canvas.cpp
  Chain.cpp
  ChainingIterators.cpp
  ContextFunctions.cpp
  Curve.cpp
  Operators.cpp
  PSStrokeRenderer.cpp
  Predicates0D.cpp
  Predicates1D.cpp
  Stroke.cpp
  StrokeIO.cpp
  StrokeLayer.cpp
  StrokeRenderer.cpp
  StrokeRep.cpp
  StrokeShader.cpp
  StrokeTesselator.cpp
  TextStrokeRenderer.cpp
  BaseObject.cpp
  Exception.cpp
  Iterator.cpp
  PseudoNoise.cpp
  PythonInterpreter.cpp
  RandGen.cpp
  StringUtils.cpp
  TimeStamp.cpp
  ArbitraryGridDensityProvider.cpp
  AverageAreaGridDensityProvider.cpp
  BoxGrid.cpp
  CulledOccluderSource.cpp
  FEdgeXDetector.cpp
  Functions0D.cpp
  Functions1D.cpp
  HeuristicGridDensityProviderFactory.cpp
  Interface0D.cpp
  Interface1D.cpp
  OccluderSource.cpp
  Pow23GridDensityProvider.cpp
  Silhouette.cpp
  SilhouetteGeomEngine.cpp
  SphericalGrid.cpp
  SteerableViewMap.cpp
  ViewEdgeXBuilder.cpp
  ViewMap.cpp
  ViewMapBuilder.cpp
  ViewMapIO.cpp
  ViewMapTesselator.cpp
  Curvature.cpp
  WEdge.cpp
  WFillGrid.cpp
  WSFillGrid.cpp
  WXEdge.cpp
  WXEdgeBuilder.cpp
  WingedEdgeBuilder.cpp
  bf_freestyle.vcxproj -> C:\Users\lucas\Desktop\Mundo Aberto - Game Dev\ThunderPLayer\ThunderPLayer\ThunderPLayer\upbge-0.2.5b\build_player\lib\Release\bf_freestyle.lib
