c:\users\lucas\desktop\mundo aberto - game dev\thunderplayer\thunderplayer\thunderplayer\upbge-0.2.5b\build_player\source\gameengine\expressions\ge_logic_expressions.dir\release\floatvalue.obj
c:\users\lucas\desktop\mundo aberto - game dev\thunderplayer\thunderplayer\thunderplayer\upbge-0.2.5b\build_player\source\gameengine\expressions\ge_logic_expressions.dir\release\baselistvalue.obj
c:\users\lucas\desktop\mundo aberto - game dev\thunderplayer\thunderplayer\thunderplayer\upbge-0.2.5b\build_player\source\gameengine\expressions\ge_logic_expressions.dir\release\constexpr.obj
c:\users\lucas\desktop\mundo aberto - game dev\thunderplayer\thunderplayer\thunderplayer\upbge-0.2.5b\build_player\source\gameengine\expressions\ge_logic_expressions.dir\release\stringvalue.obj
c:\users\lucas\desktop\mundo aberto - game dev\thunderplayer\thunderplayer\thunderplayer\upbge-0.2.5b\build_player\source\gameengine\expressions\ge_logic_expressions.dir\release\operator2expr.obj
c:\users\lucas\desktop\mundo aberto - game dev\thunderplayer\thunderplayer\thunderplayer\upbge-0.2.5b\build_player\source\gameengine\expressions\ge_logic_expressions.dir\release\intvalue.obj
c:\users\lucas\desktop\mundo aberto - game dev\thunderplayer\thunderplayer\thunderplayer\upbge-0.2.5b\build_player\source\gameengine\expressions\ge_logic_expressions.dir\release\boolvalue.obj
c:\users\lucas\desktop\mundo aberto - game dev\thunderplayer\thunderplayer\thunderplayer\upbge-0.2.5b\build_player\source\gameengine\expressions\ge_logic_expressions.dir\release\value.obj
c:\users\lucas\desktop\mundo aberto - game dev\thunderplayer\thunderplayer\thunderplayer\upbge-0.2.5b\build_player\source\gameengine\expressions\ge_logic_expressions.dir\release\expression.obj
c:\users\lucas\desktop\mundo aberto - game dev\thunderplayer\thunderplayer\thunderplayer\upbge-0.2.5b\build_player\source\gameengine\expressions\ge_logic_expressions.dir\release\pyobjectplus.obj
c:\users\lucas\desktop\mundo aberto - game dev\thunderplayer\thunderplayer\thunderplayer\upbge-0.2.5b\build_player\source\gameengine\expressions\ge_logic_expressions.dir\release\baselistwrapper.obj
c:\users\lucas\desktop\mundo aberto - game dev\thunderplayer\thunderplayer\thunderplayer\upbge-0.2.5b\build_player\source\gameengine\expressions\ge_logic_expressions.dir\release\pythoncallback.obj
c:\users\lucas\desktop\mundo aberto - game dev\thunderplayer\thunderplayer\thunderplayer\upbge-0.2.5b\build_player\source\gameengine\expressions\ge_logic_expressions.dir\release\identifierexpr.obj
c:\users\lucas\desktop\mundo aberto - game dev\thunderplayer\thunderplayer\thunderplayer\upbge-0.2.5b\build_player\source\gameengine\expressions\ge_logic_expressions.dir\release\operator1expr.obj
c:\users\lucas\desktop\mundo aberto - game dev\thunderplayer\thunderplayer\thunderplayer\upbge-0.2.5b\build_player\source\gameengine\expressions\ge_logic_expressions.dir\release\emptyvalue.obj
c:\users\lucas\desktop\mundo aberto - game dev\thunderplayer\thunderplayer\thunderplayer\upbge-0.2.5b\build_player\source\gameengine\expressions\ge_logic_expressions.dir\release\inputparser.obj
c:\users\lucas\desktop\mundo aberto - game dev\thunderplayer\thunderplayer\thunderplayer\upbge-0.2.5b\build_player\source\gameengine\expressions\ge_logic_expressions.dir\release\ifexpr.obj
c:\users\lucas\desktop\mundo aberto - game dev\thunderplayer\thunderplayer\thunderplayer\upbge-0.2.5b\build_player\source\gameengine\expressions\ge_logic_expressions.dir\release\errorvalue.obj
c:\users\lucas\desktop\mundo aberto - game dev\thunderplayer\thunderplayer\thunderplayer\upbge-0.2.5b\build_player\source\gameengine\expressions\cmakefiles\generate.stamp
c:\users\lucas\desktop\mundo aberto - game dev\thunderplayer\thunderplayer\thunderplayer\upbge-0.2.5b\build_player\lib\release\ge_logic_expressions.lib
c:\users\lucas\desktop\mundo aberto - game dev\thunderplayer\thunderplayer\thunderplayer\upbge-0.2.5b\build_player\source\gameengine\expressions\ge_logic_expressions.dir\release\ge_logic.19ea27e7.tlog\cl.16832.write.1.tlog
c:\users\lucas\desktop\mundo aberto - game dev\thunderplayer\thunderplayer\thunderplayer\upbge-0.2.5b\build_player\source\gameengine\expressions\ge_logic_expressions.dir\release\ge_logic.19ea27e7.tlog\cl.command.1.tlog
c:\users\lucas\desktop\mundo aberto - game dev\thunderplayer\thunderplayer\thunderplayer\upbge-0.2.5b\build_player\source\gameengine\expressions\ge_logic_expressions.dir\release\ge_logic.19ea27e7.tlog\cl.read.1.tlog
c:\users\lucas\desktop\mundo aberto - game dev\thunderplayer\thunderplayer\thunderplayer\upbge-0.2.5b\build_player\source\gameengine\expressions\ge_logic_expressions.dir\release\ge_logic.19ea27e7.tlog\custombuild.command.1.tlog
c:\users\lucas\desktop\mundo aberto - game dev\thunderplayer\thunderplayer\thunderplayer\upbge-0.2.5b\build_player\source\gameengine\expressions\ge_logic_expressions.dir\release\ge_logic.19ea27e7.tlog\custombuild.read.1.tlog
c:\users\lucas\desktop\mundo aberto - game dev\thunderplayer\thunderplayer\thunderplayer\upbge-0.2.5b\build_player\source\gameengine\expressions\ge_logic_expressions.dir\release\ge_logic.19ea27e7.tlog\custombuild.write.1.tlog
c:\users\lucas\desktop\mundo aberto - game dev\thunderplayer\thunderplayer\thunderplayer\upbge-0.2.5b\build_player\source\gameengine\expressions\ge_logic_expressions.dir\release\ge_logic.19ea27e7.tlog\lib-link.read.1.tlog
c:\users\lucas\desktop\mundo aberto - game dev\thunderplayer\thunderplayer\thunderplayer\upbge-0.2.5b\build_player\source\gameengine\expressions\ge_logic_expressions.dir\release\ge_logic.19ea27e7.tlog\lib-link.write.1.tlog
c:\users\lucas\desktop\mundo aberto - game dev\thunderplayer\thunderplayer\thunderplayer\upbge-0.2.5b\build_player\source\gameengine\expressions\ge_logic_expressions.dir\release\ge_logic.19ea27e7.tlog\lib.command.1.tlog
