c:\users\lucas\desktop\mundo aberto - game dev\thunderplayer\thunderplayer\thunderplayer\upbge-0.2.5b\build_player\intern\elbeem\bf_intern_elbeem.dir\release\ntl_world.obj
c:\users\lucas\desktop\mundo aberto - game dev\thunderplayer\thunderplayer\thunderplayer\upbge-0.2.5b\build_player\intern\elbeem\bf_intern_elbeem.dir\release\particletracer.obj
c:\users\lucas\desktop\mundo aberto - game dev\thunderplayer\thunderplayer\thunderplayer\upbge-0.2.5b\build_player\intern\elbeem\bf_intern_elbeem.dir\release\attributes.obj
c:\users\lucas\desktop\mundo aberto - game dev\thunderplayer\thunderplayer\thunderplayer\upbge-0.2.5b\build_player\intern\elbeem\bf_intern_elbeem.dir\release\solver_adap.obj
c:\users\lucas\desktop\mundo aberto - game dev\thunderplayer\thunderplayer\thunderplayer\upbge-0.2.5b\build_player\intern\elbeem\bf_intern_elbeem.dir\release\isosurface.obj
c:\users\lucas\desktop\mundo aberto - game dev\thunderplayer\thunderplayer\thunderplayer\upbge-0.2.5b\build_player\intern\elbeem\bf_intern_elbeem.dir\release\elbeem_control.obj
c:\users\lucas\desktop\mundo aberto - game dev\thunderplayer\thunderplayer\thunderplayer\upbge-0.2.5b\build_player\intern\elbeem\bf_intern_elbeem.dir\release\simulation_object.obj
c:\users\lucas\desktop\mundo aberto - game dev\thunderplayer\thunderplayer\thunderplayer\upbge-0.2.5b\build_player\intern\elbeem\bf_intern_elbeem.dir\release\ntl_blenderdumper.obj
c:\users\lucas\desktop\mundo aberto - game dev\thunderplayer\thunderplayer\thunderplayer\upbge-0.2.5b\build_player\intern\elbeem\bf_intern_elbeem.dir\release\ntl_geometryobject.obj
c:\users\lucas\desktop\mundo aberto - game dev\thunderplayer\thunderplayer\thunderplayer\upbge-0.2.5b\build_player\intern\elbeem\bf_intern_elbeem.dir\release\elbeem.obj
c:\users\lucas\desktop\mundo aberto - game dev\thunderplayer\thunderplayer\thunderplayer\upbge-0.2.5b\build_player\intern\elbeem\bf_intern_elbeem.dir\release\solver_control.obj
c:\users\lucas\desktop\mundo aberto - game dev\thunderplayer\thunderplayer\thunderplayer\upbge-0.2.5b\build_player\intern\elbeem\bf_intern_elbeem.dir\release\controlparticles.obj
c:\users\lucas\desktop\mundo aberto - game dev\thunderplayer\thunderplayer\thunderplayer\upbge-0.2.5b\build_player\intern\elbeem\bf_intern_elbeem.dir\release\solver_util.obj
c:\users\lucas\desktop\mundo aberto - game dev\thunderplayer\thunderplayer\thunderplayer\upbge-0.2.5b\build_player\intern\elbeem\bf_intern_elbeem.dir\release\mvmcoords.obj
c:\users\lucas\desktop\mundo aberto - game dev\thunderplayer\thunderplayer\thunderplayer\upbge-0.2.5b\build_player\intern\elbeem\bf_intern_elbeem.dir\release\solver_init.obj
c:\users\lucas\desktop\mundo aberto - game dev\thunderplayer\thunderplayer\thunderplayer\upbge-0.2.5b\build_player\intern\elbeem\bf_intern_elbeem.dir\release\ntl_ray.obj
c:\users\lucas\desktop\mundo aberto - game dev\thunderplayer\thunderplayer\thunderplayer\upbge-0.2.5b\build_player\intern\elbeem\bf_intern_elbeem.dir\release\ntl_bsptree.obj
c:\users\lucas\desktop\mundo aberto - game dev\thunderplayer\thunderplayer\thunderplayer\upbge-0.2.5b\build_player\intern\elbeem\bf_intern_elbeem.dir\release\ntl_geometrymodel.obj
c:\users\lucas\desktop\mundo aberto - game dev\thunderplayer\thunderplayer\thunderplayer\upbge-0.2.5b\build_player\intern\elbeem\bf_intern_elbeem.dir\release\solver_main.obj
c:\users\lucas\desktop\mundo aberto - game dev\thunderplayer\thunderplayer\thunderplayer\upbge-0.2.5b\build_player\intern\elbeem\bf_intern_elbeem.dir\release\ntl_lighting.obj
c:\users\lucas\desktop\mundo aberto - game dev\thunderplayer\thunderplayer\thunderplayer\upbge-0.2.5b\build_player\intern\elbeem\bf_intern_elbeem.dir\release\solver_interface.obj
c:\users\lucas\desktop\mundo aberto - game dev\thunderplayer\thunderplayer\thunderplayer\upbge-0.2.5b\build_player\intern\elbeem\bf_intern_elbeem.dir\release\parametrizer.obj
c:\users\lucas\desktop\mundo aberto - game dev\thunderplayer\thunderplayer\thunderplayer\upbge-0.2.5b\build_player\intern\elbeem\bf_intern_elbeem.dir\release\utilities.obj
c:\users\lucas\desktop\mundo aberto - game dev\thunderplayer\thunderplayer\thunderplayer\upbge-0.2.5b\build_player\intern\elbeem\cmakefiles\generate.stamp
c:\users\lucas\desktop\mundo aberto - game dev\thunderplayer\thunderplayer\thunderplayer\upbge-0.2.5b\build_player\lib\release\bf_intern_elbeem.lib
c:\users\lucas\desktop\mundo aberto - game dev\thunderplayer\thunderplayer\thunderplayer\upbge-0.2.5b\build_player\intern\elbeem\bf_intern_elbeem.dir\release\bf_intern_elbeem.tlog\cl.1104.write.1.tlog
c:\users\lucas\desktop\mundo aberto - game dev\thunderplayer\thunderplayer\thunderplayer\upbge-0.2.5b\build_player\intern\elbeem\bf_intern_elbeem.dir\release\bf_intern_elbeem.tlog\cl.command.1.tlog
c:\users\lucas\desktop\mundo aberto - game dev\thunderplayer\thunderplayer\thunderplayer\upbge-0.2.5b\build_player\intern\elbeem\bf_intern_elbeem.dir\release\bf_intern_elbeem.tlog\cl.read.1.tlog
c:\users\lucas\desktop\mundo aberto - game dev\thunderplayer\thunderplayer\thunderplayer\upbge-0.2.5b\build_player\intern\elbeem\bf_intern_elbeem.dir\release\bf_intern_elbeem.tlog\custombuild.command.1.tlog
c:\users\lucas\desktop\mundo aberto - game dev\thunderplayer\thunderplayer\thunderplayer\upbge-0.2.5b\build_player\intern\elbeem\bf_intern_elbeem.dir\release\bf_intern_elbeem.tlog\custombuild.read.1.tlog
c:\users\lucas\desktop\mundo aberto - game dev\thunderplayer\thunderplayer\thunderplayer\upbge-0.2.5b\build_player\intern\elbeem\bf_intern_elbeem.dir\release\bf_intern_elbeem.tlog\custombuild.write.1.tlog
c:\users\lucas\desktop\mundo aberto - game dev\thunderplayer\thunderplayer\thunderplayer\upbge-0.2.5b\build_player\intern\elbeem\bf_intern_elbeem.dir\release\bf_intern_elbeem.tlog\lib-link.read.1.tlog
c:\users\lucas\desktop\mundo aberto - game dev\thunderplayer\thunderplayer\thunderplayer\upbge-0.2.5b\build_player\intern\elbeem\bf_intern_elbeem.dir\release\bf_intern_elbeem.tlog\lib-link.write.1.tlog
c:\users\lucas\desktop\mundo aberto - game dev\thunderplayer\thunderplayer\thunderplayer\upbge-0.2.5b\build_player\intern\elbeem\bf_intern_elbeem.dir\release\bf_intern_elbeem.tlog\lib.command.1.tlog
